# Logfile created on 2026-02-24 09:17:52 +0100 by logger.rb/v1.5.3
2026-02-24 09:17:52 +0100: Memory Usage (437944K) : Starting running IHP-SG13G2 KLayout DRC runset on /foss/designs/clock_final_2.gds
2026-02-24 09:17:52 +0100: Memory Usage (437944K) : Ruby Version for klayout: 3.2.3
2026-02-24 09:17:52 +0100: Memory Usage (439424K) : Loading database to memory is complete.
2026-02-24 09:17:52 +0100: Memory Usage (439424K) : IHP-SG13G2 KLayout DRC runset output at: /foss/designs/drc_run_clock_final/clock_final_2_clock_final_main.lyrdb
2026-02-24 09:17:52 +0100: Memory Usage (439424K) : Evaluate switches.
2026-02-24 09:17:52 +0100: Memory Usage (439424K) : tables selected: main
2026-02-24 09:17:52 +0100: Memory Usage (439424K) : KLayout will use 1 thread(s) in tiled mode.
2026-02-24 09:17:52 +0100: Memory Usage (439424K) : deep mode is enabled.
2026-02-24 09:17:52 +0100: Memory Usage (439424K) : FEOL enabled: true
2026-02-24 09:17:52 +0100: Memory Usage (439424K) : BEOL enabled: true
2026-02-24 09:17:52 +0100: Memory Usage (439424K) : OFFGRID enabled: true
2026-02-24 09:17:52 +0100: Memory Usage (439424K) : PIN enabled: true
2026-02-24 09:17:52 +0100: Memory Usage (439424K) : FORBIDDEN enabled: true
2026-02-24 09:17:52 +0100: Memory Usage (439424K) : RECOMMENDED enabled: true
2026-02-24 09:17:52 +0100: Memory Usage (439424K) : PreCheck DRC enabled: false
2026-02-24 09:17:52 +0100: Memory Usage (439424K) : CONNECTIVITY_RULES enabled: true.
2026-02-24 09:17:52 +0100: Memory Usage (439424K) : Read in polygons from layers.
2026-02-24 09:17:52 +0100: Memory Usage (440960K) : activ_drw has 166 polygons
2026-02-24 09:17:52 +0100: Memory Usage (440960K) : activ_pin has 0 polygons
2026-02-24 09:17:52 +0100: Memory Usage (440960K) : activ_mask has 0 polygons
2026-02-24 09:17:52 +0100: Memory Usage (440960K) : activ_filler has 0 polygons
2026-02-24 09:17:52 +0100: Memory Usage (440960K) : activ_nofill has 0 polygons
2026-02-24 09:17:52 +0100: Memory Usage (440960K) : activ_opc has 0 polygons
2026-02-24 09:17:52 +0100: Memory Usage (440960K) : activ_iopc has 0 polygons
2026-02-24 09:17:52 +0100: Memory Usage (440960K) : activ_noqrc has 0 polygons
2026-02-24 09:17:52 +0100: Memory Usage (440960K) : biwind_drw has 0 polygons
2026-02-24 09:17:52 +0100: Memory Usage (440960K) : biwind_opc has 0 polygons
2026-02-24 09:17:52 +0100: Memory Usage (440960K) : pemwind_drw has 0 polygons
2026-02-24 09:17:52 +0100: Memory Usage (440960K) : gatpoly_drw has 61 polygons
2026-02-24 09:17:52 +0100: Memory Usage (440960K) : gatpoly_pin has 9 polygons
2026-02-24 09:17:52 +0100: Memory Usage (440960K) : gatpoly_filler has 0 polygons
2026-02-24 09:17:52 +0100: Memory Usage (440960K) : gatpoly_nofill has 0 polygons
2026-02-24 09:17:52 +0100: Memory Usage (440960K) : gatpoly_opc has 0 polygons
2026-02-24 09:17:52 +0100: Memory Usage (440960K) : gatpoly_iopc has 0 polygons
2026-02-24 09:17:52 +0100: Memory Usage (440960K) : gatpoly_noqrc has 0 polygons
2026-02-24 09:17:52 +0100: Memory Usage (440960K) : cont_drw has 1642 polygons
2026-02-24 09:17:52 +0100: Memory Usage (440960K) : cont_opc has 0 polygons
2026-02-24 09:17:52 +0100: Memory Usage (440960K) : nsd_drw has 0 polygons
2026-02-24 09:17:52 +0100: Memory Usage (440960K) : nsd_block has 0 polygons
2026-02-24 09:17:52 +0100: Memory Usage (441088K) : metal1_drw has 190 polygons
2026-02-24 09:17:52 +0100: Memory Usage (441088K) : metal1_pin has 20 polygons
2026-02-24 09:17:52 +0100: Memory Usage (441088K) : metal1_mask has 0 polygons
2026-02-24 09:17:52 +0100: Memory Usage (441088K) : metal1_filler has 0 polygons
2026-02-24 09:17:52 +0100: Memory Usage (441344K) : metal1_nofill has 0 polygons
2026-02-24 09:17:52 +0100: Memory Usage (441344K) : metal1_slit has 0 polygons
2026-02-24 09:17:52 +0100: Memory Usage (441472K) : metal1_text has 0 polygons
2026-02-24 09:17:52 +0100: Memory Usage (441472K) : metal1_opc has 0 polygons
2026-02-24 09:17:52 +0100: Memory Usage (441472K) : metal1_noqrc has 0 polygons
2026-02-24 09:17:52 +0100: Memory Usage (441600K) : metal1_res has 0 polygons
2026-02-24 09:17:52 +0100: Memory Usage (441600K) : metal1_iprobe has 0 polygons
2026-02-24 09:17:52 +0100: Memory Usage (441600K) : metal1_diffprb has 0 polygons
2026-02-24 09:17:52 +0100: Memory Usage (441728K) : passiv_drw has 0 polygons
2026-02-24 09:17:52 +0100: Memory Usage (441728K) : passiv_pin has 0 polygons
2026-02-24 09:17:52 +0100: Memory Usage (441856K) : passiv_sbump has 0 polygons
2026-02-24 09:17:52 +0100: Memory Usage (441856K) : passiv_pillar has 0 polygons
2026-02-24 09:17:52 +0100: Memory Usage (441984K) : passiv_pdl has 0 polygons
2026-02-24 09:17:52 +0100: Memory Usage (441984K) : metal2_drw has 90 polygons
2026-02-24 09:17:52 +0100: Memory Usage (442112K) : metal2_pin has 3 polygons
2026-02-24 09:17:52 +0100: Memory Usage (442112K) : metal2_mask has 0 polygons
2026-02-24 09:17:52 +0100: Memory Usage (442112K) : metal2_filler has 0 polygons
2026-02-24 09:17:52 +0100: Memory Usage (442240K) : metal2_nofill has 0 polygons
2026-02-24 09:17:52 +0100: Memory Usage (442240K) : metal2_slit has 0 polygons
2026-02-24 09:17:52 +0100: Memory Usage (442368K) : metal2_text has 0 polygons
2026-02-24 09:17:52 +0100: Memory Usage (442496K) : metal2_opc has 0 polygons
2026-02-24 09:17:52 +0100: Memory Usage (442496K) : metal2_noqrc has 0 polygons
2026-02-24 09:17:52 +0100: Memory Usage (442496K) : metal2_res has 0 polygons
2026-02-24 09:17:52 +0100: Memory Usage (442624K) : metal2_iprobe has 0 polygons
2026-02-24 09:17:52 +0100: Memory Usage (442624K) : metal2_diffprb has 0 polygons
2026-02-24 09:17:52 +0100: Memory Usage (442752K) : baspoly_drw has 0 polygons
2026-02-24 09:17:52 +0100: Memory Usage (442752K) : baspoly_pin has 0 polygons
2026-02-24 09:17:52 +0100: Memory Usage (442880K) : psd_drw has 62 polygons
2026-02-24 09:17:52 +0100: Memory Usage (442880K) : nldb_drw has 0 polygons
2026-02-24 09:17:52 +0100: Memory Usage (442880K) : digibnd_drw has 0 polygons
2026-02-24 09:17:52 +0100: Memory Usage (443008K) : via1_drw has 43 polygons
2026-02-24 09:17:52 +0100: Memory Usage (443008K) : backmetal1_drw has 0 polygons
2026-02-24 09:17:52 +0100: Memory Usage (443136K) : backmetal1_pin has 0 polygons
2026-02-24 09:17:52 +0100: Memory Usage (443136K) : backmetal1_mask has 0 polygons
2026-02-24 09:17:52 +0100: Memory Usage (443264K) : backmetal1_filler has 0 polygons
2026-02-24 09:17:52 +0100: Memory Usage (443264K) : backmetal1_nofill has 0 polygons
2026-02-24 09:17:52 +0100: Memory Usage (443392K) : backmetal1_slit has 0 polygons
2026-02-24 09:17:52 +0100: Memory Usage (443392K) : backmetal1_text has 0 polygons
2026-02-24 09:17:52 +0100: Memory Usage (443392K) : backmetal1_opc has 0 polygons
2026-02-24 09:17:52 +0100: Memory Usage (443520K) : backmetal1_noqrc has 0 polygons
2026-02-24 09:17:52 +0100: Memory Usage (443520K) : backmetal1_res has 0 polygons
2026-02-24 09:17:52 +0100: Memory Usage (443648K) : backmetal1_iprobe has 0 polygons
2026-02-24 09:17:52 +0100: Memory Usage (443648K) : backmetal1_diffprb has 0 polygons
2026-02-24 09:17:52 +0100: Memory Usage (443776K) : backpassiv_drw has 0 polygons
2026-02-24 09:17:52 +0100: Memory Usage (443776K) : res_drw has 0 polygons
2026-02-24 09:17:52 +0100: Memory Usage (443776K) : sram_drw has 0 polygons
2026-02-24 09:17:52 +0100: Memory Usage (443904K) : trans_drw has 0 polygons
2026-02-24 09:17:52 +0100: Memory Usage (444032K) : ind_drw has 0 polygons
2026-02-24 09:17:52 +0100: Memory Usage (444032K) : ind_pin has 0 polygons
2026-02-24 09:17:52 +0100: Memory Usage (444160K) : ind_text has 0 polygons
2026-02-24 09:17:52 +0100: Memory Usage (444160K) : salblock_drw has 0 polygons
2026-02-24 09:17:52 +0100: Memory Usage (444160K) : via2_drw has 0 polygons
2026-02-24 09:17:52 +0100: Memory Usage (444288K) : metal3_drw has 0 polygons
2026-02-24 09:17:52 +0100: Memory Usage (444416K) : metal3_pin has 0 polygons
2026-02-24 09:17:52 +0100: Memory Usage (444416K) : metal3_mask has 0 polygons
2026-02-24 09:17:52 +0100: Memory Usage (444544K) : metal3_filler has 0 polygons
2026-02-24 09:17:52 +0100: Memory Usage (444544K) : metal3_nofill has 0 polygons
2026-02-24 09:17:52 +0100: Memory Usage (444672K) : metal3_slit has 0 polygons
2026-02-24 09:17:52 +0100: Memory Usage (444672K) : metal3_text has 0 polygons
2026-02-24 09:17:52 +0100: Memory Usage (444800K) : metal3_opc has 0 polygons
2026-02-24 09:17:52 +0100: Memory Usage (444800K) : metal3_noqrc has 0 polygons
2026-02-24 09:17:52 +0100: Memory Usage (444928K) : metal3_res has 0 polygons
2026-02-24 09:17:52 +0100: Memory Usage (444928K) : metal3_iprobe has 0 polygons
2026-02-24 09:17:52 +0100: Memory Usage (445056K) : metal3_diffprb has 0 polygons
2026-02-24 09:17:52 +0100: Memory Usage (445056K) : nwell_drw has 17 polygons
2026-02-24 09:17:52 +0100: Memory Usage (445056K) : nwell_pin has 0 polygons
2026-02-24 09:17:52 +0100: Memory Usage (445184K) : nbulay_drw has 32 polygons
2026-02-24 09:17:52 +0100: Memory Usage (445184K) : nbulay_pin has 0 polygons
2026-02-24 09:17:52 +0100: Memory Usage (445312K) : nbulay_block has 0 polygons
2026-02-24 09:17:52 +0100: Memory Usage (445440K) : emwind_drw has 0 polygons
2026-02-24 09:17:52 +0100: Memory Usage (445440K) : emwind_opc has 0 polygons
2026-02-24 09:17:52 +0100: Memory Usage (445440K) : deepco_drw has 0 polygons
2026-02-24 09:17:52 +0100: Memory Usage (445568K) : deepco_drw has 0 polygons
2026-02-24 09:17:52 +0100: Memory Usage (445696K) : mim_drw has 0 polygons
2026-02-24 09:17:52 +0100: Memory Usage (445696K) : edgeseal_drw has 0 polygons
2026-02-24 09:17:52 +0100: Memory Usage (445824K) : edgeseal_bound has 0 polygons
2026-02-24 09:17:52 +0100: Memory Usage (445824K) : substrate_drw has 62 polygons
2026-02-24 09:17:52 +0100: Memory Usage (445952K) : substrate_text has 0 polygons
2026-02-24 09:17:52 +0100: Memory Usage (445952K) : dfpad_drw has 0 polygons
2026-02-24 09:17:52 +0100: Memory Usage (445952K) : dfpad_pillar has 0 polygons
2026-02-24 09:17:52 +0100: Memory Usage (446080K) : dfpad_sbump has 0 polygons
2026-02-24 09:17:52 +0100: Memory Usage (446080K) : thickgateox_drw has 0 polygons
2026-02-24 09:17:52 +0100: Memory Usage (446208K) : pldb_drw has 0 polygons
2026-02-24 09:17:52 +0100: Memory Usage (446208K) : pwell_drw has 0 polygons
2026-02-24 09:17:52 +0100: Memory Usage (446208K) : pwell_pin has 0 polygons
2026-02-24 09:17:52 +0100: Memory Usage (446336K) : pwell_block has 0 polygons
2026-02-24 09:17:52 +0100: Memory Usage (446336K) : ic_drw has 0 polygons
2026-02-24 09:17:52 +0100: Memory Usage (446464K) : via3_drw has 0 polygons
2026-02-24 09:17:52 +0100: Memory Usage (446592K) : metal4_drw has 0 polygons
2026-02-24 09:17:52 +0100: Memory Usage (446592K) : metal4_pin has 0 polygons
2026-02-24 09:17:52 +0100: Memory Usage (446720K) : metal4_mask has 0 polygons
2026-02-24 09:17:52 +0100: Memory Usage (446720K) : metal4_filler has 0 polygons
2026-02-24 09:17:52 +0100: Memory Usage (446720K) : metal4_nofill has 0 polygons
2026-02-24 09:17:52 +0100: Memory Usage (446848K) : metal4_slit has 0 polygons
2026-02-24 09:17:52 +0100: Memory Usage (446848K) : metal4_text has 0 polygons
2026-02-24 09:17:52 +0100: Memory Usage (446976K) : metal4_opc has 0 polygons
2026-02-24 09:17:52 +0100: Memory Usage (446976K) : metal4_noqrc has 0 polygons
2026-02-24 09:17:52 +0100: Memory Usage (447104K) : metal4_res has 0 polygons
2026-02-24 09:17:52 +0100: Memory Usage (447104K) : metal4_iprobe has 0 polygons
2026-02-24 09:17:52 +0100: Memory Usage (447232K) : metal4_diffprb has 0 polygons
2026-02-24 09:17:52 +0100: Memory Usage (447232K) : heattrans_drw has 18 polygons
2026-02-24 09:17:52 +0100: Memory Usage (447360K) : heatres_drw has 0 polygons
2026-02-24 09:17:52 +0100: Memory Usage (447360K) : pempoly_drw has 0 polygons
2026-02-24 09:17:52 +0100: Memory Usage (447488K) : fbe_drw has 0 polygons
2026-02-24 09:17:52 +0100: Memory Usage (447488K) : empoly_drw has 0 polygons
2026-02-24 09:17:52 +0100: Memory Usage (447616K) : ldmos_drw has 0 polygons
2026-02-24 09:17:52 +0100: Memory Usage (447616K) : pbiwind_drw has 0 polygons
2026-02-24 09:17:52 +0100: Memory Usage (447744K) : digisub_drw has 0 polygons
2026-02-24 09:17:52 +0100: Memory Usage (447744K) : nodrc_drw has 0 polygons
2026-02-24 09:17:52 +0100: Memory Usage (448000K) : text_drw has 34 polygons
2026-02-24 09:17:52 +0100: Memory Usage (448000K) : via4_drw has 0 polygons
2026-02-24 09:17:52 +0100: Memory Usage (448128K) : metal5_drw has 0 polygons
2026-02-24 09:17:52 +0100: Memory Usage (448128K) : metal5_pin has 0 polygons
2026-02-24 09:17:52 +0100: Memory Usage (448128K) : metal5_mask has 0 polygons
2026-02-24 09:17:52 +0100: Memory Usage (448256K) : metal5_filler has 0 polygons
2026-02-24 09:17:52 +0100: Memory Usage (448256K) : metal5_nofill has 0 polygons
2026-02-24 09:17:52 +0100: Memory Usage (448384K) : metal5_slit has 0 polygons
2026-02-24 09:17:52 +0100: Memory Usage (448384K) : metal5_text has 0 polygons
2026-02-24 09:17:52 +0100: Memory Usage (448512K) : metal5_opc has 0 polygons
2026-02-24 09:17:52 +0100: Memory Usage (448512K) : metal5_noqrc has 0 polygons
2026-02-24 09:17:52 +0100: Memory Usage (448512K) : metal5_res has 0 polygons
2026-02-24 09:17:52 +0100: Memory Usage (448640K) : metal5_iprobe has 0 polygons
2026-02-24 09:17:52 +0100: Memory Usage (448640K) : metal5_diffprb has 0 polygons
2026-02-24 09:17:52 +0100: Memory Usage (448768K) : radhard_drw has 0 polygons
2026-02-24 09:17:52 +0100: Memory Usage (448896K) : memcap_drw has 0 polygons
2026-02-24 09:17:52 +0100: Memory Usage (449024K) : varicap_drw has 0 polygons
2026-02-24 09:17:52 +0100: Memory Usage (449024K) : flash_drw has 0 polygons
2026-02-24 09:17:52 +0100: Memory Usage (449024K) : intbondvia_drw has 0 polygons
2026-02-24 09:17:52 +0100: Memory Usage (449152K) : intbondmet_drw has 0 polygons
2026-02-24 09:17:52 +0100: Memory Usage (449152K) : devbondvia_drw has 0 polygons
2026-02-24 09:17:52 +0100: Memory Usage (449280K) : devbondmet_drw has 0 polygons
2026-02-24 09:17:52 +0100: Memory Usage (449280K) : devtrench_drw has 0 polygons
2026-02-24 09:17:52 +0100: Memory Usage (449408K) : redist_drw has 0 polygons
2026-02-24 09:17:52 +0100: Memory Usage (449408K) : graphbot_drw has 0 polygons
2026-02-24 09:17:52 +0100: Memory Usage (449408K) : graphtop_drw has 0 polygons
2026-02-24 09:17:52 +0100: Memory Usage (449536K) : antvia1_drw has 0 polygons
2026-02-24 09:17:52 +0100: Memory Usage (449536K) : antmetal2_drw has 0 polygons
2026-02-24 09:17:52 +0100: Memory Usage (449664K) : graphcont_drw has 0 polygons
2026-02-24 09:17:52 +0100: Memory Usage (449664K) : siwg_drw has 0 polygons
2026-02-24 09:17:52 +0100: Memory Usage (449792K) : siwg_filler has 0 polygons
2026-02-24 09:17:52 +0100: Memory Usage (449792K) : siwg_nofill has 0 polygons
2026-02-24 09:17:52 +0100: Memory Usage (449920K) : sigrating_drw has 0 polygons
2026-02-24 09:17:52 +0100: Memory Usage (449920K) : singrating_drw has 0 polygons
2026-02-24 09:17:52 +0100: Memory Usage (450048K) : graphpas_drw has 0 polygons
2026-02-24 09:17:52 +0100: Memory Usage (450048K) : emwind3_drw has 0 polygons
2026-02-24 09:17:52 +0100: Memory Usage (450176K) : emwihv3_drw has 0 polygons
2026-02-24 09:17:52 +0100: Memory Usage (450176K) : redbulay_drw has 0 polygons
2026-02-24 09:17:52 +0100: Memory Usage (450304K) : smos_drw has 0 polygons
2026-02-24 09:17:52 +0100: Memory Usage (450304K) : graphpad_drw has 0 polygons
2026-02-24 09:17:52 +0100: Memory Usage (450432K) : polimide_drw has 0 polygons
2026-02-24 09:17:52 +0100: Memory Usage (450432K) : polimide_pin has 0 polygons
2026-02-24 09:17:52 +0100: Memory Usage (450560K) : recog_drw has 0 polygons
2026-02-24 09:17:52 +0100: Memory Usage (450560K) : recog_pin has 0 polygons
2026-02-24 09:17:52 +0100: Memory Usage (450560K) : recog_esd has 0 polygons
2026-02-24 09:17:52 +0100: Memory Usage (450560K) : recog_diode has 0 polygons
2026-02-24 09:17:52 +0100: Memory Usage (450688K) : recog_tsv has 0 polygons
2026-02-24 09:17:52 +0100: Memory Usage (450688K) : recog_iprobe has 0 polygons
2026-02-24 09:17:52 +0100: Memory Usage (450688K) : recog_diffprb has 0 polygons
2026-02-24 09:17:52 +0100: Memory Usage (450816K) : recog_pillar has 0 polygons
2026-02-24 09:17:52 +0100: Memory Usage (450816K) : recog_sbump has 0 polygons
2026-02-24 09:17:52 +0100: Memory Usage (450816K) : recog_otp has 0 polygons
2026-02-24 09:17:52 +0100: Memory Usage (450816K) : recog_pdiode has 0 polygons
2026-02-24 09:17:52 +0100: Memory Usage (450944K) : recog_mom has 0 polygons
2026-02-24 09:17:52 +0100: Memory Usage (450944K) : recog_pcm has 0 polygons
2026-02-24 09:17:52 +0100: Memory Usage (450944K) : colopen_drw has 0 polygons
2026-02-24 09:17:52 +0100: Memory Usage (451072K) : graphmetal1_drw has 0 polygons
2026-02-24 09:17:52 +0100: Memory Usage (451072K) : graphmetal1_filler has 0 polygons
2026-02-24 09:17:52 +0100: Memory Usage (451072K) : graphmetal1_nofill has 0 polygons
2026-02-24 09:17:52 +0100: Memory Usage (451072K) : graphmetal1_slit has 0 polygons
2026-02-24 09:17:52 +0100: Memory Usage (451200K) : graphmetal1_opc has 0 polygons
2026-02-24 09:17:52 +0100: Memory Usage (451200K) : graphmet1l_drw has 0 polygons
2026-02-24 09:17:52 +0100: Memory Usage (451328K) : graphmet1l_filler has 0 polygons
2026-02-24 09:17:52 +0100: Memory Usage (451328K) : graphmet1l_nofill has 0 polygons
2026-02-24 09:17:52 +0100: Memory Usage (451456K) : graphmet1l_slit has 0 polygons
2026-02-24 09:17:52 +0100: Memory Usage (451456K) : graphmet1l_opc has 0 polygons
2026-02-24 09:17:52 +0100: Memory Usage (451456K) : extblock_drw has 0 polygons
2026-02-24 09:17:52 +0100: Memory Usage (451584K) : nldd_drw has 0 polygons
2026-02-24 09:17:52 +0100: Memory Usage (451584K) : pldd_drw has 0 polygons
2026-02-24 09:17:52 +0100: Memory Usage (451712K) : next_drw has 0 polygons
2026-02-24 09:17:52 +0100: Memory Usage (451712K) : pext_drw has 0 polygons
2026-02-24 09:17:52 +0100: Memory Usage (451840K) : nexthv_drw has 0 polygons
2026-02-24 09:17:52 +0100: Memory Usage (451840K) : pexthv_drw has 0 polygons
2026-02-24 09:17:52 +0100: Memory Usage (451840K) : graphgate_drw has 0 polygons
2026-02-24 09:17:52 +0100: Memory Usage (451968K) : sinwg_drw has 0 polygons
2026-02-24 09:17:52 +0100: Memory Usage (451968K) : sinwg_filler has 0 polygons
2026-02-24 09:17:52 +0100: Memory Usage (451968K) : sinwg_nofill has 0 polygons
2026-02-24 09:17:52 +0100: Memory Usage (452096K) : mempad_drw has 0 polygons
2026-02-24 09:17:52 +0100: Memory Usage (452096K) : topvia1_drw has 0 polygons
2026-02-24 09:17:52 +0100: Memory Usage (452096K) : topmetal1_drw has 0 polygons
2026-02-24 09:17:52 +0100: Memory Usage (452096K) : topmetal1_pin has 0 polygons
2026-02-24 09:17:52 +0100: Memory Usage (452224K) : topmetal1_mask has 0 polygons
2026-02-24 09:17:52 +0100: Memory Usage (452224K) : topmetal1_filler has 0 polygons
2026-02-24 09:17:52 +0100: Memory Usage (452352K) : topmetal1_nofill has 0 polygons
2026-02-24 09:17:52 +0100: Memory Usage (452352K) : topmetal1_slit has 0 polygons
2026-02-24 09:17:52 +0100: Memory Usage (452352K) : topmetal1_text has 0 polygons
2026-02-24 09:17:52 +0100: Memory Usage (452480K) : topmetal1_noqrc has 0 polygons
2026-02-24 09:17:52 +0100: Memory Usage (452480K) : topmetal1_res has 0 polygons
2026-02-24 09:17:52 +0100: Memory Usage (452608K) : topmetal1_iprobe has 0 polygons
2026-02-24 09:17:52 +0100: Memory Usage (452608K) : topmetal1_diffprb has 0 polygons
2026-02-24 09:17:52 +0100: Memory Usage (452608K) : inldpwl_drw has 0 polygons
2026-02-24 09:17:52 +0100: Memory Usage (452736K) : polyres_drw has 0 polygons
2026-02-24 09:17:52 +0100: Memory Usage (452736K) : polyres_pin has 0 polygons
2026-02-24 09:17:52 +0100: Memory Usage (452864K) : vmim_drw has 0 polygons
2026-02-24 09:17:52 +0100: Memory Usage (452864K) : nbulaycut_drw has 0 polygons
2026-02-24 09:17:52 +0100: Memory Usage (452864K) : antmetal1_drw has 0 polygons
2026-02-24 09:17:52 +0100: Memory Usage (452992K) : topvia2_drw has 0 polygons
2026-02-24 09:17:52 +0100: Memory Usage (452992K) : topmetal2_drw has 0 polygons
2026-02-24 09:17:52 +0100: Memory Usage (453120K) : topmetal2_pin has 0 polygons
2026-02-24 09:17:52 +0100: Memory Usage (453120K) : topmetal2_mask has 0 polygons
2026-02-24 09:17:52 +0100: Memory Usage (453120K) : topmetal2_filler has 0 polygons
2026-02-24 09:17:52 +0100: Memory Usage (453120K) : topmetal2_nofill has 0 polygons
2026-02-24 09:17:52 +0100: Memory Usage (453248K) : topmetal2_slit has 0 polygons
2026-02-24 09:17:52 +0100: Memory Usage (453248K) : topmetal2_text has 0 polygons
2026-02-24 09:17:52 +0100: Memory Usage (453376K) : topmetal2_noqrc has 0 polygons
2026-02-24 09:17:52 +0100: Memory Usage (453376K) : topmetal2_res has 0 polygons
2026-02-24 09:17:52 +0100: Memory Usage (453376K) : topmetal2_iprobe has 0 polygons
2026-02-24 09:17:52 +0100: Memory Usage (453504K) : topmetal2_diffprb has 0 polygons
2026-02-24 09:17:52 +0100: Memory Usage (453504K) : snsring_drw has 0 polygons
2026-02-24 09:17:52 +0100: Memory Usage (453632K) : sensor_drw has 0 polygons
2026-02-24 09:17:52 +0100: Memory Usage (453632K) : snsarms_drw has 0 polygons
2026-02-24 09:17:52 +0100: Memory Usage (453632K) : snscmosvia_drw has 0 polygons
2026-02-24 09:17:52 +0100: Memory Usage (453760K) : colwind_drw has 0 polygons
2026-02-24 09:17:52 +0100: Memory Usage (453760K) : flm_drw has 0 polygons
2026-02-24 09:17:52 +0100: Memory Usage (453888K) : hafniumox_drw has 0 polygons
2026-02-24 09:17:52 +0100: Memory Usage (453888K) : memvia_drw has 0 polygons
2026-02-24 09:17:52 +0100: Memory Usage (454016K) : thinfilmres_drw has 0 polygons
2026-02-24 09:17:52 +0100: Memory Usage (454016K) : rfmem_drw has 0 polygons
2026-02-24 09:17:52 +0100: Memory Usage (454016K) : norcx_drw has 0 polygons
2026-02-24 09:17:52 +0100: Memory Usage (454016K) : norcx_m2m3 has 0 polygons
2026-02-24 09:17:52 +0100: Memory Usage (454144K) : norcx_m2m4 has 0 polygons
2026-02-24 09:17:52 +0100: Memory Usage (454144K) : norcx_m2m5 has 0 polygons
2026-02-24 09:17:52 +0100: Memory Usage (454144K) : norcx_m2tm1 has 0 polygons
2026-02-24 09:17:52 +0100: Memory Usage (454272K) : norcx_m2tm2 has 0 polygons
2026-02-24 09:17:52 +0100: Memory Usage (454272K) : norcx_m3m4 has 0 polygons
2026-02-24 09:17:52 +0100: Memory Usage (454272K) : norcx_m3m5 has 0 polygons
2026-02-24 09:17:52 +0100: Memory Usage (454272K) : norcx_m3tm1 has 0 polygons
2026-02-24 09:17:52 +0100: Memory Usage (454400K) : norcx_m3tm2 has 0 polygons
2026-02-24 09:17:52 +0100: Memory Usage (454400K) : norcx_m4m5 has 0 polygons
2026-02-24 09:17:52 +0100: Memory Usage (454400K) : norcx_m4tm1 has 0 polygons
2026-02-24 09:17:52 +0100: Memory Usage (454528K) : norcx_m4tm2 has 0 polygons
2026-02-24 09:17:52 +0100: Memory Usage (454528K) : norcx_m5tm1 has 0 polygons
2026-02-24 09:17:52 +0100: Memory Usage (454528K) : norcx_m5tm2 has 0 polygons
2026-02-24 09:17:52 +0100: Memory Usage (454656K) : norcx_tm1tm2 has 0 polygons
2026-02-24 09:17:52 +0100: Memory Usage (454656K) : norcx_m1sub has 0 polygons
2026-02-24 09:17:52 +0100: Memory Usage (454656K) : norcx_m2sub has 0 polygons
2026-02-24 09:17:52 +0100: Memory Usage (454656K) : norcx_m3sub has 0 polygons
2026-02-24 09:17:52 +0100: Memory Usage (454784K) : norcx_m4sub has 0 polygons
2026-02-24 09:17:52 +0100: Memory Usage (454784K) : norcx_m5sub has 0 polygons
2026-02-24 09:17:52 +0100: Memory Usage (454784K) : norcx_tm1sub has 0 polygons
2026-02-24 09:17:52 +0100: Memory Usage (454912K) : norcx_tm2sub has 0 polygons
2026-02-24 09:17:52 +0100: Memory Usage (454912K) : snsbotvia_drw has 0 polygons
2026-02-24 09:17:52 +0100: Memory Usage (454912K) : snstopvia_drw has 0 polygons
2026-02-24 09:17:52 +0100: Memory Usage (455040K) : deepvia_drw has 0 polygons
2026-02-24 09:17:52 +0100: Memory Usage (455040K) : fgetch_drw has 0 polygons
2026-02-24 09:17:52 +0100: Memory Usage (455040K) : ctrgat_drw has 0 polygons
2026-02-24 09:17:52 +0100: Memory Usage (455040K) : fgimp_drw has 0 polygons
2026-02-24 09:17:52 +0100: Memory Usage (455168K) : emwihv_drw has 0 polygons
2026-02-24 09:17:52 +0100: Memory Usage (455168K) : lbe_drw has 0 polygons
2026-02-24 09:17:52 +0100: Memory Usage (455168K) : alcustop_drw has 0 polygons
2026-02-24 09:17:52 +0100: Memory Usage (455296K) : nometfiller_drw has 0 polygons
2026-02-24 09:17:52 +0100: Memory Usage (455296K) : prboundary_drw has 0 polygons
2026-02-24 09:17:52 +0100: Memory Usage (455424K) : exchange0_drw has 0 polygons
2026-02-24 09:17:52 +0100: Memory Usage (455424K) : exchange0_pin has 0 polygons
2026-02-24 09:17:52 +0100: Memory Usage (455552K) : exchange0_text has 0 polygons
2026-02-24 09:17:52 +0100: Memory Usage (455552K) : exchange1_drw has 0 polygons
2026-02-24 09:17:52 +0100: Memory Usage (455552K) : exchange1_pin has 0 polygons
2026-02-24 09:17:52 +0100: Memory Usage (455680K) : exchange1_text has 0 polygons
2026-02-24 09:17:52 +0100: Memory Usage (455680K) : exchange2_drw has 0 polygons
2026-02-24 09:17:52 +0100: Memory Usage (455808K) : exchange2_pin has 0 polygons
2026-02-24 09:17:52 +0100: Memory Usage (455808K) : exchange2_text has 0 polygons
2026-02-24 09:17:52 +0100: Memory Usage (455808K) : exchange3_drw has 0 polygons
2026-02-24 09:17:52 +0100: Memory Usage (455808K) : exchange3_pin has 0 polygons
2026-02-24 09:17:52 +0100: Memory Usage (455808K) : exchange3_text has 0 polygons
2026-02-24 09:17:52 +0100: Memory Usage (455808K) : exchange4_drw has 0 polygons
2026-02-24 09:17:52 +0100: Memory Usage (455808K) : exchange4_pin has 0 polygons
2026-02-24 09:17:52 +0100: Memory Usage (455808K) : exchange4_text has 0 polygons
2026-02-24 09:17:52 +0100: Memory Usage (455808K) : isonwell_drw has 0 polygons
2026-02-24 09:17:52 +0100: Memory Usage (455808K) : Total no. of polygons in the design is 2449
2026-02-24 09:17:52 +0100: Memory Usage (455808K) : Loaded TECH DRC rules values from /foss/pdks/ihp-sg13g2/libs.tech/klayout/python/sg13g2_pycell_lib/sg13g2_tech_mod.json
2026-02-24 09:17:52 +0100: Memory Usage (455808K) : Loaded default DRC rules values from /foss/pdks/ihp-sg13g2/libs.tech/klayout/tech/drc/rule_decks/sg13g2_tech_default.json
2026-02-24 09:17:52 +0100: Memory Usage (455808K) : The following rules values were missing in tech json and default values were used:
2026-02-24 09:17:52 +0100: Memory Usage (455808K) :   - Cnt_c_digibnd
2026-02-24 09:17:52 +0100: Memory Usage (456968K) : Total area of the design is 1373.40495 um^2.
2026-02-24 09:17:52 +0100: Memory Usage (456968K) : The design dimensions are 54.135000000000005 µm * 25.37 µm.
2026-02-24 09:17:52 +0100: Memory Usage (456968K) : Starting general IHP-SG13G2 derivations.
2026-02-24 09:17:52 +0100: Memory Usage (456968K) : Starting Pwell derivations
2026-02-24 09:17:52 +0100: Memory Usage (459308K) : Starting n-Activ derivations
2026-02-24 09:17:52 +0100: Memory Usage (459948K) : Starting p-Activ derivations
2026-02-24 09:17:52 +0100: Memory Usage (459948K) : Starting ptap derivations
2026-02-24 09:17:52 +0100: Memory Usage (459948K) : Starting ntap derivations
2026-02-24 09:17:52 +0100: Memory Usage (460076K) : Starting pact FET derivations
2026-02-24 09:17:52 +0100: Memory Usage (460076K) : Starting nact FET derivations
2026-02-24 09:17:52 +0100: Memory Usage (460076K) : Starting Gate derivations
2026-02-24 09:17:52 +0100: Memory Usage (460332K) : Starting cont/contbar general derivations
2026-02-24 09:17:52 +0100: Memory Usage (460460K) : Starting pad general derivations
2026-02-24 09:17:52 +0100: Memory Usage (460716K) : Starting IHP-SG13G2 DRC connectivity related derivations.
2026-02-24 09:17:52 +0100: Memory Usage (461868K) : Starting IHP-SG13G2 DRC connectivity setup
2026-02-24 09:17:52 +0100: Memory Usage (462252K) : Starting IHP-SG13G2 DRC rules.
2026-02-24 09:17:52 +0100: Memory Usage (462252K) : Running all FEOL rules
2026-02-24 09:17:52 +0100: Memory Usage (462252K) : Running all BEOL rules
2026-02-24 09:17:52 +0100: Memory Usage (462252K) : Running all PIN rules
2026-02-24 09:17:52 +0100: Memory Usage (462252K) : Running all FORBIDDEN rules
2026-02-24 09:17:52 +0100: Memory Usage (462252K) : Starting 5.1 NWell table
2026-02-24 09:17:52 +0100: Memory Usage (462252K) : Executing rule NW.b
2026-02-24 09:17:52 +0100: Memory Usage (463040K) : Executing rule NW.b1
2026-02-24 09:17:52 +0100: Memory Usage (463296K) : Starting 5.2 PWell:block
2026-02-24 09:17:52 +0100: Memory Usage (463296K) : Executing rule PWB.e
2026-02-24 09:17:52 +0100: Memory Usage (463552K) : Executing rule PWB.e1
2026-02-24 09:17:52 +0100: Memory Usage (463680K) : Executing rule PWB.f
2026-02-24 09:17:52 +0100: Memory Usage (463808K) : Executing rule PWB.f1
2026-02-24 09:17:52 +0100: Memory Usage (463936K) : Starting 5.3 nBuLay table
2026-02-24 09:17:52 +0100: Memory Usage (463936K) : Executing rule NBL.b
2026-02-24 09:17:52 +0100: Memory Usage (464064K) : Executing rule NBL.c
2026-02-24 09:17:52 +0100: Memory Usage (464064K) : Executing rule NBL.d
2026-02-24 09:17:52 +0100: Memory Usage (464064K) : Executing rule NBL.e
2026-02-24 09:17:52 +0100: Memory Usage (464064K) : Executing rule NBL.f
2026-02-24 09:17:52 +0100: Memory Usage (464064K) : Starting 5.5. Activ table
2026-02-24 09:17:52 +0100: Memory Usage (464064K) : Executing rule Act.a
2026-02-24 09:17:52 +0100: Memory Usage (464064K) : Executing rule Act.b
2026-02-24 09:17:52 +0100: Memory Usage (464192K) : Starting 5.6 Activ:filler table
2026-02-24 09:17:52 +0100: Memory Usage (464320K) : Executing rule AFil.c1
2026-02-24 09:17:52 +0100: Memory Usage (464320K) : Executing rule AFil.c
2026-02-24 09:17:52 +0100: Memory Usage (464320K) : Executing rule AFil.d
2026-02-24 09:17:52 +0100: Memory Usage (464320K) : Executing rule AFil.e
2026-02-24 09:17:52 +0100: Memory Usage (464320K) : Executing rule AFil.j
2026-02-24 09:17:52 +0100: Memory Usage (464320K) : Starting 5.7. ThickGateOx table
2026-02-24 09:17:52 +0100: Memory Usage (464320K) : Executing rule TGO.f
2026-02-24 09:17:52 +0100: Memory Usage (464320K) : Starting 5.8. GatPoly table
2026-02-24 09:17:52 +0100: Memory Usage (464320K) : Executing rule Gat.a
2026-02-24 09:17:52 +0100: Memory Usage (464320K) : Executing rule Gat.b
2026-02-24 09:17:52 +0100: Memory Usage (464320K) : Executing rule Gat.d
2026-02-24 09:17:52 +0100: Memory Usage (464320K) : Executing rule Gat.a1
2026-02-24 09:17:52 +0100: Memory Usage (464704K) : Executing rule Gat.a2
2026-02-24 09:17:52 +0100: Memory Usage (464704K) : Executing rule Gat.g
2026-02-24 09:17:52 +0100: Memory Usage (464704K) : Starting 5.9 GatPoly:filler
2026-02-24 09:17:52 +0100: Memory Usage (464704K) : Executing rule GFil.d
2026-02-24 09:17:52 +0100: Memory Usage (464704K) : Executing rule GFil.e
2026-02-24 09:17:52 +0100: Memory Usage (464704K) : Executing rule GFil.i
2026-02-24 09:17:52 +0100: Memory Usage (464704K) : Starting 5.10 pSD table
2026-02-24 09:17:52 +0100: Memory Usage (464704K) : Executing rule pSD.c1
2026-02-24 09:17:52 +0100: Memory Usage (464704K) : Starting 5.14. Cont table
2026-02-24 09:17:52 +0100: Memory Usage (464704K) : Executing rule Cnt.a
2026-02-24 09:17:52 +0100: Memory Usage (464704K) : Executing rule Cnt.b
2026-02-24 09:17:52 +0100: Memory Usage (464704K) : Executing rule Cnt.c
2026-02-24 09:17:52 +0100: Memory Usage (464704K) : Executing rule Cnt.c
2026-02-24 09:17:52 +0100: Memory Usage (464704K) : Executing rule Cnt.d
2026-02-24 09:17:52 +0100: Memory Usage (464704K) : Executing rule Cnt.e
2026-02-24 09:17:52 +0100: Memory Usage (464704K) : Executing rule Cnt.g1
2026-02-24 09:17:52 +0100: Memory Usage (464704K) : Executing rule Cnt.g2
2026-02-24 09:17:52 +0100: Memory Usage (464704K) : Starting 5.15. ContBar table
2026-02-24 09:17:52 +0100: Memory Usage (464704K) : Executing rule CntB.b1
2026-02-24 09:17:52 +0100: Memory Usage (464704K) : Executing rule CntB.h1
2026-02-24 09:17:52 +0100: Memory Usage (464704K) : Starting 6.1.3 NPN Substrate-Tie table
2026-02-24 09:17:52 +0100: Memory Usage (464704K) : Executing rule npn13G2.bR 
2026-02-24 09:17:52 +0100: Memory Usage (464704K) : Executing rule npn13G2L.cR 
2026-02-24 09:17:52 +0100: Memory Usage (464704K) : Executing rule npn13G2V.cR 
2026-02-24 09:17:52 +0100: Memory Usage (464704K) : Starting 6.7 Schottky diode table
2026-02-24 09:17:52 +0100: Memory Usage (464704K) : Executing rule Sdiod.d
2026-02-24 09:17:52 +0100: Memory Usage (464704K) : Executing rule Sdiod.e
2026-02-24 09:17:52 +0100: Memory Usage (464704K) : Starting 7.2 Latch-up table
2026-02-24 09:17:52 +0100: Memory Usage (464704K) : Executing rule LU.b
2026-02-24 09:17:52 +0100: Memory Usage (464704K) : Starting 5.16. Metal1 table
2026-02-24 09:17:52 +0100: Memory Usage (464704K) : Executing rule M1.a
2026-02-24 09:17:52 +0100: Memory Usage (464704K) : Executing rule M1.b
2026-02-24 09:17:52 +0100: Memory Usage (464704K) : Executing rule M1.e
2026-02-24 09:17:52 +0100: Memory Usage (464704K) : Executing rule M1.f
2026-02-24 09:17:52 +0100: Memory Usage (464704K) : Executing rule M1.g
2026-02-24 09:17:52 +0100: Memory Usage (464704K) : Executing rule M1.i
2026-02-24 09:17:52 +0100: Memory Usage (464704K) : Starting 5.17 Metaln table
2026-02-24 09:17:52 +0100: Memory Usage (464704K) : Executing rule M2.a
2026-02-24 09:17:52 +0100: Memory Usage (464704K) : Executing rule M2.b
2026-02-24 09:17:52 +0100: Memory Usage (464704K) : Executing rule M2.e
2026-02-24 09:17:52 +0100: Memory Usage (464704K) : Executing rule M2.f
2026-02-24 09:17:52 +0100: Memory Usage (464704K) : Executing rule M2.g
2026-02-24 09:17:52 +0100: Memory Usage (464704K) : Executing rule M2.i
2026-02-24 09:17:52 +0100: Memory Usage (464704K) : Executing rule M3.a
2026-02-24 09:17:52 +0100: Memory Usage (464704K) : Executing rule M3.b
2026-02-24 09:17:52 +0100: Memory Usage (464704K) : Executing rule M3.e
2026-02-24 09:17:52 +0100: Memory Usage (464704K) : Executing rule M3.f
2026-02-24 09:17:52 +0100: Memory Usage (464704K) : Executing rule M3.g
2026-02-24 09:17:52 +0100: Memory Usage (464704K) : Executing rule M3.i
2026-02-24 09:17:52 +0100: Memory Usage (464704K) : Executing rule M4.a
2026-02-24 09:17:52 +0100: Memory Usage (464704K) : Executing rule M4.b
2026-02-24 09:17:52 +0100: Memory Usage (464704K) : Executing rule M4.e
2026-02-24 09:17:52 +0100: Memory Usage (464704K) : Executing rule M4.f
2026-02-24 09:17:52 +0100: Memory Usage (464704K) : Executing rule M4.g
2026-02-24 09:17:52 +0100: Memory Usage (464704K) : Executing rule M4.i
2026-02-24 09:17:52 +0100: Memory Usage (464704K) : Executing rule M5.a
2026-02-24 09:17:52 +0100: Memory Usage (464704K) : Executing rule M5.b
2026-02-24 09:17:52 +0100: Memory Usage (464704K) : Executing rule M5.e
2026-02-24 09:17:52 +0100: Memory Usage (464704K) : Executing rule M5.f
2026-02-24 09:17:52 +0100: Memory Usage (464704K) : Executing rule M5.g
2026-02-24 09:17:52 +0100: Memory Usage (464704K) : Executing rule M5.i
2026-02-24 09:17:52 +0100: Memory Usage (464704K) : Starting 5.18 Metaln:filler table
2026-02-24 09:17:52 +0100: Memory Usage (464704K) : Executing rule M1Fil.c
2026-02-24 09:17:52 +0100: Memory Usage (464704K) : Executing rule M1Fil.a2
2026-02-24 09:17:52 +0100: Memory Usage (464704K) : Executing rule M2Fil.c
2026-02-24 09:17:52 +0100: Memory Usage (464704K) : Executing rule M2Fil.a2
2026-02-24 09:17:52 +0100: Memory Usage (464704K) : Executing rule M3Fil.c
2026-02-24 09:17:52 +0100: Memory Usage (464704K) : Executing rule M3Fil.a2
2026-02-24 09:17:52 +0100: Memory Usage (464704K) : Executing rule M4Fil.c
2026-02-24 09:17:52 +0100: Memory Usage (464704K) : Executing rule M4Fil.a2
2026-02-24 09:17:52 +0100: Memory Usage (464704K) : Executing rule M5Fil.c
2026-02-24 09:17:52 +0100: Memory Usage (464704K) : Executing rule M5Fil.a2
2026-02-24 09:17:52 +0100: Memory Usage (464704K) : Starting 5.19. Via1 table
2026-02-24 09:17:52 +0100: Memory Usage (464704K) : Starting 5.19. Via1 table derivations
2026-02-24 09:17:52 +0100: Memory Usage (464704K) : Executing rule V1.a
2026-02-24 09:17:52 +0100: Memory Usage (464704K) : Executing rule V1.b
2026-02-24 09:17:52 +0100: Memory Usage (464704K) : Executing rule V1.c
2026-02-24 09:17:52 +0100: Memory Usage (464704K) : Starting 5.20. Vian table
2026-02-24 09:17:52 +0100: Memory Usage (464704K) : Executing rule V2.a
2026-02-24 09:17:52 +0100: Memory Usage (464704K) : Executing rule V2.b
2026-02-24 09:17:52 +0100: Memory Usage (464704K) : Executing rule V2.c
2026-02-24 09:17:52 +0100: Memory Usage (464704K) : Executing rule V3.a
2026-02-24 09:17:52 +0100: Memory Usage (464704K) : Executing rule V3.b
2026-02-24 09:17:52 +0100: Memory Usage (464704K) : Executing rule V3.c
2026-02-24 09:17:52 +0100: Memory Usage (464704K) : Executing rule V4.a
2026-02-24 09:17:52 +0100: Memory Usage (464704K) : Executing rule V4.b
2026-02-24 09:17:52 +0100: Memory Usage (464704K) : Executing rule V4.c
2026-02-24 09:17:52 +0100: Memory Usage (464704K) : Starting 5.21. TopVia1 table
2026-02-24 09:17:52 +0100: Memory Usage (464704K) : Executing rule TV1.a
2026-02-24 09:17:52 +0100: Memory Usage (464704K) : Executing rule TV1.b
2026-02-24 09:17:52 +0100: Memory Usage (464704K) : Executing rule TV1.c
2026-02-24 09:17:52 +0100: Memory Usage (464704K) : Executing rule TV1.d
2026-02-24 09:17:52 +0100: Memory Usage (464704K) : Starting 5.22. TopMetal1 table
2026-02-24 09:17:52 +0100: Memory Usage (464704K) : Executing rule TM1.a
2026-02-24 09:17:52 +0100: Memory Usage (464704K) : Executing rule TM1.b
2026-02-24 09:17:52 +0100: Memory Usage (464704K) : Starting 5.23 TopMetal1:filler table
2026-02-24 09:17:52 +0100: Memory Usage (464704K) : Executing rule TM1Fil.c
2026-02-24 09:17:52 +0100: Memory Usage (464704K) : Executing rule TM1Fil.a1
2026-02-24 09:17:52 +0100: Memory Usage (464704K) : Starting 5.24. TopVia2 table
2026-02-24 09:17:52 +0100: Memory Usage (464704K) : Executing rule TV2.a
2026-02-24 09:17:52 +0100: Memory Usage (464704K) : Executing rule TV2.b
2026-02-24 09:17:52 +0100: Memory Usage (464704K) : Executing rule TV2.c
2026-02-24 09:17:52 +0100: Memory Usage (464704K) : Executing rule TV2.d
2026-02-24 09:17:52 +0100: Memory Usage (464704K) : Starting 5.25. TopMetal2 table
2026-02-24 09:17:52 +0100: Memory Usage (464704K) : Executing rule TM2.a
2026-02-24 09:17:52 +0100: Memory Usage (464704K) : Executing rule TM2.b
2026-02-24 09:17:52 +0100: Memory Usage (464704K) : Executing rule TM2.bR
2026-02-24 09:17:52 +0100: Memory Usage (464704K) : Starting 5.26 TopMetal2:filler table
2026-02-24 09:17:52 +0100: Memory Usage (464704K) : Executing rule TM2Fil.c
2026-02-24 09:17:52 +0100: Memory Usage (464704K) : Executing rule TM2Fil.a1
2026-02-24 09:17:52 +0100: Memory Usage (464704K) : Starting 5.27. Passiv table
2026-02-24 09:17:52 +0100: Memory Usage (464704K) : Executing rule Pas.a
2026-02-24 09:17:52 +0100: Memory Usage (464704K) : Executing rule Pas.b
2026-02-24 09:17:52 +0100: Memory Usage (464704K) : Executing rule Pas.c
2026-02-24 09:17:52 +0100: Memory Usage (464704K) : Starting 6.9.2 Copper Pillar table
2026-02-24 09:17:52 +0100: Memory Usage (464704K) : Executing rule Padc.a
2026-02-24 09:17:52 +0100: Memory Usage (464704K) : Executing rule Padc.b
2026-02-24 09:17:52 +0100: Memory Usage (464704K) : Executing rule Padc.c
2026-02-24 09:17:52 +0100: Memory Usage (464704K) : Executing rule Padb.f
2026-02-24 09:17:52 +0100: Memory Usage (464704K) : Starting 6.9 Pad table
2026-02-24 09:17:52 +0100: Memory Usage (464704K) : Executing rule Pad.m
2026-02-24 09:17:52 +0100: Memory Usage (464704K) : Executing rule Pad.fR_M1
2026-02-24 09:17:52 +0100: Memory Usage (464704K) : Executing rule Pad.fR_M2
2026-02-24 09:17:52 +0100: Memory Usage (464704K) : Executing rule Pad.fR_M3
2026-02-24 09:17:52 +0100: Memory Usage (464704K) : Executing rule Pad.fR_M4
2026-02-24 09:17:52 +0100: Memory Usage (464704K) : Executing rule Pad.fR_M5
2026-02-24 09:17:53 +0100: Memory Usage (464704K) : Executing rule Pad.fR_TM1
2026-02-24 09:17:53 +0100: Memory Usage (464704K) : Executing rule Pad.fR_TM2
2026-02-24 09:17:53 +0100: Memory Usage (464704K) : Executing rule Pad.i
2026-02-24 09:17:53 +0100: Memory Usage (464704K) : Starting 6.9.1 Solder Bump
2026-02-24 09:17:53 +0100: Memory Usage (464704K) : Executing rule Padb.a
2026-02-24 09:17:53 +0100: Memory Usage (464704K) : Executing rule Padb.b
2026-02-24 09:17:53 +0100: Memory Usage (464704K) : Executing rule Padb.c
2026-02-24 09:17:53 +0100: Memory Usage (464704K) : Executing rule Padb.f
2026-02-24 09:17:53 +0100: Memory Usage (464704K) : Executing rule Padb.d
2026-02-24 09:17:53 +0100: Memory Usage (464704K) : Starting 6.10 Sealring table
2026-02-24 09:17:53 +0100: Memory Usage (464704K) : Executing rule Seal.l
2026-02-24 09:17:53 +0100: Memory Usage (464704K) : Executing rule Seal.n
2026-02-24 09:17:53 +0100: Memory Usage (464704K) : Executing rule seal.b_metal1
2026-02-24 09:17:53 +0100: Memory Usage (464704K) : Executing rule seal.b_metal2
2026-02-24 09:17:53 +0100: Memory Usage (464704K) : Executing rule seal.b_metal3
2026-02-24 09:17:53 +0100: Memory Usage (464704K) : Executing rule seal.b_metal4
2026-02-24 09:17:53 +0100: Memory Usage (464704K) : Executing rule seal.b_metal5
2026-02-24 09:17:53 +0100: Memory Usage (464704K) : Executing rule seal.b_topmetal1
2026-02-24 09:17:53 +0100: Memory Usage (464704K) : Executing rule seal.b_topmetal2
2026-02-24 09:17:53 +0100: Memory Usage (464704K) : Executing rule seal.b_activ
2026-02-24 09:17:53 +0100: Memory Usage (464704K) : Executing rule seal.b_psd
2026-02-24 09:17:53 +0100: Memory Usage (464704K) : Executing rule Seal.k
2026-02-24 09:17:53 +0100: Memory Usage (464704K) : Executing rule Seal.m
2026-02-24 09:17:53 +0100: Memory Usage (464704K) : Starting 6.11 MIM table
2026-02-24 09:17:53 +0100: Memory Usage (464704K) : Executing rule MIM.c
2026-02-24 09:17:53 +0100: Memory Usage (464704K) : Executing rule MIM.d
2026-02-24 09:17:53 +0100: Memory Usage (464704K) : Executing rule MIM.gR
2026-02-24 09:17:53 +0100: Memory Usage (464704K) : Starting 7.3 Metal Slits table
2026-02-24 09:17:53 +0100: Memory Usage (464704K) : Executing rule Slt.e1_M1
2026-02-24 09:17:53 +0100: Memory Usage (464704K) : Executing rule Slt.e1_M2
2026-02-24 09:17:53 +0100: Memory Usage (464704K) : Executing rule Slt.e1_M3
2026-02-24 09:17:53 +0100: Memory Usage (464704K) : Executing rule Slt.e1_M4
2026-02-24 09:17:53 +0100: Memory Usage (464704K) : Executing rule Slt.e1_M5
2026-02-24 09:17:53 +0100: Memory Usage (464704K) : Executing rule Slt.e1_TM1
2026-02-24 09:17:53 +0100: Memory Usage (464704K) : Executing rule Slt.e1_TM2
2026-02-24 09:17:53 +0100: Memory Usage (464704K) : Starting 9.1. LBE table
2026-02-24 09:17:53 +0100: Memory Usage (464704K) : Executing rule LBE.a
2026-02-24 09:17:53 +0100: Memory Usage (464704K) : Executing rule LBE.b
2026-02-24 09:17:53 +0100: Memory Usage (464704K) : Executing rule LBE.b1
2026-02-24 09:17:53 +0100: Memory Usage (464704K) : Executing rule LBE.c
2026-02-24 09:17:53 +0100: Memory Usage (464704K) : Executing rule LBE.d
2026-02-24 09:17:53 +0100: Memory Usage (464704K) : Executing rule LBE.h
2026-02-24 09:17:53 +0100: Memory Usage (464704K) : Starting 7.4. PIN table
2026-02-24 09:17:53 +0100: Memory Usage (464704K) : Executing rule Pin.a
2026-02-24 09:17:53 +0100: Memory Usage (464704K) : Executing rule Pin.b
2026-02-24 09:17:53 +0100: Memory Usage (464704K) : Executing rule Pin.e
2026-02-24 09:17:53 +0100: Memory Usage (464704K) : Executing rule Pin.f_M2
2026-02-24 09:17:53 +0100: Memory Usage (464704K) : Executing rule Pin.f_M3
2026-02-24 09:17:53 +0100: Memory Usage (464704K) : Executing rule Pin.f_M4
2026-02-24 09:17:53 +0100: Memory Usage (464704K) : Executing rule Pin.f_M5
2026-02-24 09:17:53 +0100: Memory Usage (464704K) : Executing rule Pin.g
2026-02-24 09:17:53 +0100: Memory Usage (464704K) : Executing rule Pin.h
2026-02-24 09:17:53 +0100: Memory Usage (464704K) : Starting 3.2. FORBIDDEN table
2026-02-24 09:17:53 +0100: Memory Usage (464704K) : Executing rule forbidden.biwind
2026-02-24 09:17:53 +0100: Memory Usage (464704K) : Executing rule forbidden.pemwind
2026-02-24 09:17:53 +0100: Memory Usage (464704K) : Executing rule forbidden.baspoly
2026-02-24 09:17:53 +0100: Memory Usage (464704K) : Executing rule forbidden.deepco
2026-02-24 09:17:53 +0100: Memory Usage (464704K) : Executing rule forbidden.pempoly
2026-02-24 09:17:53 +0100: Memory Usage (464704K) : Executing rule forbidden.empoly
2026-02-24 09:17:53 +0100: Memory Usage (464704K) : Executing rule forbidden.ldmos
2026-02-24 09:17:53 +0100: Memory Usage (464704K) : Executing rule forbidden.pbiwind
2026-02-24 09:17:53 +0100: Memory Usage (464704K) : Executing rule forbidden.nodrc
2026-02-24 09:17:53 +0100: Memory Usage (464704K) : Executing rule forbidden.flash
2026-02-24 09:17:53 +0100: Memory Usage (464704K) : Executing rule forbidden.colwind
2026-02-24 09:17:53 +0100: Memory Usage (464704K) : KLayout DRC run for tables 'main' completed in 0.89 seconds
