# Logfile created on 2026-03-26 17:02:38 +0100 by logger.rb/v1.5.3
2026-03-26 17:02:38 +0100: Memory Usage (437556K) : Starting running IHP-SG13G2 Klayout DRC Density runset on /foss/designs/LDO.gds
2026-03-26 17:02:38 +0100: Memory Usage (437556K) : Ruby Version for klayout: 3.2.3
2026-03-26 17:02:38 +0100: Memory Usage (439220K) : Loading database to memory is complete.
2026-03-26 17:02:38 +0100: Memory Usage (439220K) : IHP-SG13G2 Klayout DRC Density runset output at: /foss/designs/drc_run_LDO/LDO_LDO_density.lyrdb
2026-03-26 17:02:38 +0100: Memory Usage (439220K) : Evaluate switches.
2026-03-26 17:02:38 +0100: Memory Usage (439220K) : KLayout will use 1 thread(s) in tiling mode.
2026-03-26 17:02:38 +0100: Memory Usage (439220K) : Deep mode enabled: reading layers and preparing general derivations.
2026-03-26 17:02:38 +0100: Memory Usage (439220K) : PreCheck DRC enabled: false
2026-03-26 17:02:38 +0100: Memory Usage (439220K) : Read in polygons from layers.
2026-03-26 17:02:38 +0100: Memory Usage (440800K) : activ_drw has 613 polygons
2026-03-26 17:02:38 +0100: Memory Usage (440800K) : activ_mask has 0 polygons
2026-03-26 17:02:38 +0100: Memory Usage (440928K) : activ_filler has 0 polygons
2026-03-26 17:02:38 +0100: Memory Usage (440928K) : gatpoly_drw has 625 polygons
2026-03-26 17:02:38 +0100: Memory Usage (440928K) : gatpoly_filler has 0 polygons
2026-03-26 17:02:38 +0100: Memory Usage (441184K) : metal1_drw has 1023 polygons
2026-03-26 17:02:38 +0100: Memory Usage (441184K) : metal1_filler has 0 polygons
2026-03-26 17:02:38 +0100: Memory Usage (441312K) : metal1_slit has 0 polygons
2026-03-26 17:02:38 +0100: Memory Usage (441312K) : metal2_drw has 234 polygons
2026-03-26 17:02:38 +0100: Memory Usage (441312K) : metal2_filler has 0 polygons
2026-03-26 17:02:38 +0100: Memory Usage (441440K) : metal2_slit has 0 polygons
2026-03-26 17:02:38 +0100: Memory Usage (441440K) : metal3_drw has 156 polygons
2026-03-26 17:02:38 +0100: Memory Usage (441568K) : metal3_filler has 0 polygons
2026-03-26 17:02:38 +0100: Memory Usage (441568K) : metal3_slit has 0 polygons
2026-03-26 17:02:38 +0100: Memory Usage (441568K) : metal4_drw has 2 polygons
2026-03-26 17:02:38 +0100: Memory Usage (441696K) : metal4_filler has 0 polygons
2026-03-26 17:02:38 +0100: Memory Usage (441696K) : metal4_slit has 0 polygons
2026-03-26 17:02:38 +0100: Memory Usage (441696K) : metal5_drw has 4 polygons
2026-03-26 17:02:38 +0100: Memory Usage (441824K) : metal5_filler has 0 polygons
2026-03-26 17:02:38 +0100: Memory Usage (441824K) : metal5_slit has 0 polygons
2026-03-26 17:02:38 +0100: Memory Usage (441824K) : topmetal1_drw has 3 polygons
2026-03-26 17:02:38 +0100: Memory Usage (441952K) : topmetal1_filler has 0 polygons
2026-03-26 17:02:38 +0100: Memory Usage (441952K) : topmetal1_slit has 0 polygons
2026-03-26 17:02:38 +0100: Memory Usage (441952K) : topmetal2_drw has 0 polygons
2026-03-26 17:02:38 +0100: Memory Usage (442080K) : topmetal2_filler has 0 polygons
2026-03-26 17:02:38 +0100: Memory Usage (442080K) : topmetal2_slit has 0 polygons
2026-03-26 17:02:38 +0100: Memory Usage (442080K) : lbe_drw has 0 polygons
2026-03-26 17:02:38 +0100: Memory Usage (442208K) : Loaded TECH DRC rules values from /foss/pdks/ihp-sg13g2/libs.tech/klayout/python/sg13g2_pycell_lib/sg13g2_tech_mod.json
2026-03-26 17:02:38 +0100: Memory Usage (442208K) : Loaded default DRC rules values from /foss/pdks/ihp-sg13g2/libs.tech/klayout/tech/drc/rule_decks/sg13g2_tech_default.json
2026-03-26 17:02:38 +0100: Memory Usage (442208K) : The following rules values were missing in tech json and default values were used:
2026-03-26 17:02:38 +0100: Memory Usage (442208K) :   - Cnt_c_digibnd
2026-03-26 17:02:38 +0100: Memory Usage (443360K) : Total area of the design is 7262.760875 um^2.
2026-03-26 17:02:38 +0100: Memory Usage (443360K) : Starting density IHP-SG13G2 derivations.
2026-03-26 17:02:38 +0100: Memory Usage (444128K) : Starting IHP-SG13G2 DENSITY DRC rules.
2026-03-26 17:02:38 +0100: Memory Usage (444128K) : Tiling mode enabled: executing rules with chip tiling applied.
2026-03-26 17:02:38 +0100: Memory Usage (444128K) : Computing activ area and density...
2026-03-26 17:02:38 +0100: Memory Usage (445636K) : Executing rule AFil.g
2026-03-26 17:02:38 +0100: Memory Usage (445892K) : Executing rule AFil.g1
2026-03-26 17:02:38 +0100: Memory Usage (445892K) : Executing rule AFil.g2
2026-03-26 17:02:38 +0100: Memory Usage (445892K) : Executing rule AFil.g3
2026-03-26 17:02:38 +0100: Memory Usage (446020K) : Computing poly area and density...
2026-03-26 17:02:38 +0100: Memory Usage (446020K) : Executing rule GFil.g
2026-03-26 17:02:38 +0100: Memory Usage (446148K) : Computing metal1 area and density...
2026-03-26 17:02:38 +0100: Memory Usage (446276K) : Executing rule M1.j
2026-03-26 17:02:38 +0100: Memory Usage (446276K) : Executing rule M1.k
2026-03-26 17:02:38 +0100: Memory Usage (446276K) : Computing metal2 area and density...
2026-03-26 17:02:38 +0100: Memory Usage (446404K) : Computing metal3 area and density...
2026-03-26 17:02:38 +0100: Memory Usage (446404K) : Computing metal4 area and density...
2026-03-26 17:02:38 +0100: Memory Usage (446404K) : Computing metal5 area and density...
2026-03-26 17:02:38 +0100: Memory Usage (446532K) : Executing rule M2.j
2026-03-26 17:02:38 +0100: Memory Usage (446532K) : Executing rule M2.k
2026-03-26 17:02:38 +0100: Memory Usage (446532K) : Executing rule M3.j
2026-03-26 17:02:38 +0100: Memory Usage (446532K) : Executing rule M3.k
2026-03-26 17:02:38 +0100: Memory Usage (446532K) : Executing rule M4.j
2026-03-26 17:02:38 +0100: Memory Usage (446660K) : Executing rule M4.k
2026-03-26 17:02:38 +0100: Memory Usage (446660K) : Executing rule M5.j
2026-03-26 17:02:38 +0100: Memory Usage (446788K) : Executing rule M5.k
2026-03-26 17:02:38 +0100: Memory Usage (446788K) : Executing rule M1Fil.h
2026-03-26 17:02:38 +0100: Memory Usage (446788K) : Executing rule M1Fil.k
2026-03-26 17:02:38 +0100: Memory Usage (446916K) : Executing rule M2Fil.h
2026-03-26 17:02:38 +0100: Memory Usage (446916K) : Executing rule M2Fil.k
2026-03-26 17:02:38 +0100: Memory Usage (447044K) : Executing rule M3Fil.h
2026-03-26 17:02:38 +0100: Memory Usage (447172K) : Executing rule M3Fil.k
2026-03-26 17:02:38 +0100: Memory Usage (447172K) : Executing rule M4Fil.h
2026-03-26 17:02:38 +0100: Memory Usage (447300K) : Executing rule M4Fil.k
2026-03-26 17:02:38 +0100: Memory Usage (447428K) : Executing rule M5Fil.h
2026-03-26 17:02:38 +0100: Memory Usage (447428K) : Executing rule M5Fil.k
2026-03-26 17:02:38 +0100: Memory Usage (447556K) : Computing TopMetal1 area and density...
2026-03-26 17:02:38 +0100: Memory Usage (447684K) : Executing rule TM1.c
2026-03-26 17:02:38 +0100: Memory Usage (447684K) : Executing rule TM1.d
2026-03-26 17:02:38 +0100: Memory Usage (447684K) : Computing TopMetal2 area and density...
2026-03-26 17:02:38 +0100: Memory Usage (447684K) : Executing rule TM2.c
2026-03-26 17:02:38 +0100: Memory Usage (447812K) : Executing rule TM2.d
2026-03-26 17:02:38 +0100: Memory Usage (447812K) : Computing LBE area and density...
2026-03-26 17:02:38 +0100: Memory Usage (447812K) : Executing rule LBE.i
2026-03-26 17:02:38 +0100: Memory Usage (447812K) : Executing rule Slt.i_M1
2026-03-26 17:02:38 +0100: Memory Usage (448588K) : Executing rule Slt.i_M2
2026-03-26 17:02:38 +0100: Memory Usage (448972K) : Executing rule Slt.i_M3
2026-03-26 17:02:38 +0100: Memory Usage (449228K) : Executing rule Slt.i_M4
2026-03-26 17:02:38 +0100: Memory Usage (449612K) : Executing rule Slt.i_M5
2026-03-26 17:02:38 +0100: Memory Usage (449868K) : Executing rule Slt.i_TM1
2026-03-26 17:02:38 +0100: Memory Usage (450124K) : Executing rule Slt.i_TM2
2026-03-26 17:02:38 +0100: Memory Usage (450508K) : ##################################################
2026-03-26 17:02:38 +0100: Memory Usage (450508K) :                  Density Report                 #
2026-03-26 17:02:38 +0100: Memory Usage (450508K) : ##################################################
2026-03-26 17:02:38 +0100: Memory Usage (450508K) : 
2026-03-26 17:02:38 +0100: Memory Usage (450508K) : Layer areas and percentages (units: um^2)
2026-03-26 17:02:38 +0100: Memory Usage (450508K) : --------------------------------------------------
2026-03-26 17:02:38 +0100: Memory Usage (450508K) : 
2026-03-26 17:02:38 +0100: Memory Usage (450508K) : Total Area     = 7262.76 um^2
2026-03-26 17:02:38 +0100: Memory Usage (450508K) : 
2026-03-26 17:02:38 +0100: Memory Usage (450508K) : Activ      Area      = 396.77 µm²
2026-03-26 17:02:38 +0100: Memory Usage (450508K) : Activ      Density % =  5.46%  [Min = 35.00%,  Max = 55.00%]
2026-03-26 17:02:38 +0100: Memory Usage (450508K) : 
2026-03-26 17:02:38 +0100: Memory Usage (450508K) : GatPoly    Area      = 337.92 µm²
2026-03-26 17:02:38 +0100: Memory Usage (450508K) : GatPoly    Density % =  4.65%  [Min = 15.00%]
2026-03-26 17:02:38 +0100: Memory Usage (450508K) : 
2026-03-26 17:02:38 +0100: Memory Usage (450508K) : Metal1     Area      = 297.05 µm²
2026-03-26 17:02:38 +0100: Memory Usage (450508K) : Metal1     Density % =  4.09%  [Min = 35.00%,  Max = 60.00%]
2026-03-26 17:02:38 +0100: Memory Usage (450508K) : 
2026-03-26 17:02:38 +0100: Memory Usage (450508K) : Metal2     Area      = 157.25 µm²
2026-03-26 17:02:38 +0100: Memory Usage (450508K) : Metal2     Density % =  2.17%  [Min = 35.00%,  Max = 60.00%]
2026-03-26 17:02:38 +0100: Memory Usage (450508K) : 
2026-03-26 17:02:38 +0100: Memory Usage (450508K) : Metal3     Area      = 175.76 µm²
2026-03-26 17:02:38 +0100: Memory Usage (450508K) : Metal3     Density % =  2.42%  [Min = 35.00%,  Max = 60.00%]
2026-03-26 17:02:38 +0100: Memory Usage (450508K) : 
2026-03-26 17:02:38 +0100: Memory Usage (450508K) : Metal4     Area      =  0.85 µm²
2026-03-26 17:02:38 +0100: Memory Usage (450508K) : Metal4     Density % =  0.01%  [Min = 35.00%,  Max = 60.00%]
2026-03-26 17:02:38 +0100: Memory Usage (450508K) : 
2026-03-26 17:02:38 +0100: Memory Usage (450508K) : Metal5     Area      = 733.38 µm²
2026-03-26 17:02:38 +0100: Memory Usage (450508K) : Metal5     Density % = 10.10%  [Min = 35.00%,  Max = 60.00%]
2026-03-26 17:02:38 +0100: Memory Usage (450508K) : 
2026-03-26 17:02:38 +0100: Memory Usage (450508K) : TopMetal1  Area      = 645.52 µm²
2026-03-26 17:02:38 +0100: Memory Usage (450508K) : TopMetal1  Density % =  8.89%  [Min = 25.00%,  Max = 70.00%]
2026-03-26 17:02:38 +0100: Memory Usage (450508K) : 
2026-03-26 17:02:38 +0100: Memory Usage (450508K) : TopMetal2  Area      =  0.00 µm²
2026-03-26 17:02:38 +0100: Memory Usage (450508K) : TopMetal2  Density % =  0.00%  [Min = 25.00%,  Max = 70.00%]
2026-03-26 17:02:38 +0100: Memory Usage (450508K) : 
2026-03-26 17:02:38 +0100: Memory Usage (450508K) : LBE        Area      =  0.00 µm²
2026-03-26 17:02:38 +0100: Memory Usage (450508K) : LBE        Density % =  0.00%  [Max = 70.00%]
2026-03-26 17:02:38 +0100: Memory Usage (450508K) : 
2026-03-26 17:02:38 +0100: Memory Usage (450508K) : KLayout DRC run for density table completed in 0.34 seconds
