# Logfile created on 2026-03-26 17:02:23 +0100 by logger.rb/v1.5.3
2026-03-26 17:02:24 +0100: Memory Usage (439032K) : Starting running IHP-SG13G2 KLayout DRC runset on /foss/designs/LDO.gds
2026-03-26 17:02:24 +0100: Memory Usage (439032K) : Ruby Version for klayout: 3.2.3
2026-03-26 17:02:24 +0100: Memory Usage (440056K) : Loading database to memory is complete.
2026-03-26 17:02:24 +0100: Memory Usage (440056K) : IHP-SG13G2 KLayout DRC runset output at: /foss/designs/drc_run_LDO/LDO_LDO_main.lyrdb
2026-03-26 17:02:24 +0100: Memory Usage (440184K) : Evaluate switches.
2026-03-26 17:02:24 +0100: Memory Usage (440184K) : tables selected: main
2026-03-26 17:02:24 +0100: Memory Usage (440184K) : KLayout will use 1 thread(s) in tiling mode.
2026-03-26 17:02:24 +0100: Memory Usage (440184K) : deep mode is enabled.
2026-03-26 17:02:24 +0100: Memory Usage (440312K) : FEOL enabled: true
2026-03-26 17:02:24 +0100: Memory Usage (440312K) : BEOL enabled: true
2026-03-26 17:02:24 +0100: Memory Usage (440312K) : OFFGRID enabled: true
2026-03-26 17:02:24 +0100: Memory Usage (440312K) : PIN enabled: true
2026-03-26 17:02:24 +0100: Memory Usage (440312K) : FORBIDDEN enabled: true
2026-03-26 17:02:24 +0100: Memory Usage (440312K) : RECOMMENDED enabled: true
2026-03-26 17:02:24 +0100: Memory Usage (440312K) : PreCheck DRC enabled: false
2026-03-26 17:02:24 +0100: Memory Usage (440312K) : CONNECTIVITY_RULES enabled: true.
2026-03-26 17:02:24 +0100: Memory Usage (440312K) : Read in polygons from layers.
2026-03-26 17:02:24 +0100: Memory Usage (441464K) : activ_drw has 613 polygons
2026-03-26 17:02:24 +0100: Memory Usage (441464K) : activ_pin has 0 polygons
2026-03-26 17:02:24 +0100: Memory Usage (441464K) : activ_mask has 0 polygons
2026-03-26 17:02:24 +0100: Memory Usage (441464K) : activ_filler has 0 polygons
2026-03-26 17:02:24 +0100: Memory Usage (441464K) : activ_nofill has 0 polygons
2026-03-26 17:02:24 +0100: Memory Usage (441464K) : activ_opc has 0 polygons
2026-03-26 17:02:24 +0100: Memory Usage (441464K) : activ_iopc has 0 polygons
2026-03-26 17:02:24 +0100: Memory Usage (441464K) : activ_noqrc has 0 polygons
2026-03-26 17:02:24 +0100: Memory Usage (441464K) : biwind_drw has 0 polygons
2026-03-26 17:02:24 +0100: Memory Usage (441464K) : biwind_opc has 0 polygons
2026-03-26 17:02:24 +0100: Memory Usage (441464K) : pemwind_drw has 0 polygons
2026-03-26 17:02:24 +0100: Memory Usage (441464K) : gatpoly_drw has 625 polygons
2026-03-26 17:02:24 +0100: Memory Usage (441464K) : gatpoly_pin has 181 polygons
2026-03-26 17:02:24 +0100: Memory Usage (441464K) : gatpoly_filler has 0 polygons
2026-03-26 17:02:24 +0100: Memory Usage (441464K) : gatpoly_nofill has 0 polygons
2026-03-26 17:02:24 +0100: Memory Usage (441464K) : gatpoly_opc has 0 polygons
2026-03-26 17:02:24 +0100: Memory Usage (441464K) : gatpoly_iopc has 0 polygons
2026-03-26 17:02:24 +0100: Memory Usage (441464K) : gatpoly_noqrc has 0 polygons
2026-03-26 17:02:24 +0100: Memory Usage (441592K) : cont_drw has 2474 polygons
2026-03-26 17:02:24 +0100: Memory Usage (441592K) : cont_opc has 0 polygons
2026-03-26 17:02:24 +0100: Memory Usage (441720K) : nsd_drw has 0 polygons
2026-03-26 17:02:24 +0100: Memory Usage (441848K) : nsd_block has 0 polygons
2026-03-26 17:02:24 +0100: Memory Usage (441848K) : metal1_drw has 1023 polygons
2026-03-26 17:02:24 +0100: Memory Usage (441848K) : metal1_pin has 490 polygons
2026-03-26 17:02:24 +0100: Memory Usage (441848K) : metal1_mask has 0 polygons
2026-03-26 17:02:24 +0100: Memory Usage (441976K) : metal1_filler has 0 polygons
2026-03-26 17:02:24 +0100: Memory Usage (441976K) : metal1_nofill has 0 polygons
2026-03-26 17:02:24 +0100: Memory Usage (442104K) : metal1_slit has 0 polygons
2026-03-26 17:02:24 +0100: Memory Usage (442104K) : metal1_text has 0 polygons
2026-03-26 17:02:24 +0100: Memory Usage (442232K) : metal1_opc has 0 polygons
2026-03-26 17:02:24 +0100: Memory Usage (442232K) : metal1_noqrc has 0 polygons
2026-03-26 17:02:24 +0100: Memory Usage (442360K) : metal1_res has 0 polygons
2026-03-26 17:02:24 +0100: Memory Usage (442360K) : metal1_iprobe has 0 polygons
2026-03-26 17:02:24 +0100: Memory Usage (442360K) : metal1_diffprb has 0 polygons
2026-03-26 17:02:24 +0100: Memory Usage (442488K) : passiv_drw has 0 polygons
2026-03-26 17:02:24 +0100: Memory Usage (442488K) : passiv_pin has 0 polygons
2026-03-26 17:02:24 +0100: Memory Usage (442616K) : passiv_sbump has 0 polygons
2026-03-26 17:02:24 +0100: Memory Usage (442616K) : passiv_pillar has 0 polygons
2026-03-26 17:02:24 +0100: Memory Usage (442744K) : passiv_pdl has 0 polygons
2026-03-26 17:02:24 +0100: Memory Usage (442744K) : metal2_drw has 234 polygons
2026-03-26 17:02:24 +0100: Memory Usage (442744K) : metal2_pin has 1 polygons
2026-03-26 17:02:24 +0100: Memory Usage (442872K) : metal2_mask has 0 polygons
2026-03-26 17:02:24 +0100: Memory Usage (442872K) : metal2_filler has 0 polygons
2026-03-26 17:02:24 +0100: Memory Usage (443000K) : metal2_nofill has 0 polygons
2026-03-26 17:02:24 +0100: Memory Usage (443000K) : metal2_slit has 0 polygons
2026-03-26 17:02:24 +0100: Memory Usage (443296K) : metal2_text has 1 polygons
2026-03-26 17:02:24 +0100: Memory Usage (443296K) : metal2_opc has 0 polygons
2026-03-26 17:02:24 +0100: Memory Usage (443296K) : metal2_noqrc has 0 polygons
2026-03-26 17:02:24 +0100: Memory Usage (443424K) : metal2_res has 0 polygons
2026-03-26 17:02:24 +0100: Memory Usage (443552K) : metal2_iprobe has 0 polygons
2026-03-26 17:02:24 +0100: Memory Usage (443552K) : metal2_diffprb has 0 polygons
2026-03-26 17:02:24 +0100: Memory Usage (443680K) : baspoly_drw has 0 polygons
2026-03-26 17:02:24 +0100: Memory Usage (443680K) : baspoly_pin has 0 polygons
2026-03-26 17:02:24 +0100: Memory Usage (443808K) : psd_drw has 249 polygons
2026-03-26 17:02:24 +0100: Memory Usage (443808K) : nldb_drw has 0 polygons
2026-03-26 17:02:24 +0100: Memory Usage (443808K) : digibnd_drw has 0 polygons
2026-03-26 17:02:24 +0100: Memory Usage (443936K) : via1_drw has 354 polygons
2026-03-26 17:02:24 +0100: Memory Usage (443936K) : backmetal1_drw has 0 polygons
2026-03-26 17:02:24 +0100: Memory Usage (444064K) : backmetal1_pin has 0 polygons
2026-03-26 17:02:24 +0100: Memory Usage (444064K) : backmetal1_mask has 0 polygons
2026-03-26 17:02:24 +0100: Memory Usage (444192K) : backmetal1_filler has 0 polygons
2026-03-26 17:02:24 +0100: Memory Usage (444192K) : backmetal1_nofill has 0 polygons
2026-03-26 17:02:24 +0100: Memory Usage (444320K) : backmetal1_slit has 0 polygons
2026-03-26 17:02:24 +0100: Memory Usage (444320K) : backmetal1_text has 0 polygons
2026-03-26 17:02:24 +0100: Memory Usage (444320K) : backmetal1_opc has 0 polygons
2026-03-26 17:02:24 +0100: Memory Usage (444448K) : backmetal1_noqrc has 0 polygons
2026-03-26 17:02:24 +0100: Memory Usage (444448K) : backmetal1_res has 0 polygons
2026-03-26 17:02:24 +0100: Memory Usage (444576K) : backmetal1_iprobe has 0 polygons
2026-03-26 17:02:24 +0100: Memory Usage (444576K) : backmetal1_diffprb has 0 polygons
2026-03-26 17:02:24 +0100: Memory Usage (444576K) : backpassiv_drw has 0 polygons
2026-03-26 17:02:24 +0100: Memory Usage (444576K) : res_drw has 0 polygons
2026-03-26 17:02:24 +0100: Memory Usage (444576K) : sram_drw has 0 polygons
2026-03-26 17:02:24 +0100: Memory Usage (444576K) : trans_drw has 0 polygons
2026-03-26 17:02:24 +0100: Memory Usage (444576K) : ind_drw has 0 polygons
2026-03-26 17:02:24 +0100: Memory Usage (444576K) : ind_pin has 0 polygons
2026-03-26 17:02:24 +0100: Memory Usage (444576K) : ind_text has 0 polygons
2026-03-26 17:02:24 +0100: Memory Usage (444576K) : salblock_drw has 64 polygons
2026-03-26 17:02:24 +0100: Memory Usage (444576K) : via2_drw has 290 polygons
2026-03-26 17:02:24 +0100: Memory Usage (444576K) : metal3_drw has 156 polygons
2026-03-26 17:02:24 +0100: Memory Usage (444576K) : metal3_pin has 3 polygons
2026-03-26 17:02:24 +0100: Memory Usage (444576K) : metal3_mask has 0 polygons
2026-03-26 17:02:24 +0100: Memory Usage (444576K) : metal3_filler has 0 polygons
2026-03-26 17:02:24 +0100: Memory Usage (444576K) : metal3_nofill has 0 polygons
2026-03-26 17:02:24 +0100: Memory Usage (444576K) : metal3_slit has 0 polygons
2026-03-26 17:02:24 +0100: Memory Usage (444576K) : metal3_text has 4 polygons
2026-03-26 17:02:24 +0100: Memory Usage (444576K) : metal3_opc has 0 polygons
2026-03-26 17:02:24 +0100: Memory Usage (444576K) : metal3_noqrc has 0 polygons
2026-03-26 17:02:24 +0100: Memory Usage (444576K) : metal3_res has 0 polygons
2026-03-26 17:02:24 +0100: Memory Usage (444576K) : metal3_iprobe has 0 polygons
2026-03-26 17:02:24 +0100: Memory Usage (444576K) : metal3_diffprb has 0 polygons
2026-03-26 17:02:24 +0100: Memory Usage (444576K) : nwell_drw has 36 polygons
2026-03-26 17:02:24 +0100: Memory Usage (444576K) : nwell_pin has 0 polygons
2026-03-26 17:02:24 +0100: Memory Usage (444576K) : nbulay_drw has 28 polygons
2026-03-26 17:02:24 +0100: Memory Usage (444576K) : nbulay_pin has 0 polygons
2026-03-26 17:02:24 +0100: Memory Usage (444576K) : nbulay_block has 0 polygons
2026-03-26 17:02:24 +0100: Memory Usage (444576K) : emwind_drw has 0 polygons
2026-03-26 17:02:24 +0100: Memory Usage (444576K) : emwind_opc has 0 polygons
2026-03-26 17:02:24 +0100: Memory Usage (444576K) : deepco_drw has 0 polygons
2026-03-26 17:02:24 +0100: Memory Usage (444576K) : deepco_drw has 0 polygons
2026-03-26 17:02:24 +0100: Memory Usage (444576K) : mim_drw has 1 polygons
2026-03-26 17:02:24 +0100: Memory Usage (444576K) : edgeseal_drw has 0 polygons
2026-03-26 17:02:24 +0100: Memory Usage (444576K) : edgeseal_bound has 0 polygons
2026-03-26 17:02:24 +0100: Memory Usage (444576K) : substrate_drw has 57 polygons
2026-03-26 17:02:24 +0100: Memory Usage (444576K) : substrate_text has 0 polygons
2026-03-26 17:02:24 +0100: Memory Usage (444576K) : dfpad_drw has 0 polygons
2026-03-26 17:02:24 +0100: Memory Usage (444576K) : dfpad_pillar has 0 polygons
2026-03-26 17:02:24 +0100: Memory Usage (444576K) : dfpad_sbump has 0 polygons
2026-03-26 17:02:24 +0100: Memory Usage (444576K) : thickgateox_drw has 181 polygons
2026-03-26 17:02:24 +0100: Memory Usage (444576K) : pldb_drw has 0 polygons
2026-03-26 17:02:24 +0100: Memory Usage (444576K) : pwell_drw has 0 polygons
2026-03-26 17:02:24 +0100: Memory Usage (444576K) : pwell_pin has 0 polygons
2026-03-26 17:02:24 +0100: Memory Usage (444576K) : pwell_block has 0 polygons
2026-03-26 17:02:24 +0100: Memory Usage (444576K) : ic_drw has 0 polygons
2026-03-26 17:02:24 +0100: Memory Usage (444576K) : via3_drw has 8 polygons
2026-03-26 17:02:24 +0100: Memory Usage (444576K) : metal4_drw has 2 polygons
2026-03-26 17:02:24 +0100: Memory Usage (444576K) : metal4_pin has 0 polygons
2026-03-26 17:02:24 +0100: Memory Usage (444576K) : metal4_mask has 0 polygons
2026-03-26 17:02:24 +0100: Memory Usage (444576K) : metal4_filler has 0 polygons
2026-03-26 17:02:24 +0100: Memory Usage (444576K) : metal4_nofill has 0 polygons
2026-03-26 17:02:24 +0100: Memory Usage (444576K) : metal4_slit has 0 polygons
2026-03-26 17:02:24 +0100: Memory Usage (444576K) : metal4_text has 0 polygons
2026-03-26 17:02:24 +0100: Memory Usage (444576K) : metal4_opc has 0 polygons
2026-03-26 17:02:24 +0100: Memory Usage (444576K) : metal4_noqrc has 0 polygons
2026-03-26 17:02:24 +0100: Memory Usage (444576K) : metal4_res has 0 polygons
2026-03-26 17:02:24 +0100: Memory Usage (444576K) : metal4_iprobe has 0 polygons
2026-03-26 17:02:24 +0100: Memory Usage (444576K) : metal4_diffprb has 0 polygons
2026-03-26 17:02:24 +0100: Memory Usage (444576K) : heattrans_drw has 181 polygons
2026-03-26 17:02:24 +0100: Memory Usage (444576K) : heatres_drw has 64 polygons
2026-03-26 17:02:24 +0100: Memory Usage (444576K) : pempoly_drw has 0 polygons
2026-03-26 17:02:24 +0100: Memory Usage (444576K) : fbe_drw has 0 polygons
2026-03-26 17:02:24 +0100: Memory Usage (444576K) : empoly_drw has 0 polygons
2026-03-26 17:02:24 +0100: Memory Usage (444576K) : ldmos_drw has 0 polygons
2026-03-26 17:02:24 +0100: Memory Usage (444576K) : pbiwind_drw has 0 polygons
2026-03-26 17:02:24 +0100: Memory Usage (444576K) : digisub_drw has 0 polygons
2026-03-26 17:02:24 +0100: Memory Usage (444576K) : nodrc_drw has 0 polygons
2026-03-26 17:02:24 +0100: Memory Usage (444576K) : text_drw has 256 polygons
2026-03-26 17:02:24 +0100: Memory Usage (444576K) : via4_drw has 8 polygons
2026-03-26 17:02:24 +0100: Memory Usage (444576K) : metal5_drw has 4 polygons
2026-03-26 17:02:24 +0100: Memory Usage (444576K) : metal5_pin has 0 polygons
2026-03-26 17:02:24 +0100: Memory Usage (444576K) : metal5_mask has 0 polygons
2026-03-26 17:02:24 +0100: Memory Usage (444576K) : metal5_filler has 0 polygons
2026-03-26 17:02:24 +0100: Memory Usage (444576K) : metal5_nofill has 0 polygons
2026-03-26 17:02:24 +0100: Memory Usage (444576K) : metal5_slit has 0 polygons
2026-03-26 17:02:24 +0100: Memory Usage (444576K) : metal5_text has 0 polygons
2026-03-26 17:02:24 +0100: Memory Usage (444576K) : metal5_opc has 0 polygons
2026-03-26 17:02:24 +0100: Memory Usage (444576K) : metal5_noqrc has 0 polygons
2026-03-26 17:02:24 +0100: Memory Usage (444576K) : metal5_res has 0 polygons
2026-03-26 17:02:24 +0100: Memory Usage (444576K) : metal5_iprobe has 0 polygons
2026-03-26 17:02:24 +0100: Memory Usage (444576K) : metal5_diffprb has 0 polygons
2026-03-26 17:02:24 +0100: Memory Usage (444576K) : radhard_drw has 0 polygons
2026-03-26 17:02:24 +0100: Memory Usage (444576K) : memcap_drw has 0 polygons
2026-03-26 17:02:24 +0100: Memory Usage (444704K) : varicap_drw has 0 polygons
2026-03-26 17:02:24 +0100: Memory Usage (444704K) : flash_drw has 0 polygons
2026-03-26 17:02:24 +0100: Memory Usage (444704K) : intbondvia_drw has 0 polygons
2026-03-26 17:02:24 +0100: Memory Usage (444832K) : intbondmet_drw has 0 polygons
2026-03-26 17:02:24 +0100: Memory Usage (444832K) : devbondvia_drw has 0 polygons
2026-03-26 17:02:24 +0100: Memory Usage (444832K) : devbondmet_drw has 0 polygons
2026-03-26 17:02:24 +0100: Memory Usage (444832K) : devtrench_drw has 0 polygons
2026-03-26 17:02:24 +0100: Memory Usage (444960K) : redist_drw has 0 polygons
2026-03-26 17:02:24 +0100: Memory Usage (444960K) : graphbot_drw has 0 polygons
2026-03-26 17:02:24 +0100: Memory Usage (444960K) : graphtop_drw has 0 polygons
2026-03-26 17:02:24 +0100: Memory Usage (445088K) : antvia1_drw has 0 polygons
2026-03-26 17:02:24 +0100: Memory Usage (445088K) : antmetal2_drw has 0 polygons
2026-03-26 17:02:24 +0100: Memory Usage (445088K) : graphcont_drw has 0 polygons
2026-03-26 17:02:24 +0100: Memory Usage (445088K) : siwg_drw has 0 polygons
2026-03-26 17:02:24 +0100: Memory Usage (445216K) : siwg_filler has 0 polygons
2026-03-26 17:02:24 +0100: Memory Usage (445216K) : siwg_nofill has 0 polygons
2026-03-26 17:02:24 +0100: Memory Usage (445216K) : sigrating_drw has 0 polygons
2026-03-26 17:02:24 +0100: Memory Usage (445344K) : singrating_drw has 0 polygons
2026-03-26 17:02:24 +0100: Memory Usage (445344K) : graphpas_drw has 0 polygons
2026-03-26 17:02:24 +0100: Memory Usage (445344K) : emwind3_drw has 0 polygons
2026-03-26 17:02:24 +0100: Memory Usage (445472K) : emwihv3_drw has 0 polygons
2026-03-26 17:02:24 +0100: Memory Usage (445472K) : redbulay_drw has 0 polygons
2026-03-26 17:02:24 +0100: Memory Usage (445472K) : smos_drw has 0 polygons
2026-03-26 17:02:24 +0100: Memory Usage (445472K) : graphpad_drw has 0 polygons
2026-03-26 17:02:24 +0100: Memory Usage (445600K) : polimide_drw has 0 polygons
2026-03-26 17:02:24 +0100: Memory Usage (445600K) : polimide_pin has 0 polygons
2026-03-26 17:02:24 +0100: Memory Usage (445600K) : recog_drw has 0 polygons
2026-03-26 17:02:24 +0100: Memory Usage (445728K) : recog_pin has 0 polygons
2026-03-26 17:02:24 +0100: Memory Usage (445728K) : recog_esd has 0 polygons
2026-03-26 17:02:24 +0100: Memory Usage (445728K) : recog_diode has 0 polygons
2026-03-26 17:02:24 +0100: Memory Usage (445856K) : recog_tsv has 0 polygons
2026-03-26 17:02:24 +0100: Memory Usage (445856K) : recog_iprobe has 0 polygons
2026-03-26 17:02:24 +0100: Memory Usage (445856K) : recog_diffprb has 0 polygons
2026-03-26 17:02:24 +0100: Memory Usage (445856K) : recog_pillar has 0 polygons
2026-03-26 17:02:24 +0100: Memory Usage (445984K) : recog_sbump has 0 polygons
2026-03-26 17:02:24 +0100: Memory Usage (445984K) : recog_otp has 0 polygons
2026-03-26 17:02:24 +0100: Memory Usage (445984K) : recog_pdiode has 0 polygons
2026-03-26 17:02:24 +0100: Memory Usage (445984K) : recog_mom has 0 polygons
2026-03-26 17:02:24 +0100: Memory Usage (446112K) : recog_pcm has 0 polygons
2026-03-26 17:02:24 +0100: Memory Usage (446112K) : colopen_drw has 0 polygons
2026-03-26 17:02:24 +0100: Memory Usage (446240K) : graphmetal1_drw has 0 polygons
2026-03-26 17:02:24 +0100: Memory Usage (446240K) : graphmetal1_filler has 0 polygons
2026-03-26 17:02:24 +0100: Memory Usage (446240K) : graphmetal1_nofill has 0 polygons
2026-03-26 17:02:24 +0100: Memory Usage (446368K) : graphmetal1_slit has 0 polygons
2026-03-26 17:02:24 +0100: Memory Usage (446368K) : graphmetal1_opc has 0 polygons
2026-03-26 17:02:24 +0100: Memory Usage (446496K) : graphmet1l_drw has 0 polygons
2026-03-26 17:02:24 +0100: Memory Usage (446496K) : graphmet1l_filler has 0 polygons
2026-03-26 17:02:24 +0100: Memory Usage (446496K) : graphmet1l_nofill has 0 polygons
2026-03-26 17:02:24 +0100: Memory Usage (446624K) : graphmet1l_slit has 0 polygons
2026-03-26 17:02:24 +0100: Memory Usage (446624K) : graphmet1l_opc has 0 polygons
2026-03-26 17:02:24 +0100: Memory Usage (446752K) : extblock_drw has 192 polygons
2026-03-26 17:02:24 +0100: Memory Usage (446752K) : nldd_drw has 0 polygons
2026-03-26 17:02:24 +0100: Memory Usage (446752K) : pldd_drw has 0 polygons
2026-03-26 17:02:24 +0100: Memory Usage (446880K) : next_drw has 0 polygons
2026-03-26 17:02:24 +0100: Memory Usage (446880K) : pext_drw has 0 polygons
2026-03-26 17:02:24 +0100: Memory Usage (447008K) : nexthv_drw has 0 polygons
2026-03-26 17:02:24 +0100: Memory Usage (447008K) : pexthv_drw has 0 polygons
2026-03-26 17:02:24 +0100: Memory Usage (447008K) : graphgate_drw has 0 polygons
2026-03-26 17:02:24 +0100: Memory Usage (447136K) : sinwg_drw has 0 polygons
2026-03-26 17:02:24 +0100: Memory Usage (447136K) : sinwg_filler has 0 polygons
2026-03-26 17:02:24 +0100: Memory Usage (447264K) : sinwg_nofill has 0 polygons
2026-03-26 17:02:24 +0100: Memory Usage (447264K) : mempad_drw has 0 polygons
2026-03-26 17:02:24 +0100: Memory Usage (447264K) : topvia1_drw has 1 polygons
2026-03-26 17:02:24 +0100: Memory Usage (447392K) : topmetal1_drw has 3 polygons
2026-03-26 17:02:24 +0100: Memory Usage (447392K) : topmetal1_pin has 0 polygons
2026-03-26 17:02:24 +0100: Memory Usage (447520K) : topmetal1_mask has 0 polygons
2026-03-26 17:02:24 +0100: Memory Usage (447520K) : topmetal1_filler has 0 polygons
2026-03-26 17:02:24 +0100: Memory Usage (447648K) : topmetal1_nofill has 0 polygons
2026-03-26 17:02:24 +0100: Memory Usage (447648K) : topmetal1_slit has 0 polygons
2026-03-26 17:02:24 +0100: Memory Usage (447648K) : topmetal1_text has 0 polygons
2026-03-26 17:02:24 +0100: Memory Usage (447776K) : topmetal1_noqrc has 0 polygons
2026-03-26 17:02:24 +0100: Memory Usage (447776K) : topmetal1_res has 0 polygons
2026-03-26 17:02:24 +0100: Memory Usage (447776K) : topmetal1_iprobe has 0 polygons
2026-03-26 17:02:24 +0100: Memory Usage (447904K) : topmetal1_diffprb has 0 polygons
2026-03-26 17:02:24 +0100: Memory Usage (447904K) : inldpwl_drw has 0 polygons
2026-03-26 17:02:24 +0100: Memory Usage (448032K) : polyres_drw has 64 polygons
2026-03-26 17:02:24 +0100: Memory Usage (448032K) : polyres_pin has 0 polygons
2026-03-26 17:02:24 +0100: Memory Usage (448160K) : vmim_drw has 400 polygons
2026-03-26 17:02:24 +0100: Memory Usage (448160K) : nbulaycut_drw has 0 polygons
2026-03-26 17:02:24 +0100: Memory Usage (448160K) : antmetal1_drw has 0 polygons
2026-03-26 17:02:24 +0100: Memory Usage (448288K) : topvia2_drw has 0 polygons
2026-03-26 17:02:24 +0100: Memory Usage (448288K) : topmetal2_drw has 0 polygons
2026-03-26 17:02:24 +0100: Memory Usage (448288K) : topmetal2_pin has 0 polygons
2026-03-26 17:02:24 +0100: Memory Usage (448416K) : topmetal2_mask has 0 polygons
2026-03-26 17:02:24 +0100: Memory Usage (448416K) : topmetal2_filler has 0 polygons
2026-03-26 17:02:24 +0100: Memory Usage (448544K) : topmetal2_nofill has 0 polygons
2026-03-26 17:02:24 +0100: Memory Usage (448544K) : topmetal2_slit has 0 polygons
2026-03-26 17:02:24 +0100: Memory Usage (448672K) : topmetal2_text has 0 polygons
2026-03-26 17:02:24 +0100: Memory Usage (448672K) : topmetal2_noqrc has 0 polygons
2026-03-26 17:02:24 +0100: Memory Usage (448672K) : topmetal2_res has 0 polygons
2026-03-26 17:02:24 +0100: Memory Usage (448800K) : topmetal2_iprobe has 0 polygons
2026-03-26 17:02:24 +0100: Memory Usage (448800K) : topmetal2_diffprb has 0 polygons
2026-03-26 17:02:24 +0100: Memory Usage (448928K) : snsring_drw has 0 polygons
2026-03-26 17:02:24 +0100: Memory Usage (448928K) : sensor_drw has 0 polygons
2026-03-26 17:02:24 +0100: Memory Usage (448928K) : snsarms_drw has 0 polygons
2026-03-26 17:02:24 +0100: Memory Usage (449056K) : snscmosvia_drw has 0 polygons
2026-03-26 17:02:24 +0100: Memory Usage (449056K) : colwind_drw has 0 polygons
2026-03-26 17:02:24 +0100: Memory Usage (449184K) : flm_drw has 0 polygons
2026-03-26 17:02:24 +0100: Memory Usage (449184K) : hafniumox_drw has 0 polygons
2026-03-26 17:02:24 +0100: Memory Usage (449184K) : memvia_drw has 0 polygons
2026-03-26 17:02:24 +0100: Memory Usage (449312K) : thinfilmres_drw has 0 polygons
2026-03-26 17:02:24 +0100: Memory Usage (449312K) : rfmem_drw has 0 polygons
2026-03-26 17:02:24 +0100: Memory Usage (449440K) : norcx_drw has 0 polygons
2026-03-26 17:02:24 +0100: Memory Usage (449440K) : norcx_m2m3 has 0 polygons
2026-03-26 17:02:24 +0100: Memory Usage (449440K) : norcx_m2m4 has 0 polygons
2026-03-26 17:02:24 +0100: Memory Usage (449568K) : norcx_m2m5 has 0 polygons
2026-03-26 17:02:24 +0100: Memory Usage (449568K) : norcx_m2tm1 has 0 polygons
2026-03-26 17:02:24 +0100: Memory Usage (449696K) : norcx_m2tm2 has 0 polygons
2026-03-26 17:02:24 +0100: Memory Usage (449696K) : norcx_m3m4 has 0 polygons
2026-03-26 17:02:24 +0100: Memory Usage (449696K) : norcx_m3m5 has 0 polygons
2026-03-26 17:02:24 +0100: Memory Usage (449824K) : norcx_m3tm1 has 0 polygons
2026-03-26 17:02:24 +0100: Memory Usage (449824K) : norcx_m3tm2 has 0 polygons
2026-03-26 17:02:24 +0100: Memory Usage (449952K) : norcx_m4m5 has 0 polygons
2026-03-26 17:02:24 +0100: Memory Usage (449952K) : norcx_m4tm1 has 0 polygons
2026-03-26 17:02:24 +0100: Memory Usage (449952K) : norcx_m4tm2 has 0 polygons
2026-03-26 17:02:24 +0100: Memory Usage (450080K) : norcx_m5tm1 has 0 polygons
2026-03-26 17:02:24 +0100: Memory Usage (450080K) : norcx_m5tm2 has 0 polygons
2026-03-26 17:02:24 +0100: Memory Usage (450208K) : norcx_tm1tm2 has 0 polygons
2026-03-26 17:02:24 +0100: Memory Usage (450208K) : norcx_m1sub has 0 polygons
2026-03-26 17:02:24 +0100: Memory Usage (450208K) : norcx_m2sub has 0 polygons
2026-03-26 17:02:24 +0100: Memory Usage (450336K) : norcx_m3sub has 0 polygons
2026-03-26 17:02:24 +0100: Memory Usage (450336K) : norcx_m4sub has 0 polygons
2026-03-26 17:02:24 +0100: Memory Usage (450464K) : norcx_m5sub has 0 polygons
2026-03-26 17:02:24 +0100: Memory Usage (450464K) : norcx_tm1sub has 0 polygons
2026-03-26 17:02:24 +0100: Memory Usage (450464K) : norcx_tm2sub has 0 polygons
2026-03-26 17:02:24 +0100: Memory Usage (450464K) : snsbotvia_drw has 0 polygons
2026-03-26 17:02:24 +0100: Memory Usage (450464K) : snstopvia_drw has 0 polygons
2026-03-26 17:02:24 +0100: Memory Usage (450464K) : deepvia_drw has 0 polygons
2026-03-26 17:02:24 +0100: Memory Usage (450464K) : fgetch_drw has 0 polygons
2026-03-26 17:02:24 +0100: Memory Usage (450464K) : ctrgat_drw has 0 polygons
2026-03-26 17:02:24 +0100: Memory Usage (450464K) : fgimp_drw has 0 polygons
2026-03-26 17:02:24 +0100: Memory Usage (450464K) : emwihv_drw has 0 polygons
2026-03-26 17:02:24 +0100: Memory Usage (450464K) : lbe_drw has 0 polygons
2026-03-26 17:02:24 +0100: Memory Usage (450464K) : alcustop_drw has 0 polygons
2026-03-26 17:02:24 +0100: Memory Usage (450464K) : nometfiller_drw has 0 polygons
2026-03-26 17:02:24 +0100: Memory Usage (450464K) : prboundary_drw has 0 polygons
2026-03-26 17:02:24 +0100: Memory Usage (450464K) : exchange0_drw has 0 polygons
2026-03-26 17:02:24 +0100: Memory Usage (450464K) : exchange0_pin has 0 polygons
2026-03-26 17:02:24 +0100: Memory Usage (450464K) : exchange0_text has 0 polygons
2026-03-26 17:02:24 +0100: Memory Usage (450464K) : exchange1_drw has 0 polygons
2026-03-26 17:02:24 +0100: Memory Usage (450464K) : exchange1_pin has 0 polygons
2026-03-26 17:02:24 +0100: Memory Usage (450464K) : exchange1_text has 0 polygons
2026-03-26 17:02:24 +0100: Memory Usage (450464K) : exchange2_drw has 0 polygons
2026-03-26 17:02:24 +0100: Memory Usage (450464K) : exchange2_pin has 0 polygons
2026-03-26 17:02:24 +0100: Memory Usage (450464K) : exchange2_text has 0 polygons
2026-03-26 17:02:24 +0100: Memory Usage (450464K) : exchange3_drw has 0 polygons
2026-03-26 17:02:24 +0100: Memory Usage (450464K) : exchange3_pin has 0 polygons
2026-03-26 17:02:24 +0100: Memory Usage (450464K) : exchange3_text has 0 polygons
2026-03-26 17:02:24 +0100: Memory Usage (450464K) : exchange4_drw has 0 polygons
2026-03-26 17:02:24 +0100: Memory Usage (450464K) : exchange4_pin has 0 polygons
2026-03-26 17:02:24 +0100: Memory Usage (450464K) : exchange4_text has 0 polygons
2026-03-26 17:02:24 +0100: Memory Usage (450464K) : isonwell_drw has 0 polygons
2026-03-26 17:02:24 +0100: Memory Usage (450464K) : Total no. of polygons in the design is 8248
2026-03-26 17:02:24 +0100: Memory Usage (450464K) : Loaded TECH DRC rules values from /foss/pdks/ihp-sg13g2/libs.tech/klayout/python/sg13g2_pycell_lib/sg13g2_tech_mod.json
2026-03-26 17:02:24 +0100: Memory Usage (450464K) : Loaded default DRC rules values from /foss/pdks/ihp-sg13g2/libs.tech/klayout/tech/drc/rule_decks/sg13g2_tech_default.json
2026-03-26 17:02:24 +0100: Memory Usage (450464K) : The following rules values were missing in tech json and default values were used:
2026-03-26 17:02:24 +0100: Memory Usage (450464K) :   - Cnt_c_digibnd
2026-03-26 17:02:24 +0100: Memory Usage (451616K) : Total area of the design is 7262.760875 um^2.
2026-03-26 17:02:24 +0100: Memory Usage (451616K) : The design dimensions are 133.225 µm * 54.515 µm.
2026-03-26 17:02:24 +0100: Memory Usage (451616K) : Starting general IHP-SG13G2 derivations.
2026-03-26 17:02:24 +0100: Memory Usage (451616K) : Starting Pwell derivations
2026-03-26 17:02:25 +0100: Memory Usage (453812K) : Starting n-Activ derivations
2026-03-26 17:02:25 +0100: Memory Usage (454324K) : Starting p-Activ derivations
2026-03-26 17:02:25 +0100: Memory Usage (454324K) : Starting ptap derivations
2026-03-26 17:02:25 +0100: Memory Usage (454324K) : Starting ntap derivations
2026-03-26 17:02:25 +0100: Memory Usage (454324K) : Starting pact FET derivations
2026-03-26 17:02:25 +0100: Memory Usage (454324K) : Starting nact FET derivations
2026-03-26 17:02:25 +0100: Memory Usage (454324K) : Starting Gate derivations
2026-03-26 17:02:25 +0100: Memory Usage (454324K) : Starting cont/contbar general derivations
2026-03-26 17:02:25 +0100: Memory Usage (454324K) : Starting pad general derivations
2026-03-26 17:02:25 +0100: Memory Usage (454324K) : Starting IHP-SG13G2 DRC connectivity related derivations.
2026-03-26 17:02:25 +0100: Memory Usage (454452K) : Starting IHP-SG13G2 DRC connectivity setup
2026-03-26 17:02:25 +0100: Memory Usage (454708K) : Starting IHP-SG13G2 DRC rules.
2026-03-26 17:02:25 +0100: Memory Usage (454708K) : Running all FEOL rules
2026-03-26 17:02:25 +0100: Memory Usage (454708K) : Running all BEOL rules
2026-03-26 17:02:25 +0100: Memory Usage (454708K) : Running all PIN rules
2026-03-26 17:02:25 +0100: Memory Usage (454708K) : Running all FORBIDDEN rules
2026-03-26 17:02:25 +0100: Memory Usage (454708K) : Starting 5.1 NWell table
2026-03-26 17:02:25 +0100: Memory Usage (454708K) : Executing rule NW.b
2026-03-26 17:02:25 +0100: Memory Usage (455408K) : Executing rule NW.b1
2026-03-26 17:02:25 +0100: Memory Usage (455408K) : Starting 5.2 PWell:block
2026-03-26 17:02:25 +0100: Memory Usage (455408K) : Executing rule PWB.e
2026-03-26 17:02:25 +0100: Memory Usage (455408K) : Executing rule PWB.e1
2026-03-26 17:02:25 +0100: Memory Usage (455408K) : Executing rule PWB.f
2026-03-26 17:02:25 +0100: Memory Usage (455408K) : Executing rule PWB.f1
2026-03-26 17:02:25 +0100: Memory Usage (455408K) : Starting 5.3 nBuLay table
2026-03-26 17:02:25 +0100: Memory Usage (455408K) : Executing rule NBL.b
2026-03-26 17:02:25 +0100: Memory Usage (455408K) : Executing rule NBL.c
2026-03-26 17:02:25 +0100: Memory Usage (455408K) : Executing rule NBL.d
2026-03-26 17:02:25 +0100: Memory Usage (455408K) : Executing rule NBL.e
2026-03-26 17:02:25 +0100: Memory Usage (455408K) : Executing rule NBL.f
2026-03-26 17:02:25 +0100: Memory Usage (455408K) : Starting 5.5. Activ table
2026-03-26 17:02:25 +0100: Memory Usage (455408K) : Executing rule Act.a
2026-03-26 17:02:25 +0100: Memory Usage (455408K) : Executing rule Act.b
2026-03-26 17:02:25 +0100: Memory Usage (455536K) : Starting 5.6 Activ:filler table
2026-03-26 17:02:25 +0100: Memory Usage (455536K) : Executing rule AFil.c1
2026-03-26 17:02:25 +0100: Memory Usage (455536K) : Executing rule AFil.c
2026-03-26 17:02:25 +0100: Memory Usage (455536K) : Executing rule AFil.d
2026-03-26 17:02:25 +0100: Memory Usage (455536K) : Executing rule AFil.e
2026-03-26 17:02:26 +0100: Memory Usage (455536K) : Executing rule AFil.j
2026-03-26 17:02:26 +0100: Memory Usage (455664K) : Starting 5.7. ThickGateOx table
2026-03-26 17:02:26 +0100: Memory Usage (455664K) : Executing rule TGO.f
2026-03-26 17:02:26 +0100: Memory Usage (455664K) : Starting 5.8. GatPoly table
2026-03-26 17:02:26 +0100: Memory Usage (455664K) : Executing rule Gat.a
2026-03-26 17:02:26 +0100: Memory Usage (455664K) : Executing rule Gat.b
2026-03-26 17:02:26 +0100: Memory Usage (455664K) : Executing rule Gat.d
2026-03-26 17:02:26 +0100: Memory Usage (455664K) : Executing rule Gat.a1
2026-03-26 17:02:26 +0100: Memory Usage (455920K) : Executing rule Gat.a2
2026-03-26 17:02:26 +0100: Memory Usage (455920K) : Executing rule Gat.g
2026-03-26 17:02:26 +0100: Memory Usage (455920K) : Starting 5.9 GatPoly:filler
2026-03-26 17:02:26 +0100: Memory Usage (455920K) : Executing rule GFil.d
2026-03-26 17:02:26 +0100: Memory Usage (455920K) : Executing rule GFil.e
2026-03-26 17:02:26 +0100: Memory Usage (455920K) : Executing rule GFil.i
2026-03-26 17:02:26 +0100: Memory Usage (455920K) : Starting 5.10 pSD table
2026-03-26 17:02:26 +0100: Memory Usage (455920K) : Executing rule pSD.c1
2026-03-26 17:02:26 +0100: Memory Usage (455920K) : Starting 5.14. Cont table
2026-03-26 17:02:26 +0100: Memory Usage (455920K) : Executing rule Cnt.a
2026-03-26 17:02:26 +0100: Memory Usage (455920K) : Executing rule Cnt.b
2026-03-26 17:02:26 +0100: Memory Usage (455920K) : Executing rule Cnt.c
2026-03-26 17:02:26 +0100: Memory Usage (455920K) : Executing rule Cnt.c
2026-03-26 17:02:26 +0100: Memory Usage (455920K) : Executing rule Cnt.d
2026-03-26 17:02:26 +0100: Memory Usage (455920K) : Executing rule Cnt.e
2026-03-26 17:02:26 +0100: Memory Usage (455920K) : Executing rule Cnt.g1
2026-03-26 17:02:26 +0100: Memory Usage (455920K) : Executing rule Cnt.g2
2026-03-26 17:02:26 +0100: Memory Usage (455920K) : Starting 5.15. ContBar table
2026-03-26 17:02:26 +0100: Memory Usage (455920K) : Executing rule CntB.b1
2026-03-26 17:02:26 +0100: Memory Usage (455920K) : Executing rule CntB.h1
2026-03-26 17:02:26 +0100: Memory Usage (455920K) : Starting 6.1.3 NPN Substrate-Tie table
2026-03-26 17:02:26 +0100: Memory Usage (455920K) : Executing rule npn13G2.bR 
2026-03-26 17:02:26 +0100: Memory Usage (455920K) : Executing rule npn13G2L.cR 
2026-03-26 17:02:26 +0100: Memory Usage (455920K) : Executing rule npn13G2V.cR 
2026-03-26 17:02:26 +0100: Memory Usage (455920K) : Starting 6.7 Schottky diode table
2026-03-26 17:02:26 +0100: Memory Usage (455920K) : Executing rule Sdiod.d
2026-03-26 17:02:26 +0100: Memory Usage (455920K) : Executing rule Sdiod.e
2026-03-26 17:02:26 +0100: Memory Usage (455920K) : Starting 7.2 Latch-up table
2026-03-26 17:02:26 +0100: Memory Usage (455920K) : Executing rule LU.b
2026-03-26 17:02:26 +0100: Memory Usage (455920K) : Starting 5.16. Metal1 table
2026-03-26 17:02:26 +0100: Memory Usage (455920K) : Executing rule M1.a
2026-03-26 17:02:26 +0100: Memory Usage (455920K) : Executing rule M1.b
2026-03-26 17:02:26 +0100: Memory Usage (456176K) : Executing rule M1.e
2026-03-26 17:02:26 +0100: Memory Usage (456176K) : Executing rule M1.f
2026-03-26 17:02:26 +0100: Memory Usage (456176K) : Executing rule M1.g
2026-03-26 17:02:27 +0100: Memory Usage (456176K) : Executing rule M1.i
2026-03-26 17:02:27 +0100: Memory Usage (456176K) : Starting 5.17 Metaln table
2026-03-26 17:02:27 +0100: Memory Usage (456176K) : Executing rule M2.a
2026-03-26 17:02:27 +0100: Memory Usage (456176K) : Executing rule M2.b
2026-03-26 17:02:27 +0100: Memory Usage (456176K) : Executing rule M2.e
2026-03-26 17:02:27 +0100: Memory Usage (456176K) : Executing rule M2.f
2026-03-26 17:02:27 +0100: Memory Usage (456176K) : Executing rule M2.g
2026-03-26 17:02:27 +0100: Memory Usage (456176K) : Executing rule M2.i
2026-03-26 17:02:27 +0100: Memory Usage (456176K) : Executing rule M3.a
2026-03-26 17:02:27 +0100: Memory Usage (456176K) : Executing rule M3.b
2026-03-26 17:02:27 +0100: Memory Usage (456176K) : Executing rule M3.e
2026-03-26 17:02:27 +0100: Memory Usage (456176K) : Executing rule M3.f
2026-03-26 17:02:27 +0100: Memory Usage (456176K) : Executing rule M3.g
2026-03-26 17:02:27 +0100: Memory Usage (456176K) : Executing rule M3.i
2026-03-26 17:02:27 +0100: Memory Usage (456176K) : Executing rule M4.a
2026-03-26 17:02:27 +0100: Memory Usage (456176K) : Executing rule M4.b
2026-03-26 17:02:27 +0100: Memory Usage (456176K) : Executing rule M4.e
2026-03-26 17:02:27 +0100: Memory Usage (456176K) : Executing rule M4.f
2026-03-26 17:02:27 +0100: Memory Usage (456176K) : Executing rule M4.g
2026-03-26 17:02:27 +0100: Memory Usage (456176K) : Executing rule M4.i
2026-03-26 17:02:27 +0100: Memory Usage (456176K) : Executing rule M5.a
2026-03-26 17:02:27 +0100: Memory Usage (456176K) : Executing rule M5.b
2026-03-26 17:02:27 +0100: Memory Usage (456176K) : Executing rule M5.e
2026-03-26 17:02:27 +0100: Memory Usage (456176K) : Executing rule M5.f
2026-03-26 17:02:27 +0100: Memory Usage (456176K) : Executing rule M5.g
2026-03-26 17:02:27 +0100: Memory Usage (456176K) : Executing rule M5.i
2026-03-26 17:02:27 +0100: Memory Usage (456176K) : Starting 5.18 Metaln:filler table
2026-03-26 17:02:27 +0100: Memory Usage (456176K) : Executing rule M1Fil.c
2026-03-26 17:02:27 +0100: Memory Usage (456176K) : Executing rule M1Fil.a2
2026-03-26 17:02:27 +0100: Memory Usage (456176K) : Executing rule M2Fil.c
2026-03-26 17:02:27 +0100: Memory Usage (456176K) : Executing rule M2Fil.a2
2026-03-26 17:02:27 +0100: Memory Usage (456176K) : Executing rule M3Fil.c
2026-03-26 17:02:27 +0100: Memory Usage (456176K) : Executing rule M3Fil.a2
2026-03-26 17:02:27 +0100: Memory Usage (456176K) : Executing rule M4Fil.c
2026-03-26 17:02:27 +0100: Memory Usage (456176K) : Executing rule M4Fil.a2
2026-03-26 17:02:27 +0100: Memory Usage (456176K) : Executing rule M5Fil.c
2026-03-26 17:02:27 +0100: Memory Usage (456176K) : Executing rule M5Fil.a2
2026-03-26 17:02:27 +0100: Memory Usage (456176K) : Starting 5.19. Via1 table
2026-03-26 17:02:27 +0100: Memory Usage (456176K) : Starting 5.19. Via1 table derivations
2026-03-26 17:02:27 +0100: Memory Usage (456176K) : Executing rule V1.a
2026-03-26 17:02:27 +0100: Memory Usage (456176K) : Executing rule V1.b
2026-03-26 17:02:27 +0100: Memory Usage (456176K) : Executing rule V1.c
2026-03-26 17:02:27 +0100: Memory Usage (456176K) : Starting 5.20. Vian table
2026-03-26 17:02:27 +0100: Memory Usage (456176K) : Executing rule V2.a
2026-03-26 17:02:27 +0100: Memory Usage (456176K) : Executing rule V2.b
2026-03-26 17:02:27 +0100: Memory Usage (456176K) : Executing rule V2.c
2026-03-26 17:02:27 +0100: Memory Usage (456176K) : Executing rule V3.a
2026-03-26 17:02:27 +0100: Memory Usage (456176K) : Executing rule V3.b
2026-03-26 17:02:27 +0100: Memory Usage (456176K) : Executing rule V3.c
2026-03-26 17:02:27 +0100: Memory Usage (456176K) : Executing rule V4.a
2026-03-26 17:02:27 +0100: Memory Usage (456176K) : Executing rule V4.b
2026-03-26 08:01:03 +0100: Memory Usage (456176K) : Executing rule V4.c
2026-03-26 08:01:03 +0100: Memory Usage (456176K) : Starting 5.21. TopVia1 table
2026-03-26 08:01:03 +0100: Memory Usage (456176K) : Executing rule TV1.a
2026-03-26 08:01:03 +0100: Memory Usage (456176K) : Executing rule TV1.b
2026-03-26 08:01:03 +0100: Memory Usage (456176K) : Executing rule TV1.c
2026-03-26 08:01:03 +0100: Memory Usage (456176K) : Executing rule TV1.d
2026-03-26 17:02:27 +0100: Memory Usage (456176K) : Starting 5.22. TopMetal1 table
2026-03-26 17:02:27 +0100: Memory Usage (456176K) : Executing rule TM1.a
2026-03-26 17:02:27 +0100: Memory Usage (456176K) : Executing rule TM1.b
2026-03-26 17:02:27 +0100: Memory Usage (456176K) : Starting 5.23 TopMetal1:filler table
2026-03-26 17:02:27 +0100: Memory Usage (456176K) : Executing rule TM1Fil.c
2026-03-26 17:02:27 +0100: Memory Usage (456176K) : Executing rule TM1Fil.a1
2026-03-26 17:02:27 +0100: Memory Usage (456176K) : Starting 5.24. TopVia2 table
2026-03-26 17:02:27 +0100: Memory Usage (456176K) : Executing rule TV2.a
2026-03-26 17:02:27 +0100: Memory Usage (456176K) : Executing rule TV2.b
2026-03-26 17:02:27 +0100: Memory Usage (456176K) : Executing rule TV2.c
2026-03-26 17:02:27 +0100: Memory Usage (456176K) : Executing rule TV2.d
2026-03-26 17:02:27 +0100: Memory Usage (456176K) : Starting 5.25. TopMetal2 table
2026-03-26 17:02:27 +0100: Memory Usage (456176K) : Executing rule TM2.a
2026-03-26 17:02:27 +0100: Memory Usage (456176K) : Executing rule TM2.b
2026-03-26 17:02:27 +0100: Memory Usage (456176K) : Executing rule TM2.bR
2026-03-26 17:02:27 +0100: Memory Usage (456176K) : Starting 5.26 TopMetal2:filler table
2026-03-26 17:02:27 +0100: Memory Usage (456176K) : Executing rule TM2Fil.c
2026-03-26 17:02:27 +0100: Memory Usage (456176K) : Executing rule TM2Fil.a1
2026-03-26 17:02:27 +0100: Memory Usage (456176K) : Starting 5.27. Passiv table
2026-03-26 17:02:27 +0100: Memory Usage (456176K) : Executing rule Pas.a
2026-03-26 17:02:27 +0100: Memory Usage (456176K) : Executing rule Pas.b
2026-03-26 17:02:27 +0100: Memory Usage (456176K) : Executing rule Pas.c
2026-03-26 17:02:27 +0100: Memory Usage (456176K) : Starting 6.9.2 Copper Pillar table
2026-03-26 17:02:27 +0100: Memory Usage (456176K) : Executing rule Padc.a
2026-03-26 17:02:27 +0100: Memory Usage (456176K) : Executing rule Padc.b
2026-03-26 17:02:27 +0100: Memory Usage (456176K) : Executing rule Padc.c
2026-03-26 17:02:27 +0100: Memory Usage (456176K) : Executing rule Padb.f
2026-03-26 17:02:27 +0100: Memory Usage (456176K) : Starting 6.9 Pad table
2026-03-26 17:02:27 +0100: Memory Usage (456176K) : Executing rule Pad.m
2026-03-26 17:02:27 +0100: Memory Usage (456176K) : Executing rule Pad.fR_M1
2026-03-26 17:02:27 +0100: Memory Usage (456176K) : Executing rule Pad.fR_M2
2026-03-26 17:02:27 +0100: Memory Usage (456176K) : Executing rule Pad.fR_M3
2026-03-26 17:02:27 +0100: Memory Usage (456176K) : Executing rule Pad.fR_M4
2026-03-26 17:02:27 +0100: Memory Usage (456176K) : Executing rule Pad.fR_M5
2026-03-26 17:02:27 +0100: Memory Usage (456176K) : Executing rule Pad.fR_TM1
2026-03-26 17:02:27 +0100: Memory Usage (456176K) : Executing rule Pad.fR_TM2
2026-03-26 17:02:27 +0100: Memory Usage (456176K) : Executing rule Pad.i
2026-03-26 17:02:27 +0100: Memory Usage (456176K) : Starting 6.9.1 Solder Bump
2026-03-26 17:02:27 +0100: Memory Usage (456176K) : Executing rule Padb.a
2026-03-26 17:02:27 +0100: Memory Usage (456176K) : Executing rule Padb.b
2026-03-26 17:02:27 +0100: Memory Usage (456176K) : Executing rule Padb.c
2026-03-26 17:02:27 +0100: Memory Usage (456176K) : Executing rule Padb.f
2026-03-26 17:02:28 +0100: Memory Usage (456176K) : Executing rule Padb.d
2026-03-26 17:02:28 +0100: Memory Usage (456176K) : Starting 6.10 Sealring table
2026-03-26 17:02:28 +0100: Memory Usage (456176K) : Executing rule Seal.l
2026-03-26 17:02:28 +0100: Memory Usage (456176K) : Executing rule Seal.n
2026-03-26 17:02:28 +0100: Memory Usage (456176K) : Executing rule seal.b_metal1
2026-03-26 17:02:28 +0100: Memory Usage (456176K) : Executing rule seal.b_metal2
2026-03-26 17:02:28 +0100: Memory Usage (456176K) : Executing rule seal.b_metal3
2026-03-26 17:02:28 +0100: Memory Usage (456176K) : Executing rule seal.b_metal4
2026-03-26 17:02:28 +0100: Memory Usage (456176K) : Executing rule seal.b_metal5
2026-03-26 17:02:28 +0100: Memory Usage (456176K) : Executing rule seal.b_topmetal1
2026-03-26 17:02:28 +0100: Memory Usage (456176K) : Executing rule seal.b_topmetal2
2026-03-26 17:02:28 +0100: Memory Usage (456176K) : Executing rule seal.b_activ
2026-03-26 17:02:28 +0100: Memory Usage (456176K) : Executing rule seal.b_psd
2026-03-26 17:02:28 +0100: Memory Usage (456176K) : Executing rule Seal.k
2026-03-26 17:02:28 +0100: Memory Usage (456176K) : Executing rule Seal.m
2026-03-26 17:02:28 +0100: Memory Usage (456176K) : Starting 6.11 MIM table
2026-03-26 17:02:28 +0100: Memory Usage (456176K) : Executing rule MIM.c
2026-03-26 17:02:28 +0100: Memory Usage (456176K) : Executing rule MIM.d
2026-03-26 17:02:28 +0100: Memory Usage (456176K) : Executing rule MIM.gR
2026-03-26 17:02:28 +0100: Memory Usage (456176K) : Starting 7.3 Metal Slits table
2026-03-26 17:02:28 +0100: Memory Usage (456176K) : Executing rule Slt.e1_M1
2026-03-26 17:02:28 +0100: Memory Usage (456176K) : Executing rule Slt.e1_M2
2026-03-26 17:02:28 +0100: Memory Usage (456176K) : Executing rule Slt.e1_M3
2026-03-26 17:02:28 +0100: Memory Usage (456176K) : Executing rule Slt.e1_M4
2026-03-26 17:02:28 +0100: Memory Usage (456176K) : Executing rule Slt.e1_M5
2026-03-26 17:02:28 +0100: Memory Usage (456176K) : Executing rule Slt.e1_TM1
2026-03-26 17:02:28 +0100: Memory Usage (456176K) : Executing rule Slt.e1_TM2
2026-03-26 17:02:28 +0100: Memory Usage (456176K) : Starting 9.1. LBE table
2026-03-26 17:02:28 +0100: Memory Usage (456176K) : Executing rule LBE.a
2026-03-26 17:02:28 +0100: Memory Usage (456176K) : Executing rule LBE.b
2026-03-26 17:02:28 +0100: Memory Usage (456176K) : Executing rule LBE.b1
2026-03-26 17:02:28 +0100: Memory Usage (456176K) : Executing rule LBE.c
2026-03-26 17:02:28 +0100: Memory Usage (456176K) : Executing rule LBE.d
2026-03-26 17:02:28 +0100: Memory Usage (456176K) : Executing rule LBE.h
2026-03-26 17:02:28 +0100: Memory Usage (456176K) : Starting 7.4. PIN table
2026-03-26 17:02:28 +0100: Memory Usage (456176K) : Executing rule Pin.a
2026-03-26 17:02:28 +0100: Memory Usage (456176K) : Executing rule Pin.b
2026-03-26 17:02:28 +0100: Memory Usage (456176K) : Executing rule Pin.e
2026-03-26 17:02:28 +0100: Memory Usage (456176K) : Executing rule Pin.f_M2
2026-03-26 17:02:28 +0100: Memory Usage (456176K) : Executing rule Pin.f_M3
2026-03-26 17:02:28 +0100: Memory Usage (456176K) : Executing rule Pin.f_M4
2026-03-26 17:02:28 +0100: Memory Usage (456176K) : Executing rule Pin.f_M5
2026-03-26 17:02:28 +0100: Memory Usage (456176K) : Executing rule Pin.g
2026-03-26 17:02:28 +0100: Memory Usage (456432K) : Executing rule Pin.h
2026-03-26 17:02:28 +0100: Memory Usage (456560K) : Starting 3.2. FORBIDDEN table
2026-03-26 17:02:28 +0100: Memory Usage (456560K) : Executing rule forbidden.biwind
2026-03-26 17:02:28 +0100: Memory Usage (456560K) : Executing rule forbidden.pemwind
2026-03-26 17:02:28 +0100: Memory Usage (456688K) : Executing rule forbidden.baspoly
2026-03-26 17:02:28 +0100: Memory Usage (456816K) : Executing rule forbidden.deepco
2026-03-26 17:02:28 +0100: Memory Usage (456816K) : Executing rule forbidden.pempoly
2026-03-26 17:02:28 +0100: Memory Usage (456944K) : Executing rule forbidden.empoly
2026-03-26 17:02:28 +0100: Memory Usage (456944K) : Executing rule forbidden.ldmos
2026-03-26 17:02:28 +0100: Memory Usage (457072K) : Executing rule forbidden.pbiwind
2026-03-26 17:02:28 +0100: Memory Usage (457200K) : Executing rule forbidden.nodrc
2026-03-26 17:02:28 +0100: Memory Usage (457200K) : Executing rule forbidden.flash
2026-03-26 17:02:28 +0100: Memory Usage (457328K) : Executing rule forbidden.colwind
2026-03-26 17:02:28 +0100: Memory Usage (457456K) : KLayout DRC run for tables 'main' completed in 4.38 seconds
