# Logfile created on 2026-03-26 17:02:32 +0100 by logger.rb/v1.5.3
2026-03-26 17:02:32 +0100: Memory Usage (436968K) : Starting running IHP-SG13G2 Klayout DRC antenna runset on /foss/designs/LDO.gds
2026-03-26 17:02:32 +0100: Memory Usage (436968K) : Ruby Version for klayout: 3.2.3
2026-03-26 17:02:32 +0100: Memory Usage (438632K) : Loading database to memory is complete.
2026-03-26 17:02:32 +0100: Memory Usage (438632K) : IHP-SG13G2 Klayout DRC antenna runset output at: /foss/designs/drc_run_LDO/LDO_LDO_antenna.lyrdb
2026-03-26 17:02:32 +0100: Memory Usage (438760K) : Evaluate switches.
2026-03-26 17:02:32 +0100: Memory Usage (438760K) : KLayout will use 1 thread(s) in tiling mode.
2026-03-26 17:02:32 +0100: Memory Usage (438760K) : deep mode is enabled for antenna table.
2026-03-26 17:02:32 +0100: Memory Usage (438760K) : Read in polygons from layers.
2026-03-26 17:02:32 +0100: Memory Usage (440096K) : activ_drw has 613 polygons
2026-03-26 17:02:32 +0100: Memory Usage (440224K) : gatpoly_drw has 625 polygons
2026-03-26 17:02:32 +0100: Memory Usage (440352K) : cont_drw has 2474 polygons
2026-03-26 17:02:32 +0100: Memory Usage (440480K) : nsd_block has 0 polygons
2026-03-26 17:02:32 +0100: Memory Usage (440480K) : metal1_drw has 1023 polygons
2026-03-26 17:02:32 +0100: Memory Usage (440480K) : metal2_drw has 234 polygons
2026-03-26 17:02:32 +0100: Memory Usage (440608K) : psd_drw has 249 polygons
2026-03-26 17:02:32 +0100: Memory Usage (440608K) : digisub_drw has 0 polygons
2026-03-26 17:02:32 +0100: Memory Usage (440736K) : via1_drw has 354 polygons
2026-03-26 17:02:32 +0100: Memory Usage (440736K) : via2_drw has 290 polygons
2026-03-26 17:02:32 +0100: Memory Usage (440736K) : metal3_drw has 156 polygons
2026-03-26 17:02:32 +0100: Memory Usage (440864K) : nwell_drw has 36 polygons
2026-03-26 17:02:32 +0100: Memory Usage (440864K) : pwell_block has 0 polygons
2026-03-26 17:02:32 +0100: Memory Usage (440992K) : via3_drw has 8 polygons
2026-03-26 17:02:32 +0100: Memory Usage (440992K) : metal4_drw has 2 polygons
2026-03-26 17:02:32 +0100: Memory Usage (440992K) : via4_drw has 8 polygons
2026-03-26 17:02:32 +0100: Memory Usage (441120K) : metal5_drw has 4 polygons
2026-03-26 17:02:32 +0100: Memory Usage (441120K) : recog_diode has 0 polygons
2026-03-26 17:02:32 +0100: Memory Usage (441120K) : recog_esd has 0 polygons
2026-03-26 17:02:32 +0100: Memory Usage (441248K) : topvia1_drw has 1 polygons
2026-03-26 17:02:32 +0100: Memory Usage (441248K) : topmetal1_drw has 3 polygons
2026-03-26 17:02:32 +0100: Memory Usage (441248K) : topvia2_drw has 0 polygons
2026-03-26 17:02:32 +0100: Memory Usage (441376K) : topmetal2_drw has 0 polygons
2026-03-26 17:02:32 +0100: Memory Usage (441376K) : Total no. of polygons in the design is 6080
2026-03-26 17:02:32 +0100: Memory Usage (441376K) : Loaded TECH DRC rules values from /foss/pdks/ihp-sg13g2/libs.tech/klayout/python/sg13g2_pycell_lib/sg13g2_tech_mod.json
2026-03-26 17:02:32 +0100: Memory Usage (441376K) : Loaded default DRC rules values from /foss/pdks/ihp-sg13g2/libs.tech/klayout/tech/drc/rule_decks/sg13g2_tech_default.json
2026-03-26 17:02:32 +0100: Memory Usage (441376K) : The following rules values were missing in tech json and default values were used:
2026-03-26 17:02:32 +0100: Memory Usage (441376K) :   - Cnt_c_digibnd
2026-03-26 17:02:32 +0100: Memory Usage (442656K) : Total area of the design is 7262.760875 um^2.
2026-03-26 17:02:32 +0100: Memory Usage (442656K) : The design dimensions are 133.225 µm * 54.515 µm.
2026-03-26 17:02:32 +0100: Memory Usage (442656K) : Starting general IHP-SG13G2 derivations.
2026-03-26 17:02:32 +0100: Memory Usage (446052K) : Starting IHP-SG13G2 DRC rules.
2026-03-26 17:02:32 +0100: Memory Usage (446052K) : Starting 7.1 Antenna Rules table
2026-03-26 17:02:32 +0100: Memory Usage (446180K) : Executing rule Ant.a
2026-03-26 17:02:32 +0100: Memory Usage (447352K) : Executing rule Ant.c
2026-03-26 17:02:32 +0100: Memory Usage (447352K) : Starting cumulative antenna ratio calculations
2026-03-26 17:02:32 +0100: Memory Usage (447352K) : Evaluating metal1_drw ratio
2026-03-26 17:02:32 +0100: Memory Usage (447736K) : Evaluating via1_drw ratio
2026-03-26 17:02:32 +0100: Memory Usage (447864K) : Evaluating metal2_drw ratio
2026-03-26 17:02:32 +0100: Memory Usage (447992K) : Evaluating via2_drw ratio
2026-03-26 17:02:32 +0100: Memory Usage (448120K) : Evaluating metal3_drw ratio
2026-03-26 17:02:32 +0100: Memory Usage (448248K) : Evaluating via3_drw ratio
2026-03-26 17:02:32 +0100: Memory Usage (448376K) : Evaluating metal4_drw ratio
2026-03-26 17:02:32 +0100: Memory Usage (448376K) : Evaluating via4_drw ratio
2026-03-26 17:02:32 +0100: Memory Usage (448504K) : Evaluating metal5_drw ratio
2026-03-26 17:02:32 +0100: Memory Usage (448632K) : Evaluating topvia1_drw ratio
2026-03-26 17:02:33 +0100: Memory Usage (448760K) : Evaluating topmetal1_drw ratio
2026-03-26 17:02:33 +0100: Memory Usage (448888K) : Evaluating topvia2_drw ratio
2026-03-26 17:02:33 +0100: Memory Usage (449016K) : Evaluating topmetal2_drw ratio
2026-03-26 17:02:33 +0100: Memory Usage (449016K) : Evaluating diode presence
2026-03-26 17:02:33 +0100: Memory Usage (449144K) : Creating base layer with all individual ratios and diode flag
2026-03-26 17:02:33 +0100: Memory Usage (450680K) : Executing rules Ant.b and Ant.e
2026-03-26 17:02:33 +0100: Memory Usage (450680K) : Executing Ant.b_Metal1
2026-03-26 17:02:33 +0100: Memory Usage (450680K) : Executing Ant.e_Metal1
2026-03-26 17:02:33 +0100: Memory Usage (450808K) : Evaluating cumulative ratio after Metal2
2026-03-26 17:02:33 +0100: Memory Usage (450808K) : Executing Ant.b_Metal2
2026-03-26 17:02:33 +0100: Memory Usage (450808K) : Executing Ant.e_Metal2
2026-03-26 17:02:33 +0100: Memory Usage (450808K) : Evaluating cumulative ratio after Metal3
2026-03-26 17:02:33 +0100: Memory Usage (450808K) : Executing Ant.b_Metal3
2026-03-26 17:02:33 +0100: Memory Usage (450808K) : Executing Ant.e_Metal3
2026-03-26 17:02:33 +0100: Memory Usage (450808K) : Evaluating cumulative ratio after Metal4
2026-03-26 17:02:33 +0100: Memory Usage (450808K) : Executing Ant.b_Metal4
2026-03-26 17:02:33 +0100: Memory Usage (450808K) : Executing Ant.e_Metal4
2026-03-26 17:02:33 +0100: Memory Usage (450808K) : Evaluating cumulative ratio after Metal5
2026-03-26 17:02:33 +0100: Memory Usage (450808K) : Executing Ant.b_Metal5
2026-03-26 17:02:33 +0100: Memory Usage (450808K) : Executing Ant.e_Metal5
2026-03-26 17:02:33 +0100: Memory Usage (450808K) : Evaluating cumulative ratio after TopMetal1
2026-03-26 17:02:33 +0100: Memory Usage (450808K) : Executing Ant.b_TopMetal1
2026-03-26 17:02:33 +0100: Memory Usage (450808K) : Executing Ant.e_TopMetal1
2026-03-26 17:02:33 +0100: Memory Usage (450808K) : Evaluating cumulative ratio after TopMetal2
2026-03-26 17:02:33 +0100: Memory Usage (450808K) : Executing Ant.b_TopMetal2
2026-03-26 17:02:33 +0100: Memory Usage (450808K) : Executing Ant.e_TopMetal2
2026-03-26 17:02:33 +0100: Memory Usage (450808K) : Executing rules Ant.d and Ant.f
2026-03-26 17:02:33 +0100: Memory Usage (450808K) : Evaluating cumulative ratio after Via1
2026-03-26 17:02:33 +0100: Memory Usage (450808K) : Executing Ant.d_Via1
2026-03-26 17:02:33 +0100: Memory Usage (450808K) : Executing Ant.f_Via1
2026-03-26 17:02:33 +0100: Memory Usage (450808K) : Evaluating cumulative ratio after Via2
2026-03-26 17:02:33 +0100: Memory Usage (450808K) : Executing Ant.d_Via2
2026-03-26 17:02:33 +0100: Memory Usage (450808K) : Executing Ant.f_Via2
2026-03-26 17:02:33 +0100: Memory Usage (450808K) : Evaluating cumulative ratio after Via3
2026-03-26 17:02:33 +0100: Memory Usage (450808K) : Executing Ant.d_Via3
2026-03-26 17:02:33 +0100: Memory Usage (450808K) : Executing Ant.f_Via3
2026-03-26 17:02:33 +0100: Memory Usage (450808K) : Evaluating cumulative ratio after Via4
2026-03-26 17:02:33 +0100: Memory Usage (450808K) : Executing Ant.d_Via4
2026-03-26 17:02:33 +0100: Memory Usage (450808K) : Executing Ant.f_Via4
2026-03-26 17:02:33 +0100: Memory Usage (450808K) : Evaluating cumulative ratio after TopVia1
2026-03-26 17:02:33 +0100: Memory Usage (450808K) : Executing Ant.d_TopVia1
2026-03-26 17:02:33 +0100: Memory Usage (450808K) : Executing Ant.f_TopVia1
2026-03-26 17:02:33 +0100: Memory Usage (450808K) : Evaluating cumulative ratio after TopVia2
2026-03-26 17:02:33 +0100: Memory Usage (450808K) : Executing Ant.d_TopVia2
2026-03-26 17:02:33 +0100: Memory Usage (450808K) : Executing Ant.f_TopVia2
2026-03-26 17:02:33 +0100: Memory Usage (450808K) : Executing rule Ant.g
2026-03-26 17:02:33 +0100: Memory Usage (450808K) : Executing rule Ant.h
2026-03-26 17:02:33 +0100: Memory Usage (450808K) : Executing rule Ant.i
