[2026-02-24 16:01:25,066] [INFO]    GDS input file passed, running in LVS mode
[2026-02-24 16:01:25,075] [INFO]    No explicit top cell specified, using top cell 'clock_final_2'
[2026-02-24 16:01:25,076] [INFO]    LVS input schematic not specified (argument --schematic), using dummy schematic
[2026-02-24 16:01:25,081] [INFO]    Calling MAGIC
[2026-02-24 16:01:25,082] [SUBPROCESS]    magic -dnull -noconsole -rcfile /foss/pdks/ihp-sg13g2/libs.tech/magic/ihp-sg13g2.magicrc output/clock_final_2__clock_final_2/magic_RC/clock_final_2_MAGIC_RC_Script.tcl, output file: output/clock_final_2__clock_final_2/magic_RC/clock_final_2_MAGIC_RC_Output.txt
[2026-02-24 16:01:25,092] [SUBPROCESS]    
[2026-02-24 16:01:25,093] [SUBPROCESS]    Magic 8.3 revision 582 - Compiled on Sun Dec 21 08:00:31 PM CET 2025.
[2026-02-24 16:01:25,093] [SUBPROCESS]    Starting magic under Tcl interpreter
[2026-02-24 16:01:25,094] [SUBPROCESS]    Using the terminal as the console.
[2026-02-24 16:01:25,094] [SUBPROCESS]    Using NULL graphics device.
[2026-02-24 16:01:25,114] [SUBPROCESS]    Processing system .magicrc file
[2026-02-24 16:01:25,120] [SUBPROCESS]    Switching to WIRING tool.
[2026-02-24 16:01:25,121] [SUBPROCESS]    Switching to NETLIST tool.
[2026-02-24 16:01:25,121] [SUBPROCESS]    Switching to PICK tool.
[2026-02-24 16:01:25,121] [SUBPROCESS]    Switching to BOX tool.
[2026-02-24 16:01:25,122] [SUBPROCESS]    Sourcing design .magicrc for technology ihp-sg13g2 ...
[2026-02-24 16:01:25,123] [SUBPROCESS]    2 Magic internal units = 1 Lambda
[2026-02-24 16:01:25,143] [SUBPROCESS]    Input style sg13g2(): scaleFactor=2, multiplier=2
[2026-02-24 16:01:25,223] [SUBPROCESS]    The following types are not handled by extraction and will be treated as non-electrical types:
[2026-02-24 16:01:25,224] [SUBPROCESS]        fillfet sealcont difffill nemitter hvnemitter hvisodiffres sealvia1 sealvia2 sealvia3 sealvia4 sealvia5 sealvia6 pad seal thruvia 
[2026-02-24 16:01:25,228] [SUBPROCESS]    Scaled tech values by 2 / 1 to match internal grid scaling
[2026-02-24 16:01:25,229] [SUBPROCESS]    Loading "output/clock_final_2__clock_final_2/magic_RC/clock_final_2_MAGIC_RC_Script.tcl" from command line.
[2026-02-24 16:01:25,229] [SUBPROCESS]    Warning: Calma reading is not undoable!  I hope that's OK.
[2026-02-24 16:01:25,230] [SUBPROCESS]    Library written using GDS-II Release 6.0
[2026-02-24 16:01:25,231] [SUBPROCESS]    Library name: LIB
[2026-02-24 16:01:25,231] [SUBPROCESS]    Reading "$$$CONTEXT_INFO$$$".
[2026-02-24 16:01:25,232] [SUBPROCESS]    Reading "guard_ring$12".
[2026-02-24 16:01:25,232] [SUBPROCESS]    Reading "pmos$1".
[2026-02-24 16:01:25,233] [SUBPROCESS]    Reading "nmos$1".
[2026-02-24 16:01:25,234] [SUBPROCESS]    Reading "pmos".
[2026-02-24 16:01:25,235] [SUBPROCESS]    Reading "nmos".
[2026-02-24 16:01:25,235] [SUBPROCESS]    Reading "pmos$3".
[2026-02-24 16:01:25,236] [SUBPROCESS]    Reading "guard_ring$1".
[2026-02-24 16:01:25,238] [SUBPROCESS]    Reading "guard_ring".
[2026-02-24 16:01:25,240] [SUBPROCESS]    Reading "guard_ring$2".
[2026-02-24 16:01:25,242] [SUBPROCESS]    Reading "via_stack$1".
[2026-02-24 16:01:25,242] [SUBPROCESS]    Reading "via_stack".
[2026-02-24 16:01:25,243] [SUBPROCESS]    Reading "via_stack$3".
[2026-02-24 16:01:25,244] [SUBPROCESS]    Reading "clock_final_2".
[2026-02-24 16:01:25,252] [SUBPROCESS]    Extracting clock_final_2 into /foss/designs/output/clock_final_2__clock_final_2/magic_RC/clock_final_2.ext:
[2026-02-24 16:01:25,275] [SUBPROCESS]    exttosim finished.
[2026-02-24 16:01:25,276] [SUBPROCESS]    Port: name = Vcon exists, forcing drivepoint
[2026-02-24 16:01:25,277] [SUBPROCESS]    Location is (-5340, 7005); drivepoint (-5341, 7005)
[2026-02-24 16:01:25,277] [SUBPROCESS]    Port: name = Vdd exists, forcing drivepoint
[2026-02-24 16:01:25,278] [SUBPROCESS]    Location is (5156, 10219); drivepoint (5156, 10219)
[2026-02-24 16:01:25,278] [SUBPROCESS]    Port: name = Vout exists, forcing drivepoint
[2026-02-24 16:01:25,279] [SUBPROCESS]    Location is (5075, 8866); drivepoint (5075, 8866)
[2026-02-24 16:01:25,280] [SUBPROCESS]    Port: name = Vss exists, forcing drivepoint
[2026-02-24 16:01:25,280] [SUBPROCESS]    Location is (3900, 7148); drivepoint (3900, 7148)
[2026-02-24 16:01:25,281] [SUBPROCESS]    Adding  Vcon; Tnew = 0.07ns, Told = 0.00ns
[2026-02-24 16:01:25,282] [SUBPROCESS]    Adding  a_n3854_7419#; Tnew = 0.35ns, Told = 0.00ns
[2026-02-24 16:01:25,311] [SUBPROCESS]    Adding  a_n3786_7383#; Tnew = 0.13ns, Told = 0.00ns
[2026-02-24 16:01:25,312] [SUBPROCESS]    Adding  a_n1109_7383#; Tnew = 0.13ns, Told = 0.00ns
[2026-02-24 16:01:25,348] [SUBPROCESS]    Adding  Vdd; Tnew = 0.20ns, Told = 0.00ns
[2026-02-24 16:01:25,351] [SUBPROCESS]    Adding  a_n4994_7898#; Tnew = 0.57ns, Told = 0.00ns
[2026-02-24 16:01:25,352] [SUBPROCESS]    Total Nets: 27
[2026-02-24 16:01:25,352] [SUBPROCESS]    Nets extracted: 15 (0.555556)
[2026-02-24 16:01:25,353] [SUBPROCESS]    Nets output: 15 (0.555556)
[2026-02-24 16:01:25,356] [SUBPROCESS]    exttospice finished.
[2026-02-24 16:01:25,359] [INFO]    MAGIC succeeded after 0.2762s
[2026-02-24 16:01:25,489] [SUBPROCESS]    Report DB saved at: output/clock_final_2__clock_final_2/magic_RC/clock_final_2_MAGIC_report.rdb.gz
[2026-02-24 16:01:25,489] [SUBPROCESS]    SPICE netlist saved at: output/clock_final_2__clock_final_2/magic_RC/clock_final_2.pex.spice
[2026-02-24 16:01:25,490] [INFO]    Copied expanded SPICE netlist to: ./clock_final_2_gds.spice
[2026-02-24 16:01:25,491] [SUBPROCESS]    * NGSPICE file created from clock_final_2.ext - technology: ihp-sg13g2

.subckt clock_final_2 Vcon Vdd Vout Vss
X0 a_n1986_8602.t1 a_n4994_7898.t3 Vdd.t10 Vdd.t8 sg13_lv_pmos ad=1.02p pd=6.68u as=1.02p ps=6.68u w=3u l=9u
X1 a_691_6613.t0 a_n1109_7383.t2 a_n3786_7383.t1 Vss.t1 sg13_lv_nmos ad=0.51p pd=3.68u as=0.51p ps=3.68u w=1.5u l=9u
X2 a_n1986_8602.t0 a_n3786_7383.t2 a_n3854_7419.t1 Vdd.t4 sg13_lv_pmos ad=1.02p pd=6.68u as=1.02p ps=6.68u w=3u l=9u
X3 Vdd.t9 a_n4994_7898.t1 a_n4994_7898.t2 Vdd.t8 sg13_lv_pmos ad=1.02p pd=6.68u as=1.02p ps=6.68u w=3u l=9u
X4 a_n1986_6613.t1 Vcon.t0 Vss.t4 Vss.t0 sg13_lv_nmos ad=0.51p pd=3.68u as=0.51p ps=3.68u w=1.5u l=9u
X5 a_691_9869.t1 a_n4994_7898.t4 Vdd.t7 Vdd.t3 sg13_lv_pmos ad=1.02p pd=6.68u as=1.02p ps=6.68u w=3u l=9u
X6 a_4247_9348.t1 a_n3854_7419.t2 Vss.t7 Vss.t6 sg13_lv_nmos ad=0.51p pd=3.68u as=0.51p ps=3.68u w=1.5u l=0.13u
X7 a_3359_8601.t1 a_n4994_7898.t5 Vdd.t6 Vdd.t5 sg13_lv_pmos ad=1.02p pd=6.68u as=1.02p ps=6.68u w=3u l=9u
X8 a_3359_8601.t0 a_n3854_7419.t3 a_n1109_7383.t0 Vdd.t5 sg13_lv_pmos ad=1.02p pd=6.68u as=1.02p ps=6.68u w=3u l=9u
X9 a_3359_6613.t0 a_n3854_7419.t4 a_n1109_7383.t1 Vss.t10 sg13_lv_nmos ad=0.51p pd=3.68u as=0.51p ps=3.68u w=1.5u l=9u
X10 a_691_6613.t1 Vcon.t1 Vss.t5 Vss.t1 sg13_lv_nmos ad=0.51p pd=3.68u as=0.51p ps=3.68u w=1.5u l=9u
X11 a_691_9869.t0 a_n1109_7383.t3 a_n3786_7383.t0 Vdd.t3 sg13_lv_pmos ad=1.02p pd=6.68u as=1.02p ps=6.68u w=3u l=9u
X12 Vout.t1 a_4247_9348.t2 Vss.t3 Vss.t2 sg13_lv_nmos ad=0.51p pd=3.68u as=0.51p ps=3.68u w=1.5u l=0.13u
X13 Vout.t0 a_4247_9348.t3 Vdd.t2 Vdd.t0 sg13_lv_pmos ad=1.088p pd=7.08u as=1.088p ps=7.08u w=3.2u l=0.13u
X14 a_3359_6613.t1 Vcon.t2 Vss.t11 Vss.t10 sg13_lv_nmos ad=0.51p pd=3.68u as=0.51p ps=3.68u w=1.5u l=9u
X15 a_4247_9348.t0 a_n3854_7419.t5 Vdd.t1 Vdd.t0 sg13_lv_pmos ad=1.088p pd=7.08u as=1.088p ps=7.08u w=3.2u l=0.13u
X16 a_n1986_6613.t0 a_n3786_7383.t3 a_n3854_7419.t0 Vss.t0 sg13_lv_nmos ad=0.51p pd=3.68u as=0.51p ps=3.68u w=1.5u l=9u
X17 a_n4994_7898.t0 Vcon.t3 Vss.t9 Vss.t8 sg13_lv_nmos ad=0.51p pd=3.68u as=0.51p ps=3.68u w=1.5u l=9u
C0 Vdd m2_3719_8300# 0.3013f
C1 Vdd Vout 0.62781f
R0 a_n4994_7898.n0 a_n4994_7898.t5 30.7281
R1 a_n4994_7898.n1 a_n4994_7898.t3 24.8607
R2 a_n4994_7898.n0 a_n4994_7898.t4 24.8607
R3 a_n4994_7898.n1 a_n4994_7898.t1 24.2535
R4 a_n4994_7898.t0 a_n4994_7898.n2 19.8861
R5 a_n4994_7898.n2 a_n4994_7898.t2 14.4684
R6 a_n4994_7898.n1 a_n4994_7898.n0 5.8965
R7 a_n4994_7898.n2 a_n4994_7898.n1 4.2025
R8 Vdd.n281 Vdd.n148 17.0005
R9 Vdd.n278 Vdd.n277 17.0005
R10 Vdd.n278 Vdd.n275 17.0005
R11 Vdd.n278 Vdd.n273 17.0005
R12 Vdd.n486 Vdd.n8 17.0005
R13 Vdd.n486 Vdd.n9 17.0005
R14 Vdd.n486 Vdd.n11 17.0005
R15 Vdd.n486 Vdd.n12 17.0005
R16 Vdd.n486 Vdd.n14 17.0005
R17 Vdd.n486 Vdd.n15 17.0005
R18 Vdd.n486 Vdd.n17 17.0005
R19 Vdd.n486 Vdd.n18 17.0005
R20 Vdd.n486 Vdd.n20 17.0005
R21 Vdd.n486 Vdd.n21 17.0005
R22 Vdd.n486 Vdd.n23 17.0005
R23 Vdd.n486 Vdd.n24 17.0005
R24 Vdd.n486 Vdd.n26 17.0005
R25 Vdd.n486 Vdd.n27 17.0005
R26 Vdd.n486 Vdd.n29 17.0005
R27 Vdd.n486 Vdd.n30 17.0005
R28 Vdd.n486 Vdd.n32 17.0005
R29 Vdd.n486 Vdd.n33 17.0005
R30 Vdd.n486 Vdd.n35 17.0005
R31 Vdd.n486 Vdd.n36 17.0005
R32 Vdd.n486 Vdd.n38 17.0005
R33 Vdd.n486 Vdd.n39 17.0005
R34 Vdd.n486 Vdd.n41 17.0005
R35 Vdd.n486 Vdd.n42 17.0005
R36 Vdd.n486 Vdd.n44 17.0005
R37 Vdd.n486 Vdd.n45 17.0005
R38 Vdd.n486 Vdd.n47 17.0005
R39 Vdd.n486 Vdd.n48 17.0005
R40 Vdd.n486 Vdd.n50 17.0005
R41 Vdd.n486 Vdd.n51 17.0005
R42 Vdd.n486 Vdd.n53 17.0005
R43 Vdd.n486 Vdd.n54 17.0005
R44 Vdd.n486 Vdd.n56 17.0005
R45 Vdd.n486 Vdd.n57 17.0005
R46 Vdd.n486 Vdd.n59 17.0005
R47 Vdd.n486 Vdd.n485 17.0005
R48 Vdd.n461 Vdd.n89 17.0005
R49 Vdd.n461 Vdd.n460 17.0005
R50 Vdd.n457 Vdd.n395 17.0005
R51 Vdd.n457 Vdd.n456 17.0005
R52 Vdd.n454 Vdd.n396 17.0005
R53 Vdd.n454 Vdd.n453 17.0005
R54 Vdd.n451 Vdd.n397 17.0005
R55 Vdd.n451 Vdd.n450 17.0005
R56 Vdd.n448 Vdd.n398 17.0005
R57 Vdd.n448 Vdd.n447 17.0005
R58 Vdd.n445 Vdd.n399 17.0005
R59 Vdd.n445 Vdd.n444 17.0005
R60 Vdd.n442 Vdd.n400 17.0005
R61 Vdd.n442 Vdd.n441 17.0005
R62 Vdd.n439 Vdd.n401 17.0005
R63 Vdd.n439 Vdd.n438 17.0005
R64 Vdd.n436 Vdd.n402 17.0005
R65 Vdd.n436 Vdd.n435 17.0005
R66 Vdd.n433 Vdd.n403 17.0005
R67 Vdd.n433 Vdd.n432 17.0005
R68 Vdd.n430 Vdd.n404 17.0005
R69 Vdd.n430 Vdd.n429 17.0005
R70 Vdd.n427 Vdd.n405 17.0005
R71 Vdd.n427 Vdd.n426 17.0005
R72 Vdd.n424 Vdd.n406 17.0005
R73 Vdd.n424 Vdd.n423 17.0005
R74 Vdd.n421 Vdd.n407 17.0005
R75 Vdd.n421 Vdd.n420 17.0005
R76 Vdd.n418 Vdd.n408 17.0005
R77 Vdd.n418 Vdd.n417 17.0005
R78 Vdd.n415 Vdd.n409 17.0005
R79 Vdd.n415 Vdd.n414 17.0005
R80 Vdd.n412 Vdd.n410 17.0005
R81 Vdd.n412 Vdd.n411 17.0005
R82 Vdd.n483 Vdd.n64 17.0005
R83 Vdd.n484 Vdd.n483 17.0005
R84 Vdd.n207 Vdd.t8 8.501
R85 Vdd.n210 Vdd.t8 8.501
R86 Vdd.n212 Vdd.t8 8.501
R87 Vdd.n214 Vdd.t8 8.501
R88 Vdd.n216 Vdd.t8 8.501
R89 Vdd.n218 Vdd.t8 8.501
R90 Vdd.n220 Vdd.t8 8.501
R91 Vdd.n222 Vdd.t8 8.501
R92 Vdd.n224 Vdd.t8 8.501
R93 Vdd.n226 Vdd.t8 8.501
R94 Vdd.n228 Vdd.t8 8.501
R95 Vdd.n230 Vdd.t8 8.501
R96 Vdd.n232 Vdd.t8 8.501
R97 Vdd.n234 Vdd.t8 8.501
R98 Vdd.n236 Vdd.t8 8.501
R99 Vdd.n238 Vdd.t8 8.501
R100 Vdd.t8 Vdd.n204 8.501
R101 Vdd.n458 Vdd.n86 8.501
R102 Vdd.n468 Vdd.n5 8.501
R103 Vdd.n470 Vdd.n5 8.501
R104 Vdd.n67 Vdd.n5 8.501
R105 Vdd.n475 Vdd.n5 8.501
R106 Vdd.n477 Vdd.n5 8.501
R107 Vdd.n459 Vdd.n458 8.501
R108 Vdd.n455 Vdd.n85 8.501
R109 Vdd.n452 Vdd.n84 8.501
R110 Vdd.n449 Vdd.n83 8.501
R111 Vdd.n446 Vdd.n82 8.501
R112 Vdd.n443 Vdd.n81 8.501
R113 Vdd.n440 Vdd.n80 8.501
R114 Vdd.n437 Vdd.n79 8.501
R115 Vdd.n434 Vdd.t5 8.501
R116 Vdd.n431 Vdd.n78 8.501
R117 Vdd.n428 Vdd.n77 8.501
R118 Vdd.n425 Vdd.n76 8.501
R119 Vdd.n422 Vdd.n75 8.501
R120 Vdd.n419 Vdd.n74 8.501
R121 Vdd.n416 Vdd.n73 8.501
R122 Vdd.n413 Vdd.n72 8.501
R123 Vdd.n71 Vdd.n63 8.501
R124 Vdd.n482 Vdd.n5 8.501
R125 Vdd.n394 Vdd.n90 8.501
R126 Vdd.n394 Vdd.n91 8.501
R127 Vdd.n394 Vdd.n92 8.501
R128 Vdd.n394 Vdd.n93 8.501
R129 Vdd.n394 Vdd.n94 8.501
R130 Vdd.n394 Vdd.n95 8.501
R131 Vdd.n394 Vdd.n96 8.501
R132 Vdd.t4 Vdd.n390 8.501
R133 Vdd.t4 Vdd.n128 8.501
R134 Vdd.t4 Vdd.n127 8.501
R135 Vdd.t4 Vdd.n126 8.501
R136 Vdd.t4 Vdd.n125 8.501
R137 Vdd.t4 Vdd.n124 8.501
R138 Vdd.t4 Vdd.n123 8.501
R139 Vdd.n388 Vdd.n118 8.501
R140 Vdd.n131 Vdd.n115 8.501
R141 Vdd.n322 Vdd.n114 8.501
R142 Vdd.n325 Vdd.n113 8.501
R143 Vdd.n328 Vdd.n112 8.501
R144 Vdd.n331 Vdd.n111 8.501
R145 Vdd.n334 Vdd.n110 8.501
R146 Vdd.n337 Vdd.n109 8.501
R147 Vdd.n340 Vdd.n108 8.501
R148 Vdd.n343 Vdd.t3 8.501
R149 Vdd.n346 Vdd.n107 8.501
R150 Vdd.n349 Vdd.n106 8.501
R151 Vdd.n352 Vdd.n105 8.501
R152 Vdd.n355 Vdd.n104 8.501
R153 Vdd.n358 Vdd.n103 8.501
R154 Vdd.n361 Vdd.n102 8.501
R155 Vdd.n364 Vdd.n101 8.501
R156 Vdd.n366 Vdd.n100 8.501
R157 Vdd.n464 Vdd.n85 8.5005
R158 Vdd.n464 Vdd.n84 8.5005
R159 Vdd.n464 Vdd.n83 8.5005
R160 Vdd.n464 Vdd.n82 8.5005
R161 Vdd.n464 Vdd.n81 8.5005
R162 Vdd.n464 Vdd.n80 8.5005
R163 Vdd.n464 Vdd.n79 8.5005
R164 Vdd.n464 Vdd.t5 8.5005
R165 Vdd.n464 Vdd.n78 8.5005
R166 Vdd.n464 Vdd.n77 8.5005
R167 Vdd.n464 Vdd.n76 8.5005
R168 Vdd.n464 Vdd.n75 8.5005
R169 Vdd.n464 Vdd.n74 8.5005
R170 Vdd.n464 Vdd.n73 8.5005
R171 Vdd.n464 Vdd.n72 8.5005
R172 Vdd.n464 Vdd.n71 8.5005
R173 Vdd.n392 Vdd.n118 8.5005
R174 Vdd.n392 Vdd.n115 8.5005
R175 Vdd.n392 Vdd.n114 8.5005
R176 Vdd.n392 Vdd.n113 8.5005
R177 Vdd.n392 Vdd.n112 8.5005
R178 Vdd.n392 Vdd.n111 8.5005
R179 Vdd.n392 Vdd.n110 8.5005
R180 Vdd.n392 Vdd.n109 8.5005
R181 Vdd.n392 Vdd.n108 8.5005
R182 Vdd.n392 Vdd.t3 8.5005
R183 Vdd.n392 Vdd.n107 8.5005
R184 Vdd.n392 Vdd.n106 8.5005
R185 Vdd.n392 Vdd.n105 8.5005
R186 Vdd.n392 Vdd.n104 8.5005
R187 Vdd.n392 Vdd.n103 8.5005
R188 Vdd.n392 Vdd.n102 8.5005
R189 Vdd.n392 Vdd.n101 8.5005
R190 Vdd.n392 Vdd.n100 8.5005
R191 Vdd.n150 Vdd.n121 8.49122
R192 Vdd.n152 Vdd.n121 8.49122
R193 Vdd.n154 Vdd.n121 8.49122
R194 Vdd.n156 Vdd.n121 8.49122
R195 Vdd.n158 Vdd.n121 8.49122
R196 Vdd.n160 Vdd.n121 8.49122
R197 Vdd.n162 Vdd.n121 8.49122
R198 Vdd.n164 Vdd.n121 8.49122
R199 Vdd.n166 Vdd.n121 8.49122
R200 Vdd.n168 Vdd.n121 8.49122
R201 Vdd.n170 Vdd.n121 8.49122
R202 Vdd.n172 Vdd.n121 8.49122
R203 Vdd.n174 Vdd.n121 8.49122
R204 Vdd.n176 Vdd.n121 8.49122
R205 Vdd.n178 Vdd.n121 8.49122
R206 Vdd.n180 Vdd.n121 8.49122
R207 Vdd.n183 Vdd.n121 8.49122
R208 Vdd.n182 Vdd.n121 8.49122
R209 Vdd.n281 Vdd.n184 8.49122
R210 Vdd.n281 Vdd.n181 8.49122
R211 Vdd.n281 Vdd.n179 8.49122
R212 Vdd.n281 Vdd.n177 8.49122
R213 Vdd.n281 Vdd.n175 8.49122
R214 Vdd.n281 Vdd.n173 8.49122
R215 Vdd.n281 Vdd.n171 8.49122
R216 Vdd.n281 Vdd.n169 8.49122
R217 Vdd.n281 Vdd.n165 8.49122
R218 Vdd.n281 Vdd.n163 8.49122
R219 Vdd.n281 Vdd.n161 8.49122
R220 Vdd.n281 Vdd.n159 8.49122
R221 Vdd.n281 Vdd.n157 8.49122
R222 Vdd.n281 Vdd.n155 8.49122
R223 Vdd.n281 Vdd.n153 8.49122
R224 Vdd.n281 Vdd.n151 8.49122
R225 Vdd.n281 Vdd.n147 8.49122
R226 Vdd.n384 Vdd.n132 8.49122
R227 Vdd.n385 Vdd.n384 8.49122
R228 Vdd.n384 Vdd.n290 8.49122
R229 Vdd.n384 Vdd.n292 8.49122
R230 Vdd.n384 Vdd.n294 8.49122
R231 Vdd.n384 Vdd.n296 8.49122
R232 Vdd.n384 Vdd.n298 8.49122
R233 Vdd.n384 Vdd.n300 8.49122
R234 Vdd.n384 Vdd.n302 8.49122
R235 Vdd.n384 Vdd.n304 8.49122
R236 Vdd.n384 Vdd.n306 8.49122
R237 Vdd.n384 Vdd.n308 8.49122
R238 Vdd.n384 Vdd.n310 8.49122
R239 Vdd.n384 Vdd.n312 8.49122
R240 Vdd.n384 Vdd.n314 8.49122
R241 Vdd.n384 Vdd.n316 8.49122
R242 Vdd.n384 Vdd.n318 8.49122
R243 Vdd.n384 Vdd.n383 8.49122
R244 Vdd.n389 Vdd.n130 8.49122
R245 Vdd.n387 Vdd.n386 8.49122
R246 Vdd.n321 Vdd.n133 8.49122
R247 Vdd.n324 Vdd.n323 8.49122
R248 Vdd.n327 Vdd.n326 8.49122
R249 Vdd.n330 Vdd.n329 8.49122
R250 Vdd.n333 Vdd.n332 8.49122
R251 Vdd.n336 Vdd.n335 8.49122
R252 Vdd.n339 Vdd.n338 8.49122
R253 Vdd.n345 Vdd.n344 8.49122
R254 Vdd.n348 Vdd.n347 8.49122
R255 Vdd.n351 Vdd.n350 8.49122
R256 Vdd.n354 Vdd.n353 8.49122
R257 Vdd.n357 Vdd.n356 8.49122
R258 Vdd.n360 Vdd.n359 8.49122
R259 Vdd.n363 Vdd.n362 8.49122
R260 Vdd.n365 Vdd.n320 8.49122
R261 Vdd.n382 Vdd.n367 8.49122
R262 Vdd.n281 Vdd.n185 8.49117
R263 Vdd.n281 Vdd.n186 8.49117
R264 Vdd.n281 Vdd.n187 8.49117
R265 Vdd.n281 Vdd.n188 8.49117
R266 Vdd.n281 Vdd.n189 8.49117
R267 Vdd.n281 Vdd.n190 8.49117
R268 Vdd.n281 Vdd.n191 8.49117
R269 Vdd.n281 Vdd.n192 8.49117
R270 Vdd.n281 Vdd.n193 8.49117
R271 Vdd.n281 Vdd.n194 8.49117
R272 Vdd.n281 Vdd.n195 8.49117
R273 Vdd.n281 Vdd.n196 8.49117
R274 Vdd.n281 Vdd.n197 8.49117
R275 Vdd.n281 Vdd.n198 8.49117
R276 Vdd.n281 Vdd.n199 8.49117
R277 Vdd.n281 Vdd.n200 8.49117
R278 Vdd.n281 Vdd.n201 8.49117
R279 Vdd.n281 Vdd.n280 8.49117
R280 Vdd.n278 Vdd.n276 8.49117
R281 Vdd.n278 Vdd.n272 8.49117
R282 Vdd.n278 Vdd.n271 8.49117
R283 Vdd.n278 Vdd.n270 8.49117
R284 Vdd.n278 Vdd.n269 8.49117
R285 Vdd.n278 Vdd.n268 8.49117
R286 Vdd.n278 Vdd.n267 8.49117
R287 Vdd.n278 Vdd.n265 8.49117
R288 Vdd.n278 Vdd.n264 8.49117
R289 Vdd.n278 Vdd.n263 8.49117
R290 Vdd.n278 Vdd.n262 8.49117
R291 Vdd.n278 Vdd.n261 8.49117
R292 Vdd.n278 Vdd.n260 8.49117
R293 Vdd.n278 Vdd.n259 8.49117
R294 Vdd.n278 Vdd.n202 8.49117
R295 Vdd.n279 Vdd.n278 8.49117
R296 Vdd.n281 Vdd.n167 8.48777
R297 Vdd.n342 Vdd.n341 8.48777
R298 Vdd.n278 Vdd.n266 8.48771
R299 Vdd.n255 Vdd.n209 8.46995
R300 Vdd.n254 Vdd.n211 8.46995
R301 Vdd.n253 Vdd.n213 8.46995
R302 Vdd.n252 Vdd.n215 8.46995
R303 Vdd.n251 Vdd.n217 8.46995
R304 Vdd.n250 Vdd.n219 8.46995
R305 Vdd.n249 Vdd.n221 8.46995
R306 Vdd.n247 Vdd.n225 8.46995
R307 Vdd.n246 Vdd.n227 8.46995
R308 Vdd.n245 Vdd.n229 8.46995
R309 Vdd.n244 Vdd.n231 8.46995
R310 Vdd.n243 Vdd.n233 8.46995
R311 Vdd.n242 Vdd.n235 8.46995
R312 Vdd.n241 Vdd.n237 8.46995
R313 Vdd.n240 Vdd.n239 8.46995
R314 Vdd.n464 Vdd.n463 8.46995
R315 Vdd.n467 Vdd.n466 8.46995
R316 Vdd.n469 Vdd.n68 8.46995
R317 Vdd.n472 Vdd.n471 8.46995
R318 Vdd.n476 Vdd.n66 8.46995
R319 Vdd.n479 Vdd.n478 8.46995
R320 Vdd.n368 Vdd.n98 8.46995
R321 Vdd.n370 Vdd.n369 8.46995
R322 Vdd.n372 Vdd.n371 8.46995
R323 Vdd.n376 Vdd.n375 8.46995
R324 Vdd.n378 Vdd.n377 8.46995
R325 Vdd.n380 Vdd.n379 8.46995
R326 Vdd.n145 Vdd.n129 8.46995
R327 Vdd.n144 Vdd.n134 8.46995
R328 Vdd.n143 Vdd.n135 8.46995
R329 Vdd.n141 Vdd.n137 8.46995
R330 Vdd.n140 Vdd.n138 8.46995
R331 Vdd.n139 Vdd.n119 8.46995
R332 Vdd.n248 Vdd.n223 8.45904
R333 Vdd.n474 Vdd.n473 8.44635
R334 Vdd.n374 Vdd.n373 8.44635
R335 Vdd.n142 Vdd.n136 8.44635
R336 Vdd.n65 Vdd.n5 5.66778
R337 Vdd.n394 Vdd.n393 5.66767
R338 Vdd.n391 Vdd.t4 5.66767
R339 Vdd.n481 Vdd.n480 5.62487
R340 Vdd Vdd.n490 4.8921
R341 Vdd.n384 Vdd.n288 4.251
R342 Vdd.n384 Vdd.n289 4.251
R343 Vdd.n384 Vdd.n291 4.251
R344 Vdd.n384 Vdd.n293 4.251
R345 Vdd.n384 Vdd.n295 4.251
R346 Vdd.n384 Vdd.n297 4.251
R347 Vdd.n384 Vdd.n299 4.251
R348 Vdd.n384 Vdd.n301 4.251
R349 Vdd.n384 Vdd.n303 4.251
R350 Vdd.n384 Vdd.n305 4.251
R351 Vdd.n384 Vdd.n307 4.251
R352 Vdd.n384 Vdd.n309 4.251
R353 Vdd.n384 Vdd.n311 4.251
R354 Vdd.n384 Vdd.n313 4.251
R355 Vdd.n384 Vdd.n315 4.251
R356 Vdd.n384 Vdd.n317 4.251
R357 Vdd.n384 Vdd.n319 4.251
R358 Vdd.n486 Vdd.n10 4.251
R359 Vdd.n486 Vdd.n13 4.251
R360 Vdd.n486 Vdd.n16 4.251
R361 Vdd.n486 Vdd.n19 4.251
R362 Vdd.n486 Vdd.n22 4.251
R363 Vdd.n486 Vdd.n25 4.251
R364 Vdd.n486 Vdd.n28 4.251
R365 Vdd.n486 Vdd.n31 4.251
R366 Vdd.n486 Vdd.n34 4.251
R367 Vdd.n486 Vdd.n37 4.251
R368 Vdd.n486 Vdd.n40 4.251
R369 Vdd.n486 Vdd.n43 4.251
R370 Vdd.n486 Vdd.n46 4.251
R371 Vdd.n486 Vdd.n49 4.251
R372 Vdd.n486 Vdd.n52 4.251
R373 Vdd.n486 Vdd.n55 4.251
R374 Vdd.n486 Vdd.n58 4.251
R375 Vdd.n69 Vdd.n5 4.251
R376 Vdd.n116 Vdd.t7 3.60093
R377 Vdd.n70 Vdd.t6 3.60093
R378 Vdd.n274 Vdd.t10 3.49176
R379 Vdd.n208 Vdd.t9 3.41143
R380 Vdd.n3 Vdd.t1 3.33221
R381 Vdd.n1 Vdd.t2 3.33221
R382 Vdd.n257 Vdd.n206 3.3033
R383 Vdd.n488 Vdd.n2 3.28157
R384 Vdd.n392 Vdd.n117 2.7239
R385 Vdd.n489 Vdd.n488 2.71665
R386 Vdd.n368 Vdd.n99 1.39307
R387 Vdd.n466 Vdd.n465 1.3904
R388 Vdd.n88 Vdd.n6 1.38453
R389 Vdd.n287 Vdd.n286 1.38399
R390 Vdd.n284 Vdd.n283 1.38171
R391 Vdd.n285 Vdd.n284 1.37353
R392 Vdd.n381 Vdd.n287 1.37148
R393 Vdd.n61 Vdd.n6 1.36761
R394 Vdd.n490 Vdd.n0 1.34948
R395 Vdd.n465 Vdd.n70 1.32003
R396 Vdd.n116 Vdd.n99 1.31097
R397 Vdd.n60 Vdd.n0 1.26234
R398 Vdd.n463 Vdd.n462 1.09276
R399 Vdd.n240 Vdd.n205 1.05409
R400 Vdd.n488 Vdd.n4 0.974415
R401 Vdd.n257 Vdd.n256 0.968216
R402 Vdd.n285 Vdd.n146 0.914142
R403 Vdd.n462 Vdd.n87 0.903574
R404 Vdd.n384 Vdd.n122 0.895737
R405 Vdd.n384 Vdd.n97 0.895737
R406 Vdd.n486 Vdd.n7 0.895737
R407 Vdd.n487 Vdd.n486 0.895737
R408 Vdd.n461 Vdd.n394 0.895237
R409 Vdd.n256 Vdd.n255 0.892863
R410 Vdd.n205 Vdd.n149 0.869243
R411 Vdd.n256 Vdd.n208 0.860771
R412 Vdd.n283 Vdd.n282 0.833133
R413 Vdd.n282 Vdd.n149 0.825684
R414 Vdd.n203 Vdd.n146 0.788085
R415 Vdd.n60 Vdd.n4 0.780249
R416 Vdd.n281 Vdd.n146 0.779936
R417 Vdd.n4 Vdd.n3 0.760719
R418 Vdd.n282 Vdd.n281 0.709867
R419 Vdd.n278 Vdd.n205 0.646839
R420 Vdd.n462 Vdd.n461 0.590135
R421 Vdd.n139 Vdd.n117 0.449724
R422 Vdd.n2 Vdd.n1 0.40082
R423 Vdd.n117 Vdd.n116 0.376813
R424 Vdd.n490 Vdd.n489 0.357963
R425 Vdd.n3 Vdd.n2 0.347606
R426 Vdd.n489 Vdd.n1 0.332655
R427 Vdd.n206 Vdd.n203 0.31697
R428 Vdd.n374 Vdd.n372 0.297565
R429 Vdd.n376 Vdd.n374 0.297565
R430 Vdd.n142 Vdd.n141 0.297565
R431 Vdd.n143 Vdd.n142 0.297565
R432 Vdd.n473 Vdd.n472 0.297565
R433 Vdd.n473 Vdd.n66 0.297565
R434 Vdd.n208 Vdd.n206 0.29498
R435 Vdd.n480 Vdd.n479 0.294636
R436 Vdd.n249 Vdd.n248 0.272189
R437 Vdd.n248 Vdd.n247 0.272189
R438 Vdd.n488 Vdd.t0 0.266125
R439 Vdd.n370 Vdd.n368 0.250378
R440 Vdd.n372 Vdd.n370 0.250378
R441 Vdd.n378 Vdd.n376 0.250378
R442 Vdd.n380 Vdd.n378 0.250378
R443 Vdd.n140 Vdd.n139 0.250378
R444 Vdd.n141 Vdd.n140 0.250378
R445 Vdd.n144 Vdd.n143 0.250378
R446 Vdd.n145 Vdd.n144 0.250378
R447 Vdd.n466 Vdd.n68 0.250378
R448 Vdd.n472 Vdd.n68 0.250378
R449 Vdd.n479 Vdd.n66 0.250378
R450 Vdd.n255 Vdd.n254 0.250378
R451 Vdd.n254 Vdd.n253 0.250378
R452 Vdd.n253 Vdd.n252 0.250378
R453 Vdd.n252 Vdd.n251 0.250378
R454 Vdd.n251 Vdd.n250 0.250378
R455 Vdd.n250 Vdd.n249 0.250378
R456 Vdd.n247 Vdd.n246 0.250378
R457 Vdd.n246 Vdd.n245 0.250378
R458 Vdd.n245 Vdd.n244 0.250378
R459 Vdd.n244 Vdd.n243 0.250378
R460 Vdd.n243 Vdd.n242 0.250378
R461 Vdd.n242 Vdd.n241 0.250378
R462 Vdd.n241 Vdd.n240 0.250378
R463 Vdd.n258 Vdd.t8 0.23759
R464 Vdd.n465 Vdd.n464 0.162269
R465 Vdd.t4 Vdd.n121 0.161627
R466 Vdd.n281 Vdd.n120 0.161377
R467 Vdd.n392 Vdd.n99 0.159686
R468 Vdd.n463 Vdd.n70 0.141939
R469 Vdd.n381 Vdd.n380 0.132772
R470 Vdd.n286 Vdd.n145 0.132772
R471 Vdd.n488 Vdd.n0 0.102833
R472 Vdd.n480 Vdd.n62 0.0888312
R473 Vdd.n381 Vdd.n87 0.0753691
R474 Vdd.n286 Vdd.n285 0.0753691
R475 Vdd.n403 Vdd.n33 0.0529084
R476 Vdd.n266 Vdd.n194 0.0477514
R477 Vdd.n266 Vdd.n193 0.0477514
R478 Vdd.n341 Vdd.n304 0.0475096
R479 Vdd.n167 Vdd.n166 0.0475096
R480 Vdd.n168 Vdd.n167 0.0475096
R481 Vdd.n341 Vdd.n302 0.0475096
R482 Vdd.n280 Vdd.n279 0.0408229
R483 Vdd.n280 Vdd.n202 0.0408229
R484 Vdd.n259 Vdd.n201 0.0408229
R485 Vdd.n260 Vdd.n200 0.0408229
R486 Vdd.n261 Vdd.n199 0.0408229
R487 Vdd.n262 Vdd.n198 0.0408229
R488 Vdd.n263 Vdd.n197 0.0408229
R489 Vdd.n264 Vdd.n196 0.0408229
R490 Vdd.n265 Vdd.n195 0.0408229
R491 Vdd.n267 Vdd.n193 0.0408229
R492 Vdd.n268 Vdd.n192 0.0408229
R493 Vdd.n269 Vdd.n191 0.0408229
R494 Vdd.n270 Vdd.n190 0.0408229
R495 Vdd.n271 Vdd.n189 0.0408229
R496 Vdd.n272 Vdd.n188 0.0408229
R497 Vdd.n276 Vdd.n186 0.0408229
R498 Vdd.n276 Vdd.n185 0.0408229
R499 Vdd.n272 Vdd.n187 0.0408229
R500 Vdd.n271 Vdd.n188 0.0408229
R501 Vdd.n270 Vdd.n189 0.0408229
R502 Vdd.n269 Vdd.n190 0.0408229
R503 Vdd.n268 Vdd.n191 0.0408229
R504 Vdd.n267 Vdd.n192 0.0408229
R505 Vdd.n265 Vdd.n194 0.0408229
R506 Vdd.n264 Vdd.n195 0.0408229
R507 Vdd.n263 Vdd.n196 0.0408229
R508 Vdd.n262 Vdd.n197 0.0408229
R509 Vdd.n261 Vdd.n198 0.0408229
R510 Vdd.n260 Vdd.n199 0.0408229
R511 Vdd.n259 Vdd.n200 0.0408229
R512 Vdd.n202 Vdd.n201 0.0408229
R513 Vdd.n383 Vdd.n320 0.0406172
R514 Vdd.n362 Vdd.n318 0.0406172
R515 Vdd.n359 Vdd.n316 0.0406172
R516 Vdd.n356 Vdd.n314 0.0406172
R517 Vdd.n353 Vdd.n312 0.0406172
R518 Vdd.n350 Vdd.n310 0.0406172
R519 Vdd.n347 Vdd.n308 0.0406172
R520 Vdd.n344 Vdd.n306 0.0406172
R521 Vdd.n338 Vdd.n302 0.0406172
R522 Vdd.n335 Vdd.n300 0.0406172
R523 Vdd.n332 Vdd.n298 0.0406172
R524 Vdd.n329 Vdd.n296 0.0406172
R525 Vdd.n326 Vdd.n294 0.0406172
R526 Vdd.n323 Vdd.n292 0.0406172
R527 Vdd.n290 Vdd.n133 0.0406172
R528 Vdd.n386 Vdd.n385 0.0406172
R529 Vdd.n132 Vdd.n130 0.0406172
R530 Vdd.n150 Vdd.n147 0.0406172
R531 Vdd.n151 Vdd.n150 0.0406172
R532 Vdd.n153 Vdd.n152 0.0406172
R533 Vdd.n155 Vdd.n154 0.0406172
R534 Vdd.n157 Vdd.n156 0.0406172
R535 Vdd.n159 Vdd.n158 0.0406172
R536 Vdd.n161 Vdd.n160 0.0406172
R537 Vdd.n163 Vdd.n162 0.0406172
R538 Vdd.n165 Vdd.n164 0.0406172
R539 Vdd.n169 Vdd.n168 0.0406172
R540 Vdd.n171 Vdd.n170 0.0406172
R541 Vdd.n173 Vdd.n172 0.0406172
R542 Vdd.n175 Vdd.n174 0.0406172
R543 Vdd.n177 Vdd.n176 0.0406172
R544 Vdd.n179 Vdd.n178 0.0406172
R545 Vdd.n181 Vdd.n180 0.0406172
R546 Vdd.n184 Vdd.n183 0.0406172
R547 Vdd.n152 Vdd.n151 0.0406172
R548 Vdd.n154 Vdd.n153 0.0406172
R549 Vdd.n156 Vdd.n155 0.0406172
R550 Vdd.n158 Vdd.n157 0.0406172
R551 Vdd.n160 Vdd.n159 0.0406172
R552 Vdd.n162 Vdd.n161 0.0406172
R553 Vdd.n164 Vdd.n163 0.0406172
R554 Vdd.n166 Vdd.n165 0.0406172
R555 Vdd.n170 Vdd.n169 0.0406172
R556 Vdd.n172 Vdd.n171 0.0406172
R557 Vdd.n174 Vdd.n173 0.0406172
R558 Vdd.n176 Vdd.n175 0.0406172
R559 Vdd.n178 Vdd.n177 0.0406172
R560 Vdd.n180 Vdd.n179 0.0406172
R561 Vdd.n183 Vdd.n181 0.0406172
R562 Vdd.n184 Vdd.n182 0.0406172
R563 Vdd.n386 Vdd.n132 0.0406172
R564 Vdd.n385 Vdd.n133 0.0406172
R565 Vdd.n323 Vdd.n290 0.0406172
R566 Vdd.n326 Vdd.n292 0.0406172
R567 Vdd.n329 Vdd.n294 0.0406172
R568 Vdd.n332 Vdd.n296 0.0406172
R569 Vdd.n335 Vdd.n298 0.0406172
R570 Vdd.n338 Vdd.n300 0.0406172
R571 Vdd.n344 Vdd.n304 0.0406172
R572 Vdd.n347 Vdd.n306 0.0406172
R573 Vdd.n350 Vdd.n308 0.0406172
R574 Vdd.n353 Vdd.n310 0.0406172
R575 Vdd.n356 Vdd.n312 0.0406172
R576 Vdd.n359 Vdd.n314 0.0406172
R577 Vdd.n362 Vdd.n316 0.0406172
R578 Vdd.n320 Vdd.n318 0.0406172
R579 Vdd.n383 Vdd.n382 0.0406172
R580 Vdd.n277 Vdd.n149 0.0398684
R581 Vdd.n283 Vdd.n148 0.0396623
R582 Vdd.n485 Vdd.n62 0.0390864
R583 Vdd.n484 Vdd.n59 0.0390864
R584 Vdd.n64 Vdd.n57 0.0390864
R585 Vdd.n411 Vdd.n56 0.0390864
R586 Vdd.n410 Vdd.n54 0.0390864
R587 Vdd.n414 Vdd.n53 0.0390864
R588 Vdd.n409 Vdd.n51 0.0390864
R589 Vdd.n417 Vdd.n50 0.0390864
R590 Vdd.n408 Vdd.n48 0.0390864
R591 Vdd.n420 Vdd.n47 0.0390864
R592 Vdd.n407 Vdd.n45 0.0390864
R593 Vdd.n423 Vdd.n44 0.0390864
R594 Vdd.n406 Vdd.n42 0.0390864
R595 Vdd.n426 Vdd.n41 0.0390864
R596 Vdd.n405 Vdd.n39 0.0390864
R597 Vdd.n429 Vdd.n38 0.0390864
R598 Vdd.n404 Vdd.n36 0.0390864
R599 Vdd.n432 Vdd.n35 0.0390864
R600 Vdd.n435 Vdd.n32 0.0390864
R601 Vdd.n402 Vdd.n30 0.0390864
R602 Vdd.n438 Vdd.n29 0.0390864
R603 Vdd.n401 Vdd.n27 0.0390864
R604 Vdd.n441 Vdd.n26 0.0390864
R605 Vdd.n400 Vdd.n24 0.0390864
R606 Vdd.n444 Vdd.n23 0.0390864
R607 Vdd.n399 Vdd.n21 0.0390864
R608 Vdd.n447 Vdd.n20 0.0390864
R609 Vdd.n398 Vdd.n18 0.0390864
R610 Vdd.n450 Vdd.n17 0.0390864
R611 Vdd.n397 Vdd.n15 0.0390864
R612 Vdd.n453 Vdd.n14 0.0390864
R613 Vdd.n396 Vdd.n12 0.0390864
R614 Vdd.n456 Vdd.n11 0.0390864
R615 Vdd.n395 Vdd.n9 0.0390864
R616 Vdd.n460 Vdd.n8 0.0390864
R617 Vdd.n89 Vdd.n88 0.0390864
R618 Vdd.n275 Vdd.n274 0.0253947
R619 Vdd.n273 Vdd.n187 0.0206614
R620 Vdd.n277 Vdd.n185 0.0206614
R621 Vdd.n275 Vdd.n186 0.0206614
R622 Vdd.n279 Vdd.n203 0.0206614
R623 Vdd.n382 Vdd.n381 0.0205586
R624 Vdd.n286 Vdd.n130 0.0205586
R625 Vdd.n182 Vdd.n148 0.0205586
R626 Vdd.n285 Vdd.n147 0.0205586
R627 Vdd.n61 Vdd.n60 0.0177775
R628 Vdd.n274 Vdd.n273 0.0149737
R629 Vdd.n486 Vdd.n6 0.00876291
R630 Vdd.n384 Vdd.n287 0.00865237
R631 Vdd.n284 Vdd.n121 0.00861664
R632 Vdd.n478 Vdd.n65 0.00166667
R633 Vdd.n278 Vdd.n258 0.00150696
R634 Vdd.n258 Vdd.n257 0.00149303
R635 Vdd.n481 Vdd.n65 0.00133332
R636 Vdd.n62 Vdd.n61 0.00107592
R637 Vdd.n485 Vdd.n484 0.00107592
R638 Vdd.n64 Vdd.n59 0.00107592
R639 Vdd.n411 Vdd.n57 0.00107592
R640 Vdd.n410 Vdd.n56 0.00107592
R641 Vdd.n414 Vdd.n54 0.00107592
R642 Vdd.n409 Vdd.n53 0.00107592
R643 Vdd.n417 Vdd.n51 0.00107592
R644 Vdd.n408 Vdd.n50 0.00107592
R645 Vdd.n420 Vdd.n48 0.00107592
R646 Vdd.n407 Vdd.n47 0.00107592
R647 Vdd.n423 Vdd.n45 0.00107592
R648 Vdd.n406 Vdd.n44 0.00107592
R649 Vdd.n426 Vdd.n42 0.00107592
R650 Vdd.n405 Vdd.n41 0.00107592
R651 Vdd.n429 Vdd.n39 0.00107592
R652 Vdd.n404 Vdd.n38 0.00107592
R653 Vdd.n432 Vdd.n36 0.00107592
R654 Vdd.n403 Vdd.n35 0.00107592
R655 Vdd.n435 Vdd.n33 0.00107592
R656 Vdd.n402 Vdd.n32 0.00107592
R657 Vdd.n438 Vdd.n30 0.00107592
R658 Vdd.n401 Vdd.n29 0.00107592
R659 Vdd.n441 Vdd.n27 0.00107592
R660 Vdd.n400 Vdd.n26 0.00107592
R661 Vdd.n444 Vdd.n24 0.00107592
R662 Vdd.n399 Vdd.n23 0.00107592
R663 Vdd.n447 Vdd.n21 0.00107592
R664 Vdd.n398 Vdd.n20 0.00107592
R665 Vdd.n450 Vdd.n18 0.00107592
R666 Vdd.n397 Vdd.n17 0.00107592
R667 Vdd.n453 Vdd.n15 0.00107592
R668 Vdd.n396 Vdd.n14 0.00107592
R669 Vdd.n456 Vdd.n12 0.00107592
R670 Vdd.n395 Vdd.n11 0.00107592
R671 Vdd.n460 Vdd.n9 0.00107592
R672 Vdd.n89 Vdd.n8 0.00107592
R673 Vdd.n88 Vdd.n87 0.00107592
R674 Vdd.n393 Vdd.n98 0.001
R675 Vdd.n98 Vdd.n90 0.001
R676 Vdd.n369 Vdd.n91 0.001
R677 Vdd.n371 Vdd.n92 0.001
R678 Vdd.n373 Vdd.n93 0.001
R679 Vdd.n375 Vdd.n94 0.001
R680 Vdd.n377 Vdd.n95 0.001
R681 Vdd.n379 Vdd.n96 0.001
R682 Vdd.n366 Vdd.n365 0.001
R683 Vdd.n364 Vdd.n363 0.001
R684 Vdd.n361 Vdd.n360 0.001
R685 Vdd.n358 Vdd.n357 0.001
R686 Vdd.n355 Vdd.n354 0.001
R687 Vdd.n352 Vdd.n351 0.001
R688 Vdd.n349 Vdd.n348 0.001
R689 Vdd.n346 Vdd.n345 0.001
R690 Vdd.n343 Vdd.n342 0.001
R691 Vdd.n340 Vdd.n339 0.001
R692 Vdd.n337 Vdd.n336 0.001
R693 Vdd.n334 Vdd.n333 0.001
R694 Vdd.n331 Vdd.n330 0.001
R695 Vdd.n328 Vdd.n327 0.001
R696 Vdd.n325 Vdd.n324 0.001
R697 Vdd.n322 Vdd.n321 0.001
R698 Vdd.n387 Vdd.n131 0.001
R699 Vdd.n389 Vdd.n388 0.001
R700 Vdd.n391 Vdd.n119 0.001
R701 Vdd.n123 Vdd.n119 0.001
R702 Vdd.n138 Vdd.n124 0.001
R703 Vdd.n137 Vdd.n125 0.001
R704 Vdd.n136 Vdd.n126 0.001
R705 Vdd.n135 Vdd.n127 0.001
R706 Vdd.n134 Vdd.n128 0.001
R707 Vdd.n390 Vdd.n129 0.001
R708 Vdd.n467 Vdd.n69 0.001
R709 Vdd.n468 Vdd.n467 0.001
R710 Vdd.n470 Vdd.n469 0.001
R711 Vdd.n471 Vdd.n67 0.001
R712 Vdd.n475 Vdd.n474 0.001
R713 Vdd.n477 Vdd.n476 0.001
R714 Vdd.n483 Vdd.n482 0.001
R715 Vdd.n412 Vdd.n63 0.001
R716 Vdd.n415 Vdd.n413 0.001
R717 Vdd.n418 Vdd.n416 0.001
R718 Vdd.n421 Vdd.n419 0.001
R719 Vdd.n424 Vdd.n422 0.001
R720 Vdd.n427 Vdd.n425 0.001
R721 Vdd.n430 Vdd.n428 0.001
R722 Vdd.n433 Vdd.n431 0.001
R723 Vdd.n436 Vdd.n434 0.001
R724 Vdd.n439 Vdd.n437 0.001
R725 Vdd.n442 Vdd.n440 0.001
R726 Vdd.n445 Vdd.n443 0.001
R727 Vdd.n448 Vdd.n446 0.001
R728 Vdd.n451 Vdd.n449 0.001
R729 Vdd.n454 Vdd.n452 0.001
R730 Vdd.n457 Vdd.n455 0.001
R731 Vdd.n461 Vdd.n459 0.001
R732 Vdd.n461 Vdd.n86 0.001
R733 Vdd.n257 Vdd.n207 0.001
R734 Vdd.n210 Vdd.n209 0.001
R735 Vdd.n212 Vdd.n211 0.001
R736 Vdd.n214 Vdd.n213 0.001
R737 Vdd.n216 Vdd.n215 0.001
R738 Vdd.n218 Vdd.n217 0.001
R739 Vdd.n220 Vdd.n219 0.001
R740 Vdd.n222 Vdd.n221 0.001
R741 Vdd.n224 Vdd.n223 0.001
R742 Vdd.n226 Vdd.n225 0.001
R743 Vdd.n228 Vdd.n227 0.001
R744 Vdd.n230 Vdd.n229 0.001
R745 Vdd.n232 Vdd.n231 0.001
R746 Vdd.n234 Vdd.n233 0.001
R747 Vdd.n236 Vdd.n235 0.001
R748 Vdd.n238 Vdd.n237 0.001
R749 Vdd.n239 Vdd.n204 0.001
R750 Vdd.t8 Vdd.n120 0.001
R751 Vdd.t4 Vdd.n120 0.001
R752 Vdd.n209 Vdd.n207 0.001
R753 Vdd.n211 Vdd.n210 0.001
R754 Vdd.n213 Vdd.n212 0.001
R755 Vdd.n215 Vdd.n214 0.001
R756 Vdd.n217 Vdd.n216 0.001
R757 Vdd.n219 Vdd.n218 0.001
R758 Vdd.n221 Vdd.n220 0.001
R759 Vdd.n223 Vdd.n222 0.001
R760 Vdd.n225 Vdd.n224 0.001
R761 Vdd.n227 Vdd.n226 0.001
R762 Vdd.n229 Vdd.n228 0.001
R763 Vdd.n231 Vdd.n230 0.001
R764 Vdd.n233 Vdd.n232 0.001
R765 Vdd.n235 Vdd.n234 0.001
R766 Vdd.n237 Vdd.n236 0.001
R767 Vdd.n239 Vdd.n238 0.001
R768 Vdd.n278 Vdd.n204 0.001
R769 Vdd.n487 Vdd.n5 0.001
R770 Vdd.n71 Vdd.n58 0.001
R771 Vdd.n72 Vdd.n55 0.001
R772 Vdd.n73 Vdd.n52 0.001
R773 Vdd.n74 Vdd.n49 0.001
R774 Vdd.n75 Vdd.n46 0.001
R775 Vdd.n76 Vdd.n43 0.001
R776 Vdd.n77 Vdd.n40 0.001
R777 Vdd.n78 Vdd.n37 0.001
R778 Vdd.t5 Vdd.n34 0.001
R779 Vdd.n79 Vdd.n31 0.001
R780 Vdd.n80 Vdd.n28 0.001
R781 Vdd.n81 Vdd.n25 0.001
R782 Vdd.n82 Vdd.n22 0.001
R783 Vdd.n83 Vdd.n19 0.001
R784 Vdd.n84 Vdd.n16 0.001
R785 Vdd.n85 Vdd.n13 0.001
R786 Vdd.n458 Vdd.n10 0.001
R787 Vdd.n394 Vdd.n7 0.001
R788 Vdd.n100 Vdd.n97 0.001
R789 Vdd.n319 Vdd.n101 0.001
R790 Vdd.n317 Vdd.n102 0.001
R791 Vdd.n315 Vdd.n103 0.001
R792 Vdd.n313 Vdd.n104 0.001
R793 Vdd.n311 Vdd.n105 0.001
R794 Vdd.n309 Vdd.n106 0.001
R795 Vdd.n307 Vdd.n107 0.001
R796 Vdd.n305 Vdd.t3 0.001
R797 Vdd.n303 Vdd.n108 0.001
R798 Vdd.n301 Vdd.n109 0.001
R799 Vdd.n299 Vdd.n110 0.001
R800 Vdd.n297 Vdd.n111 0.001
R801 Vdd.n295 Vdd.n112 0.001
R802 Vdd.n293 Vdd.n113 0.001
R803 Vdd.n291 Vdd.n114 0.001
R804 Vdd.n289 Vdd.n115 0.001
R805 Vdd.n288 Vdd.n118 0.001
R806 Vdd.t4 Vdd.n122 0.001
R807 Vdd.n122 Vdd.n118 0.001
R808 Vdd.n288 Vdd.n115 0.001
R809 Vdd.n289 Vdd.n114 0.001
R810 Vdd.n291 Vdd.n113 0.001
R811 Vdd.n293 Vdd.n112 0.001
R812 Vdd.n295 Vdd.n111 0.001
R813 Vdd.n297 Vdd.n110 0.001
R814 Vdd.n299 Vdd.n109 0.001
R815 Vdd.n301 Vdd.n108 0.001
R816 Vdd.n303 Vdd.t3 0.001
R817 Vdd.n305 Vdd.n107 0.001
R818 Vdd.n307 Vdd.n106 0.001
R819 Vdd.n309 Vdd.n105 0.001
R820 Vdd.n311 Vdd.n104 0.001
R821 Vdd.n313 Vdd.n103 0.001
R822 Vdd.n315 Vdd.n102 0.001
R823 Vdd.n317 Vdd.n101 0.001
R824 Vdd.n319 Vdd.n100 0.001
R825 Vdd.n394 Vdd.n97 0.001
R826 Vdd.n458 Vdd.n7 0.001
R827 Vdd.n85 Vdd.n10 0.001
R828 Vdd.n84 Vdd.n13 0.001
R829 Vdd.n83 Vdd.n16 0.001
R830 Vdd.n82 Vdd.n19 0.001
R831 Vdd.n81 Vdd.n22 0.001
R832 Vdd.n80 Vdd.n25 0.001
R833 Vdd.n79 Vdd.n28 0.001
R834 Vdd.t5 Vdd.n31 0.001
R835 Vdd.n78 Vdd.n34 0.001
R836 Vdd.n77 Vdd.n37 0.001
R837 Vdd.n76 Vdd.n40 0.001
R838 Vdd.n75 Vdd.n43 0.001
R839 Vdd.n74 Vdd.n46 0.001
R840 Vdd.n73 Vdd.n49 0.001
R841 Vdd.n72 Vdd.n52 0.001
R842 Vdd.n71 Vdd.n55 0.001
R843 Vdd.n58 Vdd.n5 0.001
R844 Vdd.t0 Vdd.n487 0.001
R845 Vdd.n464 Vdd.n86 0.001
R846 Vdd.n464 Vdd.n69 0.001
R847 Vdd.n469 Vdd.n468 0.001
R848 Vdd.n471 Vdd.n470 0.001
R849 Vdd.n474 Vdd.n67 0.001
R850 Vdd.n476 Vdd.n475 0.001
R851 Vdd.n478 Vdd.n477 0.001
R852 Vdd.n459 Vdd.n457 0.001
R853 Vdd.n455 Vdd.n454 0.001
R854 Vdd.n452 Vdd.n451 0.001
R855 Vdd.n449 Vdd.n448 0.001
R856 Vdd.n446 Vdd.n445 0.001
R857 Vdd.n443 Vdd.n442 0.001
R858 Vdd.n440 Vdd.n439 0.001
R859 Vdd.n437 Vdd.n436 0.001
R860 Vdd.n434 Vdd.n433 0.001
R861 Vdd.n431 Vdd.n430 0.001
R862 Vdd.n428 Vdd.n427 0.001
R863 Vdd.n425 Vdd.n424 0.001
R864 Vdd.n422 Vdd.n421 0.001
R865 Vdd.n419 Vdd.n418 0.001
R866 Vdd.n416 Vdd.n415 0.001
R867 Vdd.n413 Vdd.n412 0.001
R868 Vdd.n483 Vdd.n63 0.001
R869 Vdd.n482 Vdd.n481 0.001
R870 Vdd.n392 Vdd.n391 0.001
R871 Vdd.n393 Vdd.n392 0.001
R872 Vdd.n369 Vdd.n90 0.001
R873 Vdd.n371 Vdd.n91 0.001
R874 Vdd.n373 Vdd.n92 0.001
R875 Vdd.n375 Vdd.n93 0.001
R876 Vdd.n377 Vdd.n94 0.001
R877 Vdd.n379 Vdd.n95 0.001
R878 Vdd.n129 Vdd.n128 0.001
R879 Vdd.n134 Vdd.n127 0.001
R880 Vdd.n135 Vdd.n126 0.001
R881 Vdd.n136 Vdd.n125 0.001
R882 Vdd.n137 Vdd.n124 0.001
R883 Vdd.n138 Vdd.n123 0.001
R884 Vdd.n390 Vdd.n389 0.001
R885 Vdd.n388 Vdd.n387 0.001
R886 Vdd.n321 Vdd.n131 0.001
R887 Vdd.n324 Vdd.n322 0.001
R888 Vdd.n327 Vdd.n325 0.001
R889 Vdd.n330 Vdd.n328 0.001
R890 Vdd.n333 Vdd.n331 0.001
R891 Vdd.n336 Vdd.n334 0.001
R892 Vdd.n339 Vdd.n337 0.001
R893 Vdd.n342 Vdd.n340 0.001
R894 Vdd.n345 Vdd.n343 0.001
R895 Vdd.n348 Vdd.n346 0.001
R896 Vdd.n351 Vdd.n349 0.001
R897 Vdd.n354 Vdd.n352 0.001
R898 Vdd.n357 Vdd.n355 0.001
R899 Vdd.n360 Vdd.n358 0.001
R900 Vdd.n363 Vdd.n361 0.001
R901 Vdd.n365 Vdd.n364 0.001
R902 Vdd.n367 Vdd.n366 0.001
R903 Vdd.n367 Vdd.n96 0.001
R904 a_n1986_8602.t0 a_n1986_8602.t1 24.904
R905 a_n1109_7383.n0 a_n1109_7383.t3 24.9817
R906 a_n1109_7383.n0 a_n1109_7383.t2 24.6077
R907 a_n1109_7383.n1 a_n1109_7383.t1 14.2897
R908 a_n1109_7383.t0 a_n1109_7383.n1 12.8168
R909 a_n1109_7383.n1 a_n1109_7383.n0 3.8175
R910 a_n3786_7383.n0 a_n3786_7383.t2 24.9839
R911 a_n3786_7383.n0 a_n3786_7383.t3 24.6077
R912 a_n3786_7383.n1 a_n3786_7383.t1 14.2897
R913 a_n3786_7383.t0 a_n3786_7383.n1 12.811
R914 a_n3786_7383.n1 a_n3786_7383.n0 3.8439
R915 a_691_6613.t0 a_691_6613.t1 28.1928
R916 Vss.n432 Vss.n431 713.5
R917 Vss.n486 Vss.n91 701.389
R918 Vss.n477 Vss.n152 681.91
R919 Vss.n482 Vss.n481 670.619
R920 Vss.t6 Vss.n79 270.003
R921 Vss.n90 Vss.n79 191.556
R922 Vss.n90 Vss.t2 78.0239
R923 Vss.n91 Vss.n90 71.7258
R924 Vss.n62 Vss.t10 69.8566
R925 Vss.n183 Vss.t1 69.8566
R926 Vss.n281 Vss.t0 69.827
R927 Vss.t8 Vss.n362 62.2096
R928 Vss.n388 Vss.t8 59.6704
R929 Vss.t10 Vss.n23 57.1555
R930 Vss.t1 Vss.n138 57.1555
R931 Vss.t0 Vss.n242 57.1313
R932 Vss.n90 Vss.n89 43.7635
R933 Vss.n80 Vss.t6 27.7377
R934 Vss.n88 Vss.t2 27.7352
R935 Vss.n361 Vss.n343 24.3947
R936 Vss.n363 Vss.n341 24.3947
R937 Vss.n347 Vss.n340 24.3947
R938 Vss.n363 Vss.n340 24.3947
R939 Vss.n361 Vss.n342 24.3947
R940 Vss.n343 Vss.n337 24.3947
R941 Vss.n484 Vss.n116 17.0005
R942 Vss.n484 Vss.n23 17.0005
R943 Vss.n479 Vss.n146 17.0005
R944 Vss.n479 Vss.n138 17.0005
R945 Vss.n434 Vss.n314 17.0005
R946 Vss.n434 Vss.n242 17.0005
R947 Vss.n422 Vss.n388 17.0005
R948 Vss.n422 Vss.n362 17.0005
R949 Vss.n188 Vss.n3 17.0005
R950 Vss.n490 Vss.n3 17.0005
R951 Vss.n476 Vss.n181 17.0005
R952 Vss.n476 Vss.n475 17.0005
R953 Vss.n401 Vss.n221 17.0005
R954 Vss.n445 Vss.n221 17.0005
R955 Vss.n488 Vss.n44 17.0005
R956 Vss.n488 Vss.n51 17.0005
R957 Vss.n488 Vss.n41 17.0005
R958 Vss.n488 Vss.n53 17.0005
R959 Vss.n488 Vss.n38 17.0005
R960 Vss.n488 Vss.n55 17.0005
R961 Vss.n488 Vss.n35 17.0005
R962 Vss.n488 Vss.n57 17.0005
R963 Vss.n488 Vss.n32 17.0005
R964 Vss.n488 Vss.n59 17.0005
R965 Vss.n488 Vss.n29 17.0005
R966 Vss.n488 Vss.n61 17.0005
R967 Vss.n488 Vss.n26 17.0005
R968 Vss.n488 Vss.n62 17.0005
R969 Vss.n488 Vss.n23 17.0005
R970 Vss.n488 Vss.n64 17.0005
R971 Vss.n488 Vss.n20 17.0005
R972 Vss.n488 Vss.n66 17.0005
R973 Vss.n488 Vss.n17 17.0005
R974 Vss.n488 Vss.n68 17.0005
R975 Vss.n488 Vss.n14 17.0005
R976 Vss.n488 Vss.n70 17.0005
R977 Vss.n488 Vss.n11 17.0005
R978 Vss.n488 Vss.n72 17.0005
R979 Vss.n488 Vss.n8 17.0005
R980 Vss.n488 Vss.n74 17.0005
R981 Vss.n488 Vss.n6 17.0005
R982 Vss.n488 Vss.n76 17.0005
R983 Vss.n488 Vss.n5 17.0005
R984 Vss.n473 Vss.n217 17.0005
R985 Vss.n473 Vss.n454 17.0005
R986 Vss.n473 Vss.n215 17.0005
R987 Vss.n473 Vss.n455 17.0005
R988 Vss.n473 Vss.n213 17.0005
R989 Vss.n473 Vss.n456 17.0005
R990 Vss.n473 Vss.n211 17.0005
R991 Vss.n473 Vss.n457 17.0005
R992 Vss.n473 Vss.n209 17.0005
R993 Vss.n473 Vss.n458 17.0005
R994 Vss.n473 Vss.n207 17.0005
R995 Vss.n473 Vss.n459 17.0005
R996 Vss.n473 Vss.n205 17.0005
R997 Vss.n473 Vss.n183 17.0005
R998 Vss.n473 Vss.n138 17.0005
R999 Vss.n473 Vss.n460 17.0005
R1000 Vss.n473 Vss.n202 17.0005
R1001 Vss.n473 Vss.n461 17.0005
R1002 Vss.n473 Vss.n200 17.0005
R1003 Vss.n473 Vss.n462 17.0005
R1004 Vss.n473 Vss.n198 17.0005
R1005 Vss.n473 Vss.n463 17.0005
R1006 Vss.n473 Vss.n196 17.0005
R1007 Vss.n473 Vss.n464 17.0005
R1008 Vss.n473 Vss.n194 17.0005
R1009 Vss.n473 Vss.n465 17.0005
R1010 Vss.n473 Vss.n192 17.0005
R1011 Vss.n473 Vss.n466 17.0005
R1012 Vss.n473 Vss.n191 17.0005
R1013 Vss.n443 Vss.n263 17.0005
R1014 Vss.n443 Vss.n270 17.0005
R1015 Vss.n443 Vss.n260 17.0005
R1016 Vss.n443 Vss.n272 17.0005
R1017 Vss.n443 Vss.n257 17.0005
R1018 Vss.n443 Vss.n274 17.0005
R1019 Vss.n443 Vss.n254 17.0005
R1020 Vss.n443 Vss.n276 17.0005
R1021 Vss.n443 Vss.n251 17.0005
R1022 Vss.n443 Vss.n278 17.0005
R1023 Vss.n443 Vss.n248 17.0005
R1024 Vss.n443 Vss.n280 17.0005
R1025 Vss.n443 Vss.n245 17.0005
R1026 Vss.n443 Vss.n281 17.0005
R1027 Vss.n443 Vss.n242 17.0005
R1028 Vss.n443 Vss.n283 17.0005
R1029 Vss.n443 Vss.n239 17.0005
R1030 Vss.n443 Vss.n285 17.0005
R1031 Vss.n443 Vss.n236 17.0005
R1032 Vss.n443 Vss.n287 17.0005
R1033 Vss.n443 Vss.n233 17.0005
R1034 Vss.n443 Vss.n289 17.0005
R1035 Vss.n443 Vss.n230 17.0005
R1036 Vss.n443 Vss.n291 17.0005
R1037 Vss.n443 Vss.n227 17.0005
R1038 Vss.n443 Vss.n293 17.0005
R1039 Vss.n443 Vss.n225 17.0005
R1040 Vss.n443 Vss.n295 17.0005
R1041 Vss.n443 Vss.n224 17.0005
R1042 Vss.n101 Vss.n76 12.199
R1043 Vss.n102 Vss.n74 12.199
R1044 Vss.n103 Vss.n72 12.199
R1045 Vss.n104 Vss.n70 12.199
R1046 Vss.n105 Vss.n68 12.199
R1047 Vss.n106 Vss.n66 12.199
R1048 Vss.n107 Vss.n64 12.199
R1049 Vss.n108 Vss.n62 12.199
R1050 Vss.n109 Vss.n61 12.199
R1051 Vss.n110 Vss.n59 12.199
R1052 Vss.n111 Vss.n57 12.199
R1053 Vss.n112 Vss.n55 12.199
R1054 Vss.n113 Vss.n53 12.199
R1055 Vss.n114 Vss.n51 12.199
R1056 Vss.n482 Vss.n49 12.199
R1057 Vss.n466 Vss.n131 12.199
R1058 Vss.n465 Vss.n132 12.199
R1059 Vss.n464 Vss.n133 12.199
R1060 Vss.n463 Vss.n134 12.199
R1061 Vss.n462 Vss.n135 12.199
R1062 Vss.n461 Vss.n136 12.199
R1063 Vss.n460 Vss.n137 12.199
R1064 Vss.n183 Vss.n139 12.199
R1065 Vss.n459 Vss.n140 12.199
R1066 Vss.n458 Vss.n141 12.199
R1067 Vss.n457 Vss.n142 12.199
R1068 Vss.n456 Vss.n143 12.199
R1069 Vss.n455 Vss.n144 12.199
R1070 Vss.n454 Vss.n145 12.199
R1071 Vss.n477 Vss.n148 12.199
R1072 Vss.n114 Vss.n44 12.199
R1073 Vss.n113 Vss.n41 12.199
R1074 Vss.n112 Vss.n38 12.199
R1075 Vss.n111 Vss.n35 12.199
R1076 Vss.n110 Vss.n32 12.199
R1077 Vss.n109 Vss.n29 12.199
R1078 Vss.n108 Vss.n26 12.199
R1079 Vss.n107 Vss.n20 12.199
R1080 Vss.n106 Vss.n17 12.199
R1081 Vss.n105 Vss.n14 12.199
R1082 Vss.n104 Vss.n11 12.199
R1083 Vss.n103 Vss.n8 12.199
R1084 Vss.n102 Vss.n6 12.199
R1085 Vss.n101 Vss.n5 12.199
R1086 Vss.n217 Vss.n145 12.199
R1087 Vss.n215 Vss.n144 12.199
R1088 Vss.n213 Vss.n143 12.199
R1089 Vss.n211 Vss.n142 12.199
R1090 Vss.n209 Vss.n141 12.199
R1091 Vss.n207 Vss.n140 12.199
R1092 Vss.n205 Vss.n139 12.199
R1093 Vss.n202 Vss.n137 12.199
R1094 Vss.n200 Vss.n136 12.199
R1095 Vss.n198 Vss.n135 12.199
R1096 Vss.n196 Vss.n134 12.199
R1097 Vss.n194 Vss.n133 12.199
R1098 Vss.n192 Vss.n132 12.199
R1099 Vss.n191 Vss.n131 12.199
R1100 Vss.n116 Vss.n49 12.199
R1101 Vss.n148 Vss.n146 12.199
R1102 Vss.n299 Vss.n295 12.1976
R1103 Vss.n300 Vss.n293 12.1976
R1104 Vss.n301 Vss.n291 12.1976
R1105 Vss.n302 Vss.n289 12.1976
R1106 Vss.n303 Vss.n287 12.1976
R1107 Vss.n304 Vss.n285 12.1976
R1108 Vss.n305 Vss.n283 12.1976
R1109 Vss.n306 Vss.n281 12.1976
R1110 Vss.n307 Vss.n280 12.1976
R1111 Vss.n308 Vss.n278 12.1976
R1112 Vss.n309 Vss.n276 12.1976
R1113 Vss.n310 Vss.n274 12.1976
R1114 Vss.n311 Vss.n272 12.1976
R1115 Vss.n312 Vss.n270 12.1976
R1116 Vss.n432 Vss.n268 12.1976
R1117 Vss.n431 Vss.n337 12.1976
R1118 Vss.n362 Vss.n342 12.1976
R1119 Vss.n424 Vss.n347 12.1976
R1120 Vss.n312 Vss.n263 12.1976
R1121 Vss.n311 Vss.n260 12.1976
R1122 Vss.n310 Vss.n257 12.1976
R1123 Vss.n309 Vss.n254 12.1976
R1124 Vss.n308 Vss.n251 12.1976
R1125 Vss.n307 Vss.n248 12.1976
R1126 Vss.n306 Vss.n245 12.1976
R1127 Vss.n305 Vss.n239 12.1976
R1128 Vss.n304 Vss.n236 12.1976
R1129 Vss.n303 Vss.n233 12.1976
R1130 Vss.n302 Vss.n230 12.1976
R1131 Vss.n301 Vss.n227 12.1976
R1132 Vss.n300 Vss.n225 12.1976
R1133 Vss.n299 Vss.n224 12.1976
R1134 Vss.n388 Vss.n341 12.1976
R1135 Vss.n314 Vss.n268 12.1976
R1136 Vss Vss.n492 9.2997
R1137 Vss.n486 Vss.n92 8.501
R1138 Vss.n486 Vss.n93 8.501
R1139 Vss.n482 Vss.n47 8.501
R1140 Vss.n482 Vss.n124 8.501
R1141 Vss.n482 Vss.n118 8.501
R1142 Vss.n481 Vss.n125 8.501
R1143 Vss.n481 Vss.n126 8.501
R1144 Vss.n477 Vss.n151 8.501
R1145 Vss.n477 Vss.n150 8.501
R1146 Vss.n477 Vss.n149 8.501
R1147 Vss.n437 Vss.n152 8.501
R1148 Vss.n296 Vss.n152 8.501
R1149 Vss.n432 Vss.n266 8.501
R1150 Vss.n432 Vss.n322 8.501
R1151 Vss.n432 Vss.n316 8.501
R1152 Vss.n424 Vss.n423 8.501
R1153 Vss.n424 Vss.n359 8.501
R1154 Vss.n424 Vss.n358 8.501
R1155 Vss.n424 Vss.n357 8.501
R1156 Vss.n424 Vss.n356 8.501
R1157 Vss.n424 Vss.n355 8.501
R1158 Vss.n424 Vss.n354 8.501
R1159 Vss.n424 Vss.n353 8.501
R1160 Vss.n424 Vss.n352 8.501
R1161 Vss.n424 Vss.n351 8.501
R1162 Vss.n424 Vss.n350 8.501
R1163 Vss.n424 Vss.n349 8.501
R1164 Vss.n424 Vss.n348 8.501
R1165 Vss.n425 Vss.n424 8.501
R1166 Vss.n431 Vss.n323 8.501
R1167 Vss.n431 Vss.n324 8.501
R1168 Vss.n431 Vss.n325 8.501
R1169 Vss.n431 Vss.n326 8.501
R1170 Vss.n431 Vss.n327 8.501
R1171 Vss.n431 Vss.n328 8.501
R1172 Vss.n431 Vss.n329 8.501
R1173 Vss.n431 Vss.n330 8.501
R1174 Vss.n431 Vss.n331 8.501
R1175 Vss.n431 Vss.n332 8.501
R1176 Vss.n431 Vss.n333 8.501
R1177 Vss.n431 Vss.n334 8.501
R1178 Vss.n431 Vss.n335 8.501
R1179 Vss.n431 Vss.n336 8.501
R1180 Vss.n62 Vss.n3 8.5005
R1181 Vss.n476 Vss.n183 8.5005
R1182 Vss.n281 Vss.n221 8.5005
R1183 Vss.n45 Vss.n3 8.49273
R1184 Vss.n42 Vss.n3 8.49273
R1185 Vss.n39 Vss.n3 8.49273
R1186 Vss.n36 Vss.n3 8.49273
R1187 Vss.n33 Vss.n3 8.49273
R1188 Vss.n30 Vss.n3 8.49273
R1189 Vss.n27 Vss.n3 8.49273
R1190 Vss.n24 Vss.n3 8.49273
R1191 Vss.n21 Vss.n3 8.49273
R1192 Vss.n18 Vss.n3 8.49273
R1193 Vss.n15 Vss.n3 8.49273
R1194 Vss.n12 Vss.n3 8.49273
R1195 Vss.n9 Vss.n3 8.49273
R1196 Vss.n4 Vss.n3 8.49273
R1197 Vss.n476 Vss.n179 8.49273
R1198 Vss.n476 Vss.n177 8.49273
R1199 Vss.n476 Vss.n175 8.49273
R1200 Vss.n476 Vss.n173 8.49273
R1201 Vss.n476 Vss.n171 8.49273
R1202 Vss.n476 Vss.n169 8.49273
R1203 Vss.n476 Vss.n167 8.49273
R1204 Vss.n476 Vss.n165 8.49273
R1205 Vss.n476 Vss.n163 8.49273
R1206 Vss.n476 Vss.n161 8.49273
R1207 Vss.n476 Vss.n159 8.49273
R1208 Vss.n476 Vss.n157 8.49273
R1209 Vss.n476 Vss.n155 8.49273
R1210 Vss.n476 Vss.n154 8.49273
R1211 Vss.n264 Vss.n221 8.49273
R1212 Vss.n261 Vss.n221 8.49273
R1213 Vss.n258 Vss.n221 8.49273
R1214 Vss.n255 Vss.n221 8.49273
R1215 Vss.n252 Vss.n221 8.49273
R1216 Vss.n249 Vss.n221 8.49273
R1217 Vss.n246 Vss.n221 8.49273
R1218 Vss.n243 Vss.n221 8.49273
R1219 Vss.n240 Vss.n221 8.49273
R1220 Vss.n237 Vss.n221 8.49273
R1221 Vss.n234 Vss.n221 8.49273
R1222 Vss.n231 Vss.n221 8.49273
R1223 Vss.n228 Vss.n221 8.49273
R1224 Vss.n222 Vss.n221 8.49273
R1225 Vss.n488 Vss.n46 8.49273
R1226 Vss.n488 Vss.n43 8.49273
R1227 Vss.n488 Vss.n40 8.49273
R1228 Vss.n488 Vss.n37 8.49273
R1229 Vss.n488 Vss.n34 8.49273
R1230 Vss.n488 Vss.n31 8.49273
R1231 Vss.n488 Vss.n28 8.49273
R1232 Vss.n488 Vss.n22 8.49273
R1233 Vss.n488 Vss.n19 8.49273
R1234 Vss.n488 Vss.n16 8.49273
R1235 Vss.n488 Vss.n13 8.49273
R1236 Vss.n488 Vss.n10 8.49273
R1237 Vss.n488 Vss.n7 8.49273
R1238 Vss.n489 Vss.n488 8.49273
R1239 Vss.n473 Vss.n218 8.49273
R1240 Vss.n473 Vss.n216 8.49273
R1241 Vss.n473 Vss.n214 8.49273
R1242 Vss.n473 Vss.n212 8.49273
R1243 Vss.n473 Vss.n210 8.49273
R1244 Vss.n473 Vss.n208 8.49273
R1245 Vss.n473 Vss.n206 8.49273
R1246 Vss.n473 Vss.n203 8.49273
R1247 Vss.n473 Vss.n201 8.49273
R1248 Vss.n473 Vss.n199 8.49273
R1249 Vss.n473 Vss.n197 8.49273
R1250 Vss.n473 Vss.n195 8.49273
R1251 Vss.n473 Vss.n193 8.49273
R1252 Vss.n474 Vss.n473 8.49273
R1253 Vss.n443 Vss.n265 8.49273
R1254 Vss.n443 Vss.n262 8.49273
R1255 Vss.n443 Vss.n259 8.49273
R1256 Vss.n443 Vss.n256 8.49273
R1257 Vss.n443 Vss.n253 8.49273
R1258 Vss.n443 Vss.n250 8.49273
R1259 Vss.n443 Vss.n247 8.49273
R1260 Vss.n443 Vss.n241 8.49273
R1261 Vss.n443 Vss.n238 8.49273
R1262 Vss.n443 Vss.n235 8.49273
R1263 Vss.n443 Vss.n232 8.49273
R1264 Vss.n443 Vss.n229 8.49273
R1265 Vss.n443 Vss.n226 8.49273
R1266 Vss.n444 Vss.n443 8.49273
R1267 Vss.n488 Vss.n25 8.48885
R1268 Vss.n473 Vss.n204 8.48885
R1269 Vss.n443 Vss.n244 8.48885
R1270 Vss.n488 Vss.n48 8.48362
R1271 Vss.n473 Vss.n453 8.48362
R1272 Vss.n443 Vss.n267 8.48362
R1273 Vss.n488 Vss.n1 8.48362
R1274 Vss.n473 Vss.n472 8.48362
R1275 Vss.n443 Vss.n219 8.48362
R1276 Vss.n99 Vss.n95 8.46995
R1277 Vss.n97 Vss.n77 8.46995
R1278 Vss.n123 Vss.n122 8.46995
R1279 Vss.n120 Vss.n117 8.46995
R1280 Vss.n467 Vss.n129 8.46995
R1281 Vss.n471 Vss.n470 8.46995
R1282 Vss.n452 Vss.n448 8.46995
R1283 Vss.n450 Vss.n147 8.46995
R1284 Vss.n82 Vss.n78 8.46995
R1285 Vss.n436 Vss.n297 8.46995
R1286 Vss.n441 Vss.n440 8.46995
R1287 Vss.n321 Vss.n320 8.46995
R1288 Vss.n318 Vss.n315 8.46995
R1289 Vss.n386 Vss.n360 8.46995
R1290 Vss.n385 Vss.n364 8.46995
R1291 Vss.n384 Vss.n365 8.46995
R1292 Vss.n383 Vss.n366 8.46995
R1293 Vss.n382 Vss.n367 8.46995
R1294 Vss.n381 Vss.n368 8.46995
R1295 Vss.n380 Vss.n369 8.46995
R1296 Vss.n379 Vss.n370 8.46995
R1297 Vss.n378 Vss.n371 8.46995
R1298 Vss.n377 Vss.n372 8.46995
R1299 Vss.n376 Vss.n373 8.46995
R1300 Vss.n375 Vss.n374 8.46995
R1301 Vss.n346 Vss.n345 8.46995
R1302 Vss.n427 Vss.n426 8.46995
R1303 Vss.n344 Vss.n338 8.46995
R1304 Vss.n390 Vss.n389 8.46995
R1305 Vss.n392 Vss.n391 8.46995
R1306 Vss.n394 Vss.n393 8.46995
R1307 Vss.n396 Vss.n395 8.46995
R1308 Vss.n398 Vss.n397 8.46995
R1309 Vss.n405 Vss.n404 8.46995
R1310 Vss.n407 Vss.n406 8.46995
R1311 Vss.n409 Vss.n408 8.46995
R1312 Vss.n411 Vss.n410 8.46995
R1313 Vss.n413 Vss.n412 8.46995
R1314 Vss.n415 Vss.n414 8.46995
R1315 Vss.n417 Vss.n416 8.46995
R1316 Vss.n419 Vss.n418 8.46995
R1317 Vss.n98 Vss.n96 8.45723
R1318 Vss.n121 Vss.n119 8.45723
R1319 Vss.n469 Vss.n468 8.45723
R1320 Vss.n451 Vss.n449 8.45723
R1321 Vss.n439 Vss.n438 8.45723
R1322 Vss.n319 Vss.n317 8.45723
R1323 Vss.n94 Vss.n5 7.60345
R1324 Vss.n191 Vss.n128 7.60345
R1325 Vss.n224 Vss.n223 7.60311
R1326 Vss.n115 Vss.n44 7.10396
R1327 Vss.n50 Vss.n41 7.10396
R1328 Vss.n52 Vss.n38 7.10396
R1329 Vss.n54 Vss.n35 7.10396
R1330 Vss.n56 Vss.n32 7.10396
R1331 Vss.n58 Vss.n29 7.10396
R1332 Vss.n60 Vss.n26 7.10396
R1333 Vss.n64 Vss.n63 7.10396
R1334 Vss.n66 Vss.n65 7.10396
R1335 Vss.n68 Vss.n67 7.10396
R1336 Vss.n70 Vss.n69 7.10396
R1337 Vss.n72 Vss.n71 7.10396
R1338 Vss.n74 Vss.n73 7.10396
R1339 Vss.n76 Vss.n75 7.10396
R1340 Vss.n217 Vss.n180 7.10396
R1341 Vss.n215 Vss.n178 7.10396
R1342 Vss.n213 Vss.n176 7.10396
R1343 Vss.n211 Vss.n174 7.10396
R1344 Vss.n209 Vss.n172 7.10396
R1345 Vss.n207 Vss.n170 7.10396
R1346 Vss.n205 Vss.n168 7.10396
R1347 Vss.n460 Vss.n166 7.10396
R1348 Vss.n461 Vss.n164 7.10396
R1349 Vss.n462 Vss.n162 7.10396
R1350 Vss.n463 Vss.n160 7.10396
R1351 Vss.n464 Vss.n158 7.10396
R1352 Vss.n465 Vss.n156 7.10396
R1353 Vss.n466 Vss.n153 7.10396
R1354 Vss.n313 Vss.n263 7.10346
R1355 Vss.n269 Vss.n260 7.10346
R1356 Vss.n271 Vss.n257 7.10346
R1357 Vss.n273 Vss.n254 7.10346
R1358 Vss.n275 Vss.n251 7.10346
R1359 Vss.n277 Vss.n248 7.10346
R1360 Vss.n279 Vss.n245 7.10346
R1361 Vss.n283 Vss.n282 7.10346
R1362 Vss.n285 Vss.n284 7.10346
R1363 Vss.n287 Vss.n286 7.10346
R1364 Vss.n289 Vss.n288 7.10346
R1365 Vss.n291 Vss.n290 7.10346
R1366 Vss.n293 Vss.n292 7.10346
R1367 Vss.n295 Vss.n294 7.10346
R1368 Vss.n116 Vss.n115 7.10329
R1369 Vss.n51 Vss.n50 7.10329
R1370 Vss.n53 Vss.n52 7.10329
R1371 Vss.n55 Vss.n54 7.10329
R1372 Vss.n57 Vss.n56 7.10329
R1373 Vss.n59 Vss.n58 7.10329
R1374 Vss.n61 Vss.n60 7.10329
R1375 Vss.n63 Vss.n23 7.10329
R1376 Vss.n65 Vss.n20 7.10329
R1377 Vss.n67 Vss.n17 7.10329
R1378 Vss.n69 Vss.n14 7.10329
R1379 Vss.n71 Vss.n11 7.10329
R1380 Vss.n73 Vss.n8 7.10329
R1381 Vss.n75 Vss.n6 7.10329
R1382 Vss.n180 Vss.n146 7.10329
R1383 Vss.n454 Vss.n178 7.10329
R1384 Vss.n455 Vss.n176 7.10329
R1385 Vss.n456 Vss.n174 7.10329
R1386 Vss.n457 Vss.n172 7.10329
R1387 Vss.n458 Vss.n170 7.10329
R1388 Vss.n459 Vss.n168 7.10329
R1389 Vss.n166 Vss.n138 7.10329
R1390 Vss.n202 Vss.n164 7.10329
R1391 Vss.n200 Vss.n162 7.10329
R1392 Vss.n198 Vss.n160 7.10329
R1393 Vss.n196 Vss.n158 7.10329
R1394 Vss.n194 Vss.n156 7.10329
R1395 Vss.n192 Vss.n153 7.10329
R1396 Vss.n314 Vss.n313 7.10279
R1397 Vss.n270 Vss.n269 7.10279
R1398 Vss.n272 Vss.n271 7.10279
R1399 Vss.n274 Vss.n273 7.10279
R1400 Vss.n276 Vss.n275 7.10279
R1401 Vss.n278 Vss.n277 7.10279
R1402 Vss.n280 Vss.n279 7.10279
R1403 Vss.n282 Vss.n242 7.10279
R1404 Vss.n284 Vss.n239 7.10279
R1405 Vss.n286 Vss.n236 7.10279
R1406 Vss.n288 Vss.n233 7.10279
R1407 Vss.n290 Vss.n230 7.10279
R1408 Vss.n292 Vss.n227 7.10279
R1409 Vss.n294 Vss.n225 7.10279
R1410 Vss.n487 Vss.n486 5.66778
R1411 Vss.n481 Vss.n127 5.66778
R1412 Vss.n442 Vss.n152 5.66778
R1413 Vss.n486 Vss.n485 5.66767
R1414 Vss.n483 Vss.n482 5.66767
R1415 Vss.n481 Vss.n480 5.66767
R1416 Vss.n478 Vss.n477 5.66767
R1417 Vss.n435 Vss.n152 5.66767
R1418 Vss.n433 Vss.n432 5.66767
R1419 Vss.n424 Vss.n339 5.66767
R1420 Vss.n431 Vss.n430 5.66767
R1421 Vss.n399 Vss.t4 5.0595
R1422 Vss.n184 Vss.t5 5.0595
R1423 Vss.n186 Vss.t11 5.0595
R1424 Vss.n85 Vss.t3 5.03887
R1425 Vss.n83 Vss.t7 5.03887
R1426 Vss.n420 Vss.t9 4.66164
R1427 Vss.n86 Vss.n78 4.17416
R1428 Vss.n84 Vss.n78 4.14781
R1429 Vss.n492 Vss.n0 4.01206
R1430 Vss.n422 Vss.n421 2.72439
R1431 Vss.n422 Vss.n387 2.72439
R1432 Vss.n434 Vss.n312 2.40271
R1433 Vss.n434 Vss.n311 2.40271
R1434 Vss.n434 Vss.n310 2.40271
R1435 Vss.n434 Vss.n309 2.40271
R1436 Vss.n434 Vss.n308 2.40271
R1437 Vss.n434 Vss.n307 2.40271
R1438 Vss.n434 Vss.n306 2.40271
R1439 Vss.n434 Vss.n305 2.40271
R1440 Vss.n434 Vss.n304 2.40271
R1441 Vss.n434 Vss.n303 2.40271
R1442 Vss.n434 Vss.n302 2.40271
R1443 Vss.n434 Vss.n301 2.40271
R1444 Vss.n434 Vss.n300 2.40271
R1445 Vss.n434 Vss.n299 2.40271
R1446 Vss.n429 Vss.n340 2.40271
R1447 Vss.n429 Vss.n341 2.40271
R1448 Vss.n429 Vss.n342 2.40271
R1449 Vss.n429 Vss.n343 2.40271
R1450 Vss.n422 Vss.n347 2.40271
R1451 Vss.n422 Vss.n363 2.40271
R1452 Vss.n422 Vss.n361 2.40271
R1453 Vss.n422 Vss.n337 2.40271
R1454 Vss.n443 Vss.n268 2.40271
R1455 Vss.n484 Vss.n114 2.40198
R1456 Vss.n484 Vss.n113 2.40198
R1457 Vss.n484 Vss.n112 2.40198
R1458 Vss.n484 Vss.n111 2.40198
R1459 Vss.n484 Vss.n110 2.40198
R1460 Vss.n484 Vss.n109 2.40198
R1461 Vss.n484 Vss.n108 2.40198
R1462 Vss.n484 Vss.n107 2.40198
R1463 Vss.n484 Vss.n106 2.40198
R1464 Vss.n484 Vss.n105 2.40198
R1465 Vss.n484 Vss.n104 2.40198
R1466 Vss.n484 Vss.n103 2.40198
R1467 Vss.n484 Vss.n102 2.40198
R1468 Vss.n484 Vss.n101 2.40198
R1469 Vss.n479 Vss.n145 2.40198
R1470 Vss.n479 Vss.n144 2.40198
R1471 Vss.n479 Vss.n143 2.40198
R1472 Vss.n479 Vss.n142 2.40198
R1473 Vss.n479 Vss.n141 2.40198
R1474 Vss.n479 Vss.n140 2.40198
R1475 Vss.n479 Vss.n139 2.40198
R1476 Vss.n479 Vss.n137 2.40198
R1477 Vss.n479 Vss.n136 2.40198
R1478 Vss.n479 Vss.n135 2.40198
R1479 Vss.n479 Vss.n134 2.40198
R1480 Vss.n479 Vss.n133 2.40198
R1481 Vss.n479 Vss.n132 2.40198
R1482 Vss.n479 Vss.n131 2.40198
R1483 Vss.n488 Vss.n49 2.40198
R1484 Vss.n473 Vss.n148 2.40198
R1485 Vss.n403 Vss.n402 1.74073
R1486 Vss.n482 Vss.n3 1.7005
R1487 Vss.n477 Vss.n476 1.7005
R1488 Vss.n432 Vss.n221 1.7005
R1489 Vss.n87 Vss.n81 1.56407
R1490 Vss.n486 Vss.n94 1.52216
R1491 Vss.n481 Vss.n128 1.52216
R1492 Vss.n223 Vss.n152 1.52209
R1493 Vss.n81 Vss.n78 1.50961
R1494 Vss.n399 Vss.n220 1.42992
R1495 Vss.n185 Vss.n184 1.42992
R1496 Vss.n186 Vss.n2 1.42992
R1497 Vss.n318 Vss.n298 1.40538
R1498 Vss.n450 Vss.n130 1.40538
R1499 Vss.n120 Vss.n100 1.40538
R1500 Vss.n298 Vss.n297 1.39498
R1501 Vss.n467 Vss.n130 1.39498
R1502 Vss.n100 Vss.n99 1.39498
R1503 Vss.n491 Vss.n2 1.2592
R1504 Vss.n190 Vss.n185 1.2592
R1505 Vss.n446 Vss.n220 1.2592
R1506 Vss.n187 Vss.n3 1.19921
R1507 Vss.n476 Vss.n182 1.19921
R1508 Vss.n400 Vss.n221 1.19921
R1509 Vss.n429 Vss.n428 1.19466
R1510 Vss.n87 Vss.n86 1.16981
R1511 Vss.n428 Vss.n427 0.788921
R1512 Vss.n428 Vss.n344 0.786818
R1513 Vss.n492 Vss.n491 0.713242
R1514 Vss.n313 Vss.n221 0.700561
R1515 Vss.n269 Vss.n221 0.700561
R1516 Vss.n271 Vss.n221 0.700561
R1517 Vss.n273 Vss.n221 0.700561
R1518 Vss.n275 Vss.n221 0.700561
R1519 Vss.n277 Vss.n221 0.700561
R1520 Vss.n279 Vss.n221 0.700561
R1521 Vss.n282 Vss.n221 0.700561
R1522 Vss.n284 Vss.n221 0.700561
R1523 Vss.n286 Vss.n221 0.700561
R1524 Vss.n288 Vss.n221 0.700561
R1525 Vss.n290 Vss.n221 0.700561
R1526 Vss.n292 Vss.n221 0.700561
R1527 Vss.n294 Vss.n221 0.700561
R1528 Vss.n115 Vss.n3 0.700314
R1529 Vss.n50 Vss.n3 0.700314
R1530 Vss.n52 Vss.n3 0.700314
R1531 Vss.n54 Vss.n3 0.700314
R1532 Vss.n56 Vss.n3 0.700314
R1533 Vss.n58 Vss.n3 0.700314
R1534 Vss.n60 Vss.n3 0.700314
R1535 Vss.n63 Vss.n3 0.700314
R1536 Vss.n65 Vss.n3 0.700314
R1537 Vss.n67 Vss.n3 0.700314
R1538 Vss.n69 Vss.n3 0.700314
R1539 Vss.n71 Vss.n3 0.700314
R1540 Vss.n73 Vss.n3 0.700314
R1541 Vss.n75 Vss.n3 0.700314
R1542 Vss.n476 Vss.n180 0.700314
R1543 Vss.n476 Vss.n178 0.700314
R1544 Vss.n476 Vss.n176 0.700314
R1545 Vss.n476 Vss.n174 0.700314
R1546 Vss.n476 Vss.n172 0.700314
R1547 Vss.n476 Vss.n170 0.700314
R1548 Vss.n476 Vss.n168 0.700314
R1549 Vss.n476 Vss.n166 0.700314
R1550 Vss.n476 Vss.n164 0.700314
R1551 Vss.n476 Vss.n162 0.700314
R1552 Vss.n476 Vss.n160 0.700314
R1553 Vss.n476 Vss.n158 0.700314
R1554 Vss.n476 Vss.n156 0.700314
R1555 Vss.n476 Vss.n153 0.700314
R1556 Vss.n88 Vss.n87 0.647262
R1557 Vss.n187 Vss.n186 0.611594
R1558 Vss.n184 Vss.n182 0.611594
R1559 Vss.n400 Vss.n399 0.611594
R1560 Vss.n402 Vss.n400 0.597096
R1561 Vss.n447 Vss.n182 0.597096
R1562 Vss.n189 Vss.n187 0.597096
R1563 Vss.n81 Vss.n0 0.50007
R1564 Vss.n420 Vss.n387 0.45681
R1565 Vss.n387 Vss.n386 0.450427
R1566 Vss.n421 Vss.n419 0.448698
R1567 Vss.n84 Vss.n83 0.328192
R1568 Vss.n421 Vss.n420 0.315541
R1569 Vss.n380 Vss.n379 0.309045
R1570 Vss.n407 Vss.n405 0.309045
R1571 Vss.n86 Vss.n85 0.285728
R1572 Vss.n439 Vss.n297 0.275819
R1573 Vss.n440 Vss.n439 0.275819
R1574 Vss.n319 Vss.n318 0.275819
R1575 Vss.n320 Vss.n319 0.275819
R1576 Vss.n469 Vss.n467 0.275819
R1577 Vss.n471 Vss.n469 0.275819
R1578 Vss.n451 Vss.n450 0.275819
R1579 Vss.n452 Vss.n451 0.275819
R1580 Vss.n99 Vss.n98 0.275819
R1581 Vss.n98 Vss.n97 0.275819
R1582 Vss.n121 Vss.n120 0.275819
R1583 Vss.n122 Vss.n121 0.275819
R1584 Vss.n85 Vss.n84 0.265083
R1585 Vss.n447 Vss.n446 0.261872
R1586 Vss.n190 Vss.n189 0.257491
R1587 Vss.n427 Vss.n345 0.250378
R1588 Vss.n375 Vss.n345 0.250378
R1589 Vss.n376 Vss.n375 0.250378
R1590 Vss.n377 Vss.n376 0.250378
R1591 Vss.n378 Vss.n377 0.250378
R1592 Vss.n379 Vss.n378 0.250378
R1593 Vss.n381 Vss.n380 0.250378
R1594 Vss.n382 Vss.n381 0.250378
R1595 Vss.n383 Vss.n382 0.250378
R1596 Vss.n384 Vss.n383 0.250378
R1597 Vss.n385 Vss.n384 0.250378
R1598 Vss.n386 Vss.n385 0.250378
R1599 Vss.n390 Vss.n344 0.250378
R1600 Vss.n392 Vss.n390 0.250378
R1601 Vss.n394 Vss.n392 0.250378
R1602 Vss.n396 Vss.n394 0.250378
R1603 Vss.n398 Vss.n396 0.250378
R1604 Vss.n409 Vss.n407 0.250378
R1605 Vss.n411 Vss.n409 0.250378
R1606 Vss.n413 Vss.n411 0.250378
R1607 Vss.n415 Vss.n413 0.250378
R1608 Vss.n417 Vss.n415 0.250378
R1609 Vss.n419 Vss.n417 0.250378
R1610 Vss.n440 Vss.n219 0.223034
R1611 Vss.n320 Vss.n267 0.223034
R1612 Vss.n472 Vss.n471 0.223034
R1613 Vss.n453 Vss.n452 0.223034
R1614 Vss.n97 Vss.n1 0.223034
R1615 Vss.n122 Vss.n48 0.223034
R1616 Vss.n82 Vss.n0 0.187772
R1617 Vss.n405 Vss.n403 0.167606
R1618 Vss.n484 Vss.n100 0.159417
R1619 Vss.n479 Vss.n130 0.159417
R1620 Vss.n434 Vss.n298 0.159417
R1621 Vss.n223 Vss.n221 0.150978
R1622 Vss.n94 Vss.n3 0.150921
R1623 Vss.n476 Vss.n128 0.150921
R1624 Vss.n3 Vss.n2 0.112733
R1625 Vss.n476 Vss.n185 0.112733
R1626 Vss.n221 Vss.n220 0.112733
R1627 Vss.n83 Vss.n82 0.0997723
R1628 Vss.n403 Vss.n398 0.0832723
R1629 Vss.n27 Vss.n25 0.0423341
R1630 Vss.n204 Vss.n167 0.0423341
R1631 Vss.n246 Vss.n244 0.0423341
R1632 Vss.n25 Vss.n24 0.0423341
R1633 Vss.n204 Vss.n165 0.0423341
R1634 Vss.n244 Vss.n243 0.0423341
R1635 Vss.n446 Vss.n219 0.0357621
R1636 Vss.n472 Vss.n190 0.0357621
R1637 Vss.n491 Vss.n1 0.0357621
R1638 Vss.n189 Vss.n48 0.0357621
R1639 Vss.n453 Vss.n447 0.0357621
R1640 Vss.n402 Vss.n267 0.0357621
R1641 Vss.n489 Vss.n4 0.0345652
R1642 Vss.n9 Vss.n7 0.0345652
R1643 Vss.n12 Vss.n10 0.0345652
R1644 Vss.n15 Vss.n13 0.0345652
R1645 Vss.n18 Vss.n16 0.0345652
R1646 Vss.n21 Vss.n19 0.0345652
R1647 Vss.n24 Vss.n22 0.0345652
R1648 Vss.n30 Vss.n28 0.0345652
R1649 Vss.n33 Vss.n31 0.0345652
R1650 Vss.n36 Vss.n34 0.0345652
R1651 Vss.n39 Vss.n37 0.0345652
R1652 Vss.n42 Vss.n40 0.0345652
R1653 Vss.n45 Vss.n43 0.0345652
R1654 Vss.n474 Vss.n154 0.0345652
R1655 Vss.n193 Vss.n155 0.0345652
R1656 Vss.n195 Vss.n157 0.0345652
R1657 Vss.n197 Vss.n159 0.0345652
R1658 Vss.n199 Vss.n161 0.0345652
R1659 Vss.n201 Vss.n163 0.0345652
R1660 Vss.n203 Vss.n165 0.0345652
R1661 Vss.n206 Vss.n169 0.0345652
R1662 Vss.n208 Vss.n171 0.0345652
R1663 Vss.n210 Vss.n173 0.0345652
R1664 Vss.n212 Vss.n175 0.0345652
R1665 Vss.n214 Vss.n177 0.0345652
R1666 Vss.n216 Vss.n179 0.0345652
R1667 Vss.n444 Vss.n222 0.0345652
R1668 Vss.n228 Vss.n226 0.0345652
R1669 Vss.n231 Vss.n229 0.0345652
R1670 Vss.n234 Vss.n232 0.0345652
R1671 Vss.n237 Vss.n235 0.0345652
R1672 Vss.n240 Vss.n238 0.0345652
R1673 Vss.n243 Vss.n241 0.0345652
R1674 Vss.n249 Vss.n247 0.0345652
R1675 Vss.n252 Vss.n250 0.0345652
R1676 Vss.n255 Vss.n253 0.0345652
R1677 Vss.n258 Vss.n256 0.0345652
R1678 Vss.n261 Vss.n259 0.0345652
R1679 Vss.n264 Vss.n262 0.0345652
R1680 Vss.n46 Vss.n45 0.0345652
R1681 Vss.n43 Vss.n42 0.0345652
R1682 Vss.n40 Vss.n39 0.0345652
R1683 Vss.n37 Vss.n36 0.0345652
R1684 Vss.n34 Vss.n33 0.0345652
R1685 Vss.n31 Vss.n30 0.0345652
R1686 Vss.n28 Vss.n27 0.0345652
R1687 Vss.n22 Vss.n21 0.0345652
R1688 Vss.n19 Vss.n18 0.0345652
R1689 Vss.n16 Vss.n15 0.0345652
R1690 Vss.n13 Vss.n12 0.0345652
R1691 Vss.n10 Vss.n9 0.0345652
R1692 Vss.n7 Vss.n4 0.0345652
R1693 Vss.n218 Vss.n179 0.0345652
R1694 Vss.n216 Vss.n177 0.0345652
R1695 Vss.n214 Vss.n175 0.0345652
R1696 Vss.n212 Vss.n173 0.0345652
R1697 Vss.n210 Vss.n171 0.0345652
R1698 Vss.n208 Vss.n169 0.0345652
R1699 Vss.n206 Vss.n167 0.0345652
R1700 Vss.n203 Vss.n163 0.0345652
R1701 Vss.n201 Vss.n161 0.0345652
R1702 Vss.n199 Vss.n159 0.0345652
R1703 Vss.n197 Vss.n157 0.0345652
R1704 Vss.n195 Vss.n155 0.0345652
R1705 Vss.n193 Vss.n154 0.0345652
R1706 Vss.n265 Vss.n264 0.0345652
R1707 Vss.n262 Vss.n261 0.0345652
R1708 Vss.n259 Vss.n258 0.0345652
R1709 Vss.n256 Vss.n255 0.0345652
R1710 Vss.n253 Vss.n252 0.0345652
R1711 Vss.n250 Vss.n249 0.0345652
R1712 Vss.n247 Vss.n246 0.0345652
R1713 Vss.n241 Vss.n240 0.0345652
R1714 Vss.n238 Vss.n237 0.0345652
R1715 Vss.n235 Vss.n234 0.0345652
R1716 Vss.n232 Vss.n231 0.0345652
R1717 Vss.n229 Vss.n228 0.0345652
R1718 Vss.n226 Vss.n222 0.0345652
R1719 Vss.n491 Vss.n490 0.0335973
R1720 Vss.n189 Vss.n188 0.0335973
R1721 Vss.n475 Vss.n190 0.0335973
R1722 Vss.n447 Vss.n181 0.0335973
R1723 Vss.n446 Vss.n445 0.0335973
R1724 Vss.n402 Vss.n401 0.0335973
R1725 Vss.n88 Vss.n79 0.031851
R1726 Vss.n490 Vss.n489 0.0175326
R1727 Vss.n475 Vss.n474 0.0175326
R1728 Vss.n445 Vss.n444 0.0175326
R1729 Vss.n188 Vss.n46 0.0175326
R1730 Vss.n218 Vss.n181 0.0175326
R1731 Vss.n401 Vss.n265 0.0175326
R1732 Vss.n89 Vss.n88 0.00198959
R1733 Vss.n442 Vss.n441 0.00166667
R1734 Vss.n470 Vss.n127 0.00166667
R1735 Vss.n487 Vss.n77 0.00166667
R1736 Vss.n488 Vss.n487 0.00133332
R1737 Vss.n473 Vss.n127 0.00133332
R1738 Vss.n443 Vss.n442 0.00133332
R1739 Vss.n91 Vss.n78 0.00103963
R1740 Vss.n89 Vss.n78 0.00101041
R1741 Vss.n430 Vss.n338 0.001
R1742 Vss.n338 Vss.n323 0.001
R1743 Vss.n389 Vss.n324 0.001
R1744 Vss.n391 Vss.n325 0.001
R1745 Vss.n393 Vss.n326 0.001
R1746 Vss.n395 Vss.n327 0.001
R1747 Vss.n397 Vss.n328 0.001
R1748 Vss.n404 Vss.n329 0.001
R1749 Vss.n406 Vss.n330 0.001
R1750 Vss.n408 Vss.n331 0.001
R1751 Vss.n410 Vss.n332 0.001
R1752 Vss.n412 Vss.n333 0.001
R1753 Vss.n414 Vss.n334 0.001
R1754 Vss.n416 Vss.n335 0.001
R1755 Vss.n418 Vss.n336 0.001
R1756 Vss.n436 Vss.n435 0.001
R1757 Vss.n437 Vss.n436 0.001
R1758 Vss.n438 Vss.n296 0.001
R1759 Vss.n433 Vss.n315 0.001
R1760 Vss.n316 Vss.n315 0.001
R1761 Vss.n322 Vss.n317 0.001
R1762 Vss.n321 Vss.n266 0.001
R1763 Vss.n480 Vss.n129 0.001
R1764 Vss.n129 Vss.n125 0.001
R1765 Vss.n468 Vss.n126 0.001
R1766 Vss.n478 Vss.n147 0.001
R1767 Vss.n149 Vss.n147 0.001
R1768 Vss.n449 Vss.n150 0.001
R1769 Vss.n448 Vss.n151 0.001
R1770 Vss.n485 Vss.n95 0.001
R1771 Vss.n95 Vss.n92 0.001
R1772 Vss.n96 Vss.n93 0.001
R1773 Vss.n483 Vss.n117 0.001
R1774 Vss.n118 Vss.n117 0.001
R1775 Vss.n124 Vss.n119 0.001
R1776 Vss.n123 Vss.n47 0.001
R1777 Vss.n88 Vss.n80 0.001
R1778 Vss.n80 Vss.n78 0.001
R1779 Vss.n484 Vss.n483 0.001
R1780 Vss.n485 Vss.n484 0.001
R1781 Vss.n96 Vss.n92 0.001
R1782 Vss.n93 Vss.n77 0.001
R1783 Vss.n488 Vss.n47 0.001
R1784 Vss.n124 Vss.n123 0.001
R1785 Vss.n119 Vss.n118 0.001
R1786 Vss.n479 Vss.n478 0.001
R1787 Vss.n480 Vss.n479 0.001
R1788 Vss.n468 Vss.n125 0.001
R1789 Vss.n470 Vss.n126 0.001
R1790 Vss.n473 Vss.n151 0.001
R1791 Vss.n448 Vss.n150 0.001
R1792 Vss.n449 Vss.n149 0.001
R1793 Vss.n434 Vss.n433 0.001
R1794 Vss.n435 Vss.n434 0.001
R1795 Vss.n438 Vss.n437 0.001
R1796 Vss.n441 Vss.n296 0.001
R1797 Vss.n443 Vss.n266 0.001
R1798 Vss.n322 Vss.n321 0.001
R1799 Vss.n317 Vss.n316 0.001
R1800 Vss.n426 Vss.n339 0.001
R1801 Vss.n426 Vss.n425 0.001
R1802 Vss.n348 Vss.n346 0.001
R1803 Vss.n374 Vss.n349 0.001
R1804 Vss.n373 Vss.n350 0.001
R1805 Vss.n372 Vss.n351 0.001
R1806 Vss.n371 Vss.n352 0.001
R1807 Vss.n370 Vss.n353 0.001
R1808 Vss.n369 Vss.n354 0.001
R1809 Vss.n368 Vss.n355 0.001
R1810 Vss.n367 Vss.n356 0.001
R1811 Vss.n366 Vss.n357 0.001
R1812 Vss.n365 Vss.n358 0.001
R1813 Vss.n364 Vss.n359 0.001
R1814 Vss.n423 Vss.n360 0.001
R1815 Vss.n429 Vss.n339 0.001
R1816 Vss.n430 Vss.n429 0.001
R1817 Vss.n423 Vss.n422 0.001
R1818 Vss.n360 Vss.n359 0.001
R1819 Vss.n364 Vss.n358 0.001
R1820 Vss.n365 Vss.n357 0.001
R1821 Vss.n366 Vss.n356 0.001
R1822 Vss.n367 Vss.n355 0.001
R1823 Vss.n368 Vss.n354 0.001
R1824 Vss.n369 Vss.n353 0.001
R1825 Vss.n370 Vss.n352 0.001
R1826 Vss.n371 Vss.n351 0.001
R1827 Vss.n372 Vss.n350 0.001
R1828 Vss.n373 Vss.n349 0.001
R1829 Vss.n374 Vss.n348 0.001
R1830 Vss.n425 Vss.n346 0.001
R1831 Vss.n389 Vss.n323 0.001
R1832 Vss.n391 Vss.n324 0.001
R1833 Vss.n393 Vss.n325 0.001
R1834 Vss.n395 Vss.n326 0.001
R1835 Vss.n397 Vss.n327 0.001
R1836 Vss.n404 Vss.n328 0.001
R1837 Vss.n406 Vss.n329 0.001
R1838 Vss.n408 Vss.n330 0.001
R1839 Vss.n410 Vss.n331 0.001
R1840 Vss.n412 Vss.n332 0.001
R1841 Vss.n414 Vss.n333 0.001
R1842 Vss.n416 Vss.n334 0.001
R1843 Vss.n418 Vss.n335 0.001
R1844 Vss.n422 Vss.n336 0.001
R1845 a_n3854_7419.n3 a_n3854_7419.n2 26.4093
R1846 a_n3854_7419.n0 a_n3854_7419.t5 24.9971
R1847 a_n3854_7419.n1 a_n3854_7419.t3 24.9575
R1848 a_n3854_7419.n0 a_n3854_7419.t2 24.8035
R1849 a_n3854_7419.n1 a_n3854_7419.t4 24.6077
R1850 a_n3854_7419.t0 a_n3854_7419.n3 14.2913
R1851 a_n3854_7419.n3 a_n3854_7419.t1 12.8173
R1852 a_n3854_7419.n2 a_n3854_7419.n0 2.6911
R1853 a_n3854_7419.n2 a_n3854_7419.n1 2.6119
R1854 Vcon.n0 Vcon.t2 30.3673
R1855 Vcon.n0 Vcon.t1 24.4977
R1856 Vcon.n1 Vcon.t0 24.4977
R1857 Vcon.n2 Vcon.n1 24.4401
R1858 Vcon.n2 Vcon.t3 24.0005
R1859 Vcon.n1 Vcon.n0 5.8921
R1860 Vcon Vcon.n2 0.6429
R1861 a_n1986_6613.t0 a_n1986_6613.t1 28.1928
R1862 a_691_9869.t0 a_691_9869.t1 24.9004
R1863 a_4247_9348.n0 a_4247_9348.t3 25.0785
R1864 a_4247_9348.n0 a_4247_9348.t2 24.7001
R1865 a_4247_9348.n1 a_4247_9348.t1 14.6085
R1866 a_4247_9348.t0 a_4247_9348.n1 12.9027
R1867 a_4247_9348.n1 a_4247_9348.n0 0.2315
R1868 a_3359_8601.t0 a_3359_8601.t1 24.903
R1869 a_3359_6613.t0 a_3359_6613.t1 28.1928
R1870 Vout.n0 Vout.t1 14.6566
R1871 Vout.n0 Vout.t0 12.8979
R1872 Vout Vout.n0 0.5549
C2 Vcon Vss 14.21183f
C3 Vout Vss 0.79371f
C4 Vdd Vss 2.5084f
C5 m2_3719_8300# Vss 0.04282f
C6 Vcon.t0 Vss 0.55315f $ **FLOATING
C7 Vcon.t1 Vss 0.55315f $ **FLOATING
C8 Vcon.t2 Vss 0.56605f $ **FLOATING
C9 Vcon.n0 Vss 0.1742f $ **FLOATING
C10 Vcon.n1 Vss 0.12072f $ **FLOATING
C11 Vcon.t3 Vss 0.55233f $ **FLOATING
C12 Vcon.n2 Vss 0.07316f $ **FLOATING
C13 a_n3854_7419.t1 Vss 0.16913f $ **FLOATING
C14 a_n3854_7419.t5 Vss 0.06266f $ **FLOATING
C15 a_n3854_7419.t2 Vss 0.0366f $ **FLOATING
C16 a_n3854_7419.n0 Vss 0.18254f $ **FLOATING
C17 a_n3854_7419.t3 Vss 3.14697f $ **FLOATING
C18 a_n3854_7419.t4 Vss 1.57981f $ **FLOATING
C19 a_n3854_7419.n1 Vss 0.16738f $ **FLOATING
C20 a_n3854_7419.n2 Vss 0.84528f $ **FLOATING
C21 a_n3854_7419.n3 Vss 0.82843f $ **FLOATING
C22 a_n3854_7419.t0 Vss 0.08119f $ **FLOATING
C23 a_n3786_7383.t1 Vss 0.06307f $ **FLOATING
C24 a_n3786_7383.t2 Vss 2.44346f $ **FLOATING
C25 a_n3786_7383.t3 Vss 1.22737f $ **FLOATING
C26 a_n3786_7383.n0 Vss 0.15631f $ **FLOATING
C27 a_n3786_7383.n1 Vss 0.17789f $ **FLOATING
C28 a_n3786_7383.t0 Vss 0.13189f $ **FLOATING
C29 a_n1109_7383.t1 Vss 0.0631f $ **FLOATING
C30 a_n1109_7383.t3 Vss 2.44452f $ **FLOATING
C31 a_n1109_7383.t2 Vss 1.2279f $ **FLOATING
C32 a_n1109_7383.n0 Vss 0.15575f $ **FLOATING
C33 a_n1109_7383.n1 Vss 0.17729f $ **FLOATING
C34 a_n1109_7383.t0 Vss 0.13144f $ **FLOATING
C35 Vdd.n0 Vss 0.07109f $ **FLOATING
C36 Vdd.t2 Vss 0.04675f $ **FLOATING
C37 Vdd.n1 Vss 0.02993f $ **FLOATING
C38 Vdd.t1 Vss 0.04675f $ **FLOATING
C39 Vdd.n3 Vss 0.03873f $ **FLOATING
C40 Vdd.n4 Vss 0.01905f $ **FLOATING
C41 Vdd.n5 Vss 0.31214f $ **FLOATING
C42 Vdd.n6 Vss 0.16706f $ **FLOATING
C43 Vdd.n60 Vss 0.06976f $ **FLOATING
C44 Vdd.n61 Vss 0.04416f $ **FLOATING
C45 Vdd.t6 Vss 0.04357f $ **FLOATING
C46 Vdd.n70 Vss 0.05072f $ **FLOATING
C47 Vdd.n71 Vss 0.31214f $ **FLOATING
C48 Vdd.n72 Vss 0.31214f $ **FLOATING
C49 Vdd.n73 Vss 0.31214f $ **FLOATING
C50 Vdd.n74 Vss 0.31214f $ **FLOATING
C51 Vdd.n75 Vss 0.31214f $ **FLOATING
C52 Vdd.n76 Vss 0.31214f $ **FLOATING
C53 Vdd.n77 Vss 0.31214f $ **FLOATING
C54 Vdd.n78 Vss 0.31214f $ **FLOATING
C55 Vdd.t5 Vss 0.36722f $ **FLOATING
C56 Vdd.n79 Vss 0.31214f $ **FLOATING
C57 Vdd.n80 Vss 0.31214f $ **FLOATING
C58 Vdd.n81 Vss 0.31214f $ **FLOATING
C59 Vdd.n82 Vss 0.31214f $ **FLOATING
C60 Vdd.n83 Vss 0.31214f $ **FLOATING
C61 Vdd.n84 Vss 0.31214f $ **FLOATING
C62 Vdd.n85 Vss 0.31214f $ **FLOATING
C63 Vdd.n87 Vss 0.03181f $ **FLOATING
C64 Vdd.n88 Vss 0.04814f $ **FLOATING
C65 Vdd.n99 Vss 0.06053f $ **FLOATING
C66 Vdd.n100 Vss 0.31214f $ **FLOATING
C67 Vdd.n101 Vss 0.31214f $ **FLOATING
C68 Vdd.n102 Vss 0.31214f $ **FLOATING
C69 Vdd.n103 Vss 0.31214f $ **FLOATING
C70 Vdd.n104 Vss 0.31214f $ **FLOATING
C71 Vdd.n105 Vss 0.31214f $ **FLOATING
C72 Vdd.n106 Vss 0.31214f $ **FLOATING
C73 Vdd.n107 Vss 0.31214f $ **FLOATING
C74 Vdd.t3 Vss 0.41198f $ **FLOATING
C75 Vdd.n108 Vss 0.26739f $ **FLOATING
C76 Vdd.n109 Vss 0.31214f $ **FLOATING
C77 Vdd.n110 Vss 0.31214f $ **FLOATING
C78 Vdd.n111 Vss 0.31214f $ **FLOATING
C79 Vdd.n112 Vss 0.31214f $ **FLOATING
C80 Vdd.n113 Vss 0.31214f $ **FLOATING
C81 Vdd.n114 Vss 0.31214f $ **FLOATING
C82 Vdd.n115 Vss 0.31214f $ **FLOATING
C83 Vdd.t7 Vss 0.04357f $ **FLOATING
C84 Vdd.n116 Vss 0.05516f $ **FLOATING
C85 Vdd.n117 Vss 0.01027f $ **FLOATING
C86 Vdd.n118 Vss 0.31214f $ **FLOATING
C87 Vdd.n121 Vss 0.38818f $ **FLOATING
C88 Vdd.n132 Vss 0.01142f $ **FLOATING
C89 Vdd.n133 Vss 0.01142f $ **FLOATING
C90 Vdd.n139 Vss 0.0119f $ **FLOATING
C91 Vdd.n146 Vss 0.01995f $ **FLOATING
C92 Vdd.n148 Vss 0.01142f $ **FLOATING
C93 Vdd.n149 Vss 0.04953f $ **FLOATING
C94 Vdd.n150 Vss 0.01142f $ **FLOATING
C95 Vdd.n151 Vss 0.01142f $ **FLOATING
C96 Vdd.n152 Vss 0.01142f $ **FLOATING
C97 Vdd.n153 Vss 0.01142f $ **FLOATING
C98 Vdd.n154 Vss 0.01142f $ **FLOATING
C99 Vdd.n155 Vss 0.01142f $ **FLOATING
C100 Vdd.n156 Vss 0.01142f $ **FLOATING
C101 Vdd.n157 Vss 0.01142f $ **FLOATING
C102 Vdd.n158 Vss 0.01142f $ **FLOATING
C103 Vdd.n159 Vss 0.01142f $ **FLOATING
C104 Vdd.n160 Vss 0.01142f $ **FLOATING
C105 Vdd.n161 Vss 0.01142f $ **FLOATING
C106 Vdd.n162 Vss 0.01142f $ **FLOATING
C107 Vdd.n163 Vss 0.01142f $ **FLOATING
C108 Vdd.n164 Vss 0.01142f $ **FLOATING
C109 Vdd.n165 Vss 0.01142f $ **FLOATING
C110 Vdd.n166 Vss 0.01341f $ **FLOATING
C111 Vdd.n167 Vss 0.01146f $ **FLOATING
C112 Vdd.n168 Vss 0.01341f $ **FLOATING
C113 Vdd.n169 Vss 0.01142f $ **FLOATING
C114 Vdd.n170 Vss 0.01142f $ **FLOATING
C115 Vdd.n171 Vss 0.01142f $ **FLOATING
C116 Vdd.n172 Vss 0.01142f $ **FLOATING
C117 Vdd.n173 Vss 0.01142f $ **FLOATING
C118 Vdd.n174 Vss 0.01142f $ **FLOATING
C119 Vdd.n175 Vss 0.01142f $ **FLOATING
C120 Vdd.n176 Vss 0.01142f $ **FLOATING
C121 Vdd.n177 Vss 0.01142f $ **FLOATING
C122 Vdd.n178 Vss 0.01142f $ **FLOATING
C123 Vdd.n179 Vss 0.01142f $ **FLOATING
C124 Vdd.n180 Vss 0.01142f $ **FLOATING
C125 Vdd.n181 Vss 0.01142f $ **FLOATING
C126 Vdd.n183 Vss 0.01142f $ **FLOATING
C127 Vdd.n184 Vss 0.01142f $ **FLOATING
C128 Vdd.n188 Vss 0.01136f $ **FLOATING
C129 Vdd.n189 Vss 0.01136f $ **FLOATING
C130 Vdd.n190 Vss 0.01136f $ **FLOATING
C131 Vdd.n191 Vss 0.01136f $ **FLOATING
C132 Vdd.n192 Vss 0.01136f $ **FLOATING
C133 Vdd.n193 Vss 0.01334f $ **FLOATING
C134 Vdd.n194 Vss 0.01334f $ **FLOATING
C135 Vdd.n195 Vss 0.01136f $ **FLOATING
C136 Vdd.n196 Vss 0.01136f $ **FLOATING
C137 Vdd.n197 Vss 0.01136f $ **FLOATING
C138 Vdd.n198 Vss 0.01136f $ **FLOATING
C139 Vdd.n199 Vss 0.01136f $ **FLOATING
C140 Vdd.n200 Vss 0.01136f $ **FLOATING
C141 Vdd.n201 Vss 0.01136f $ **FLOATING
C142 Vdd.n202 Vss 0.01136f $ **FLOATING
C143 Vdd.n203 Vss 0.03467f $ **FLOATING
C144 Vdd.n205 Vss 0.02536f $ **FLOATING
C145 Vdd.t8 Vss 5.9636f $ **FLOATING
C146 Vdd.t9 Vss 0.0432f $ **FLOATING
C147 Vdd.n208 Vss 0.03965f $ **FLOATING
C148 Vdd.n240 Vss 0.02584f $ **FLOATING
C149 Vdd.n255 Vss 0.02113f $ **FLOATING
C150 Vdd.n256 Vss 0.02249f $ **FLOATING
C151 Vdd.n257 Vss 0.07009f $ **FLOATING
C152 Vdd.n259 Vss 0.01136f $ **FLOATING
C153 Vdd.n260 Vss 0.01136f $ **FLOATING
C154 Vdd.n261 Vss 0.01136f $ **FLOATING
C155 Vdd.n262 Vss 0.01136f $ **FLOATING
C156 Vdd.n263 Vss 0.01136f $ **FLOATING
C157 Vdd.n264 Vss 0.01136f $ **FLOATING
C158 Vdd.n265 Vss 0.01136f $ **FLOATING
C159 Vdd.n266 Vss 0.0114f $ **FLOATING
C160 Vdd.n267 Vss 0.01136f $ **FLOATING
C161 Vdd.n268 Vss 0.01136f $ **FLOATING
C162 Vdd.n269 Vss 0.01136f $ **FLOATING
C163 Vdd.n270 Vss 0.01136f $ **FLOATING
C164 Vdd.n271 Vss 0.01136f $ **FLOATING
C165 Vdd.n272 Vss 0.01136f $ **FLOATING
C166 Vdd.t10 Vss 0.04472f $ **FLOATING
C167 Vdd.n274 Vss 0.02419f $ **FLOATING
C168 Vdd.n276 Vss 0.01136f $ **FLOATING
C169 Vdd.n277 Vss 0.01136f $ **FLOATING
C170 Vdd.n278 Vss 0.20205f $ **FLOATING
C171 Vdd.n280 Vss 0.01136f $ **FLOATING
C172 Vdd.n281 Vss 0.38818f $ **FLOATING
C173 Vdd.n282 Vss 0.01903f $ **FLOATING
C174 Vdd.n283 Vss 0.09473f $ **FLOATING
C175 Vdd.n284 Vss 0.16713f $ **FLOATING
C176 Vdd.n285 Vss 0.07711f $ **FLOATING
C177 Vdd.n286 Vss 0.0613f $ **FLOATING
C178 Vdd.n287 Vss 0.16719f $ **FLOATING
C179 Vdd.n290 Vss 0.01142f $ **FLOATING
C180 Vdd.n292 Vss 0.01142f $ **FLOATING
C181 Vdd.n294 Vss 0.01142f $ **FLOATING
C182 Vdd.n296 Vss 0.01142f $ **FLOATING
C183 Vdd.n298 Vss 0.01142f $ **FLOATING
C184 Vdd.n300 Vss 0.01142f $ **FLOATING
C185 Vdd.n302 Vss 0.01341f $ **FLOATING
C186 Vdd.n304 Vss 0.01341f $ **FLOATING
C187 Vdd.n306 Vss 0.01142f $ **FLOATING
C188 Vdd.n308 Vss 0.01142f $ **FLOATING
C189 Vdd.n310 Vss 0.01142f $ **FLOATING
C190 Vdd.n312 Vss 0.01142f $ **FLOATING
C191 Vdd.n314 Vss 0.01142f $ **FLOATING
C192 Vdd.n316 Vss 0.01142f $ **FLOATING
C193 Vdd.n318 Vss 0.01142f $ **FLOATING
C194 Vdd.n320 Vss 0.01142f $ **FLOATING
C195 Vdd.n323 Vss 0.01142f $ **FLOATING
C196 Vdd.n326 Vss 0.01142f $ **FLOATING
C197 Vdd.n329 Vss 0.01142f $ **FLOATING
C198 Vdd.n332 Vss 0.01142f $ **FLOATING
C199 Vdd.n335 Vss 0.01142f $ **FLOATING
C200 Vdd.n338 Vss 0.01142f $ **FLOATING
C201 Vdd.n341 Vss 0.01146f $ **FLOATING
C202 Vdd.n344 Vss 0.01142f $ **FLOATING
C203 Vdd.n347 Vss 0.01142f $ **FLOATING
C204 Vdd.n350 Vss 0.01142f $ **FLOATING
C205 Vdd.n353 Vss 0.01142f $ **FLOATING
C206 Vdd.n356 Vss 0.01142f $ **FLOATING
C207 Vdd.n359 Vss 0.01142f $ **FLOATING
C208 Vdd.n362 Vss 0.01142f $ **FLOATING
C209 Vdd.n368 Vss 0.03719f $ **FLOATING
C210 Vdd.n381 Vss 0.06046f $ **FLOATING
C211 Vdd.n383 Vss 0.01142f $ **FLOATING
C212 Vdd.n384 Vss 0.38818f $ **FLOATING
C213 Vdd.n385 Vss 0.01142f $ **FLOATING
C214 Vdd.n386 Vss 0.01142f $ **FLOATING
C215 Vdd.t4 Vss 3.52857f $ **FLOATING
C216 Vdd.n392 Vss 0.14472f $ **FLOATING
C217 Vdd.n394 Vss 0.53362f $ **FLOATING
C218 Vdd.n458 Vss 0.31214f $ **FLOATING
C219 Vdd.n461 Vss 0.07806f $ **FLOATING
C220 Vdd.n462 Vss 0.02732f $ **FLOATING
C221 Vdd.n463 Vss 0.02459f $ **FLOATING
C222 Vdd.n464 Vss 0.13038f $ **FLOATING
C223 Vdd.n465 Vss 0.06036f $ **FLOATING
C224 Vdd.n466 Vss 0.03724f $ **FLOATING
C225 Vdd.n481 Vss 0.01076f $ **FLOATING
C226 Vdd.n486 Vss 0.38818f $ **FLOATING
C227 Vdd.t0 Vss 1.72499f $ **FLOATING
C228 Vdd.n488 Vss 0.2405f $ **FLOATING
C229 Vdd.n490 Vss 0.04407f $ **FLOATING
C230 a_n4994_7898.t2 Vss 0.22212f $ **FLOATING
C231 a_n4994_7898.t1 Vss 3.7594f $ **FLOATING
C232 a_n4994_7898.t3 Vss 3.75965f $ **FLOATING
C233 a_n4994_7898.t4 Vss 3.75965f $ **FLOATING
C234 a_n4994_7898.t5 Vss 3.80738f $ **FLOATING
C235 a_n4994_7898.n0 Vss 0.63537f $ **FLOATING
C236 a_n4994_7898.n1 Vss 0.40567f $ **FLOATING
C237 a_n4994_7898.n2 Vss 0.68246f $ **FLOATING
C238 a_n4994_7898.t0 Vss 0.1683f $ **FLOATING
.ends

