# Logfile created on 2026-03-26 17:23:15 +0100 by logger.rb/v1.5.3
2026-03-26 17:23:15 +0100: Memory Usage (436612K) : Starting running IHP-SG13G2 Klayout DRC antenna runset on /foss/designs/BGR.gds
2026-03-26 17:23:15 +0100: Memory Usage (436612K) : Ruby Version for klayout: 3.2.3
2026-03-26 17:23:15 +0100: Memory Usage (437764K) : Loading database to memory is complete.
2026-03-26 17:23:15 +0100: Memory Usage (437764K) : IHP-SG13G2 Klayout DRC antenna runset output at: /foss/designs/drc_run_BGR/BGR_BGR_antenna.lyrdb
2026-03-26 17:23:15 +0100: Memory Usage (437892K) : Evaluate switches.
2026-03-26 17:23:15 +0100: Memory Usage (437892K) : KLayout will use 1 thread(s) in tiling mode.
2026-03-26 17:23:15 +0100: Memory Usage (437892K) : deep mode is enabled for antenna table.
2026-03-26 17:23:15 +0100: Memory Usage (437892K) : Read in polygons from layers.
2026-03-26 17:23:15 +0100: Memory Usage (439456K) : activ_drw has 165 polygons
2026-03-26 17:23:15 +0100: Memory Usage (439456K) : gatpoly_drw has 200 polygons
2026-03-26 17:23:15 +0100: Memory Usage (439712K) : cont_drw has 1037 polygons
2026-03-26 17:23:15 +0100: Memory Usage (439712K) : nsd_block has 0 polygons
2026-03-26 17:23:15 +0100: Memory Usage (439840K) : metal1_drw has 315 polygons
2026-03-26 17:23:15 +0100: Memory Usage (439840K) : metal2_drw has 40 polygons
2026-03-26 17:23:15 +0100: Memory Usage (439968K) : psd_drw has 147 polygons
2026-03-26 17:23:15 +0100: Memory Usage (439968K) : digisub_drw has 0 polygons
2026-03-26 17:23:15 +0100: Memory Usage (439968K) : via1_drw has 101 polygons
2026-03-26 17:23:15 +0100: Memory Usage (440096K) : via2_drw has 60 polygons
2026-03-26 17:23:15 +0100: Memory Usage (440096K) : metal3_drw has 22 polygons
2026-03-26 17:23:15 +0100: Memory Usage (440096K) : nwell_drw has 11 polygons
2026-03-26 17:23:15 +0100: Memory Usage (440224K) : pwell_block has 0 polygons
2026-03-26 17:23:15 +0100: Memory Usage (440224K) : via3_drw has 0 polygons
2026-03-26 17:23:15 +0100: Memory Usage (440224K) : metal4_drw has 0 polygons
2026-03-26 17:23:15 +0100: Memory Usage (440352K) : via4_drw has 0 polygons
2026-03-26 17:23:15 +0100: Memory Usage (440352K) : metal5_drw has 0 polygons
2026-03-26 17:23:15 +0100: Memory Usage (440352K) : recog_diode has 0 polygons
2026-03-26 17:23:15 +0100: Memory Usage (440480K) : recog_esd has 0 polygons
2026-03-26 17:23:15 +0100: Memory Usage (440480K) : topvia1_drw has 0 polygons
2026-03-26 17:23:15 +0100: Memory Usage (440480K) : topmetal1_drw has 0 polygons
2026-03-26 17:23:16 +0100: Memory Usage (440608K) : topvia2_drw has 0 polygons
2026-03-26 17:23:16 +0100: Memory Usage (440608K) : topmetal2_drw has 0 polygons
2026-03-26 17:23:16 +0100: Memory Usage (440608K) : Total no. of polygons in the design is 2098
2026-03-26 17:23:16 +0100: Memory Usage (440608K) : Loaded TECH DRC rules values from /foss/pdks/ihp-sg13g2/libs.tech/klayout/python/sg13g2_pycell_lib/sg13g2_tech_mod.json
2026-03-26 17:23:16 +0100: Memory Usage (440608K) : Loaded default DRC rules values from /foss/pdks/ihp-sg13g2/libs.tech/klayout/tech/drc/rule_decks/sg13g2_tech_default.json
2026-03-26 17:23:16 +0100: Memory Usage (440608K) : The following rules values were missing in tech json and default values were used:
2026-03-26 17:23:16 +0100: Memory Usage (440608K) :   - Cnt_c_digibnd
2026-03-26 17:23:16 +0100: Memory Usage (441888K) : Total area of the design is 2584.61555 um^2.
2026-03-26 17:23:16 +0100: Memory Usage (441888K) : The design dimensions are 63.58999999999999 µm * 40.645 µm.
2026-03-26 17:23:16 +0100: Memory Usage (441888K) : Starting general IHP-SG13G2 derivations.
2026-03-26 17:23:16 +0100: Memory Usage (445076K) : Starting IHP-SG13G2 DRC rules.
2026-03-26 17:23:16 +0100: Memory Usage (445076K) : Starting 7.1 Antenna Rules table
2026-03-26 17:23:16 +0100: Memory Usage (445204K) : Executing rule Ant.a
2026-03-26 17:23:16 +0100: Memory Usage (445588K) : Executing rule Ant.c
2026-03-26 17:23:16 +0100: Memory Usage (445716K) : Starting cumulative antenna ratio calculations
2026-03-26 17:23:16 +0100: Memory Usage (445716K) : Evaluating metal1_drw ratio
2026-03-26 17:23:16 +0100: Memory Usage (446028K) : Evaluating via1_drw ratio
2026-03-26 17:23:16 +0100: Memory Usage (446156K) : Evaluating metal2_drw ratio
2026-03-26 17:23:16 +0100: Memory Usage (446284K) : Evaluating via2_drw ratio
2026-03-26 17:23:16 +0100: Memory Usage (446412K) : Evaluating metal3_drw ratio
2026-03-26 17:23:16 +0100: Memory Usage (446540K) : Evaluating via3_drw ratio
2026-03-26 17:23:16 +0100: Memory Usage (446540K) : Evaluating metal4_drw ratio
2026-03-26 17:23:16 +0100: Memory Usage (446668K) : Evaluating via4_drw ratio
2026-03-26 17:23:16 +0100: Memory Usage (446796K) : Evaluating metal5_drw ratio
2026-03-26 17:23:16 +0100: Memory Usage (446796K) : Evaluating topvia1_drw ratio
2026-03-26 17:23:16 +0100: Memory Usage (447052K) : Evaluating topmetal1_drw ratio
2026-03-26 17:23:16 +0100: Memory Usage (447052K) : Evaluating topvia2_drw ratio
2026-03-26 17:23:16 +0100: Memory Usage (447180K) : Evaluating topmetal2_drw ratio
2026-03-26 17:23:16 +0100: Memory Usage (447308K) : Evaluating diode presence
2026-03-26 17:23:16 +0100: Memory Usage (447308K) : Creating base layer with all individual ratios and diode flag
2026-03-26 17:23:16 +0100: Memory Usage (448204K) : Executing rules Ant.b and Ant.e
2026-03-26 17:23:16 +0100: Memory Usage (448204K) : Executing Ant.b_Metal1
2026-03-26 17:23:16 +0100: Memory Usage (448332K) : Executing Ant.e_Metal1
2026-03-26 17:23:16 +0100: Memory Usage (448460K) : Evaluating cumulative ratio after Metal2
2026-03-26 17:23:16 +0100: Memory Usage (448588K) : Executing Ant.b_Metal2
2026-03-26 17:23:16 +0100: Memory Usage (448588K) : Executing Ant.e_Metal2
2026-03-26 17:23:16 +0100: Memory Usage (448716K) : Evaluating cumulative ratio after Metal3
2026-03-26 17:23:16 +0100: Memory Usage (448716K) : Executing Ant.b_Metal3
2026-03-26 17:23:16 +0100: Memory Usage (448844K) : Executing Ant.e_Metal3
2026-03-26 17:23:16 +0100: Memory Usage (448844K) : Evaluating cumulative ratio after Metal4
2026-03-26 17:23:16 +0100: Memory Usage (448972K) : Executing Ant.b_Metal4
2026-03-26 17:23:16 +0100: Memory Usage (448972K) : Executing Ant.e_Metal4
2026-03-26 17:23:16 +0100: Memory Usage (449100K) : Evaluating cumulative ratio after Metal5
2026-03-26 17:23:16 +0100: Memory Usage (449100K) : Executing Ant.b_Metal5
2026-03-26 17:23:16 +0100: Memory Usage (449228K) : Executing Ant.e_Metal5
2026-03-26 17:23:16 +0100: Memory Usage (449356K) : Evaluating cumulative ratio after TopMetal1
2026-03-26 17:23:16 +0100: Memory Usage (449356K) : Executing Ant.b_TopMetal1
2026-03-26 17:23:16 +0100: Memory Usage (449484K) : Executing Ant.e_TopMetal1
2026-03-26 17:23:16 +0100: Memory Usage (449612K) : Evaluating cumulative ratio after TopMetal2
2026-03-26 17:23:16 +0100: Memory Usage (449612K) : Executing Ant.b_TopMetal2
2026-03-26 17:23:16 +0100: Memory Usage (449740K) : Executing Ant.e_TopMetal2
2026-03-26 17:23:16 +0100: Memory Usage (449868K) : Executing rules Ant.d and Ant.f
2026-03-26 17:23:16 +0100: Memory Usage (449868K) : Evaluating cumulative ratio after Via1
2026-03-26 17:23:16 +0100: Memory Usage (449868K) : Executing Ant.d_Via1
2026-03-26 17:23:16 +0100: Memory Usage (449996K) : Executing Ant.f_Via1
2026-03-26 17:23:16 +0100: Memory Usage (450252K) : Evaluating cumulative ratio after Via2
2026-03-26 17:23:16 +0100: Memory Usage (450252K) : Executing Ant.d_Via2
2026-03-26 17:23:16 +0100: Memory Usage (450380K) : Executing Ant.f_Via2
2026-03-26 17:23:16 +0100: Memory Usage (450380K) : Evaluating cumulative ratio after Via3
2026-03-26 17:23:16 +0100: Memory Usage (450508K) : Executing Ant.d_Via3
2026-03-26 17:23:16 +0100: Memory Usage (450636K) : Executing Ant.f_Via3
2026-03-26 17:23:16 +0100: Memory Usage (450636K) : Evaluating cumulative ratio after Via4
2026-03-26 17:23:16 +0100: Memory Usage (450764K) : Executing Ant.d_Via4
2026-03-26 17:23:16 +0100: Memory Usage (450892K) : Executing Ant.f_Via4
2026-03-26 17:23:16 +0100: Memory Usage (450892K) : Evaluating cumulative ratio after TopVia1
2026-03-26 17:23:16 +0100: Memory Usage (451020K) : Executing Ant.d_TopVia1
2026-03-26 17:23:16 +0100: Memory Usage (451148K) : Executing Ant.f_TopVia1
2026-03-26 17:23:16 +0100: Memory Usage (451276K) : Evaluating cumulative ratio after TopVia2
2026-03-26 17:23:16 +0100: Memory Usage (451404K) : Executing Ant.d_TopVia2
2026-03-26 17:23:16 +0100: Memory Usage (451532K) : Executing Ant.f_TopVia2
2026-03-26 17:23:16 +0100: Memory Usage (451532K) : Executing rule Ant.g
2026-03-26 17:23:16 +0100: Memory Usage (451788K) : Executing rule Ant.h
2026-03-26 17:23:16 +0100: Memory Usage (452044K) : Executing rule Ant.i
