# Logfile created on 2026-03-26 17:23:23 +0100 by logger.rb/v1.5.3
2026-03-26 17:23:23 +0100: Memory Usage (436960K) : Starting running IHP-SG13G2 Klayout DRC Density runset on /foss/designs/BGR.gds
2026-03-26 17:23:23 +0100: Memory Usage (436960K) : Ruby Version for klayout: 3.2.3
2026-03-26 17:23:23 +0100: Memory Usage (438232K) : Loading database to memory is complete.
2026-03-26 17:23:23 +0100: Memory Usage (438232K) : IHP-SG13G2 Klayout DRC Density runset output at: /foss/designs/drc_run_BGR/BGR_BGR_density.lyrdb
2026-03-26 17:23:23 +0100: Memory Usage (438232K) : Evaluate switches.
2026-03-26 17:23:23 +0100: Memory Usage (438232K) : KLayout will use 1 thread(s) in tiling mode.
2026-03-26 17:23:23 +0100: Memory Usage (438232K) : Deep mode enabled: reading layers and preparing general derivations.
2026-03-26 17:23:23 +0100: Memory Usage (438232K) : PreCheck DRC enabled: false
2026-03-26 17:23:23 +0100: Memory Usage (438232K) : Read in polygons from layers.
2026-03-26 17:23:23 +0100: Memory Usage (439760K) : activ_drw has 165 polygons
2026-03-26 17:23:23 +0100: Memory Usage (439760K) : activ_mask has 0 polygons
2026-03-26 17:23:23 +0100: Memory Usage (439888K) : activ_filler has 0 polygons
2026-03-26 17:23:23 +0100: Memory Usage (439888K) : gatpoly_drw has 200 polygons
2026-03-26 17:23:23 +0100: Memory Usage (439888K) : gatpoly_filler has 0 polygons
2026-03-26 17:23:23 +0100: Memory Usage (440016K) : metal1_drw has 315 polygons
2026-03-26 17:23:23 +0100: Memory Usage (440016K) : metal1_filler has 0 polygons
2026-03-26 17:23:23 +0100: Memory Usage (440144K) : metal1_slit has 0 polygons
2026-03-26 17:23:23 +0100: Memory Usage (440144K) : metal2_drw has 40 polygons
2026-03-26 17:23:23 +0100: Memory Usage (440144K) : metal2_filler has 0 polygons
2026-03-26 17:23:23 +0100: Memory Usage (440272K) : metal2_slit has 0 polygons
2026-03-26 17:23:23 +0100: Memory Usage (440272K) : metal3_drw has 22 polygons
2026-03-26 17:23:23 +0100: Memory Usage (440272K) : metal3_filler has 0 polygons
2026-03-26 17:23:23 +0100: Memory Usage (440400K) : metal3_slit has 0 polygons
2026-03-26 17:23:23 +0100: Memory Usage (440400K) : metal4_drw has 0 polygons
2026-03-26 17:23:23 +0100: Memory Usage (440400K) : metal4_filler has 0 polygons
2026-03-26 17:23:23 +0100: Memory Usage (440528K) : metal4_slit has 0 polygons
2026-03-26 17:23:23 +0100: Memory Usage (440528K) : metal5_drw has 0 polygons
2026-03-26 17:23:23 +0100: Memory Usage (440528K) : metal5_filler has 0 polygons
2026-03-26 17:23:23 +0100: Memory Usage (440656K) : metal5_slit has 0 polygons
2026-03-26 17:23:23 +0100: Memory Usage (440656K) : topmetal1_drw has 0 polygons
2026-03-26 17:23:23 +0100: Memory Usage (440656K) : topmetal1_filler has 0 polygons
2026-03-26 17:23:23 +0100: Memory Usage (440784K) : topmetal1_slit has 0 polygons
2026-03-26 17:23:23 +0100: Memory Usage (440784K) : topmetal2_drw has 0 polygons
2026-03-26 17:23:23 +0100: Memory Usage (440784K) : topmetal2_filler has 0 polygons
2026-03-26 17:23:23 +0100: Memory Usage (440912K) : topmetal2_slit has 0 polygons
2026-03-26 17:23:23 +0100: Memory Usage (440912K) : lbe_drw has 0 polygons
2026-03-26 17:23:23 +0100: Memory Usage (440912K) : Loaded TECH DRC rules values from /foss/pdks/ihp-sg13g2/libs.tech/klayout/python/sg13g2_pycell_lib/sg13g2_tech_mod.json
2026-03-26 17:23:23 +0100: Memory Usage (440912K) : Loaded default DRC rules values from /foss/pdks/ihp-sg13g2/libs.tech/klayout/tech/drc/rule_decks/sg13g2_tech_default.json
2026-03-26 17:23:23 +0100: Memory Usage (440912K) : The following rules values were missing in tech json and default values were used:
2026-03-26 17:23:23 +0100: Memory Usage (440912K) :   - Cnt_c_digibnd
2026-03-26 17:23:23 +0100: Memory Usage (442228K) : Total area of the design is 2584.61555 um^2.
2026-03-26 17:23:23 +0100: Memory Usage (442228K) : Starting density IHP-SG13G2 derivations.
2026-03-26 17:23:23 +0100: Memory Usage (442996K) : Starting IHP-SG13G2 DENSITY DRC rules.
2026-03-26 17:23:23 +0100: Memory Usage (442996K) : Tiling mode enabled: executing rules with chip tiling applied.
2026-03-26 17:23:23 +0100: Memory Usage (442996K) : Computing activ area and density...
2026-03-26 17:23:23 +0100: Memory Usage (444036K) : Executing rule AFil.g
2026-03-26 17:23:23 +0100: Memory Usage (444348K) : Executing rule AFil.g1
2026-03-26 17:23:23 +0100: Memory Usage (444348K) : Executing rule AFil.g2
2026-03-26 17:23:23 +0100: Memory Usage (444476K) : Executing rule AFil.g3
2026-03-26 17:23:23 +0100: Memory Usage (444604K) : Computing poly area and density...
2026-03-26 17:23:23 +0100: Memory Usage (444604K) : Executing rule GFil.g
2026-03-26 17:23:23 +0100: Memory Usage (444732K) : Computing metal1 area and density...
2026-03-26 17:23:23 +0100: Memory Usage (444732K) : Executing rule M1.j
2026-03-26 17:23:23 +0100: Memory Usage (444732K) : Executing rule M1.k
2026-03-26 17:23:23 +0100: Memory Usage (444732K) : Computing metal2 area and density...
2026-03-26 17:23:23 +0100: Memory Usage (444860K) : Computing metal3 area and density...
2026-03-26 17:23:23 +0100: Memory Usage (444860K) : Computing metal4 area and density...
2026-03-26 17:23:23 +0100: Memory Usage (444860K) : Computing metal5 area and density...
2026-03-26 17:23:23 +0100: Memory Usage (444988K) : Executing rule M2.j
2026-03-26 17:23:23 +0100: Memory Usage (444988K) : Executing rule M2.k
2026-03-26 17:23:23 +0100: Memory Usage (444988K) : Executing rule M3.j
2026-03-26 17:23:23 +0100: Memory Usage (444988K) : Executing rule M3.k
2026-03-26 17:23:23 +0100: Memory Usage (444988K) : Executing rule M4.j
2026-03-26 17:23:23 +0100: Memory Usage (445116K) : Executing rule M4.k
2026-03-26 17:23:23 +0100: Memory Usage (445116K) : Executing rule M5.j
2026-03-26 17:23:23 +0100: Memory Usage (445116K) : Executing rule M5.k
2026-03-26 17:23:23 +0100: Memory Usage (445116K) : Executing rule M1Fil.h
2026-03-26 17:23:23 +0100: Memory Usage (445244K) : Executing rule M1Fil.k
2026-03-26 17:23:23 +0100: Memory Usage (445372K) : Executing rule M2Fil.h
2026-03-26 17:23:23 +0100: Memory Usage (445500K) : Executing rule M2Fil.k
2026-03-26 17:23:23 +0100: Memory Usage (445500K) : Executing rule M3Fil.h
2026-03-26 17:23:23 +0100: Memory Usage (445628K) : Executing rule M3Fil.k
2026-03-26 17:23:23 +0100: Memory Usage (445628K) : Executing rule M4Fil.h
2026-03-26 17:23:23 +0100: Memory Usage (445756K) : Executing rule M4Fil.k
2026-03-26 17:23:23 +0100: Memory Usage (445884K) : Executing rule M5Fil.h
2026-03-26 17:23:23 +0100: Memory Usage (445884K) : Executing rule M5Fil.k
2026-03-26 17:23:23 +0100: Memory Usage (446012K) : Computing TopMetal1 area and density...
2026-03-26 17:23:23 +0100: Memory Usage (446140K) : Executing rule TM1.c
2026-03-26 17:23:23 +0100: Memory Usage (446140K) : Executing rule TM1.d
2026-03-26 17:23:23 +0100: Memory Usage (446140K) : Computing TopMetal2 area and density...
2026-03-26 17:23:23 +0100: Memory Usage (446140K) : Executing rule TM2.c
2026-03-26 17:23:23 +0100: Memory Usage (446268K) : Executing rule TM2.d
2026-03-26 17:23:23 +0100: Memory Usage (446268K) : Computing LBE area and density...
2026-03-26 17:23:23 +0100: Memory Usage (446268K) : Executing rule LBE.i
2026-03-26 17:23:23 +0100: Memory Usage (446268K) : Executing rule Slt.i_M1
2026-03-26 17:23:23 +0100: Memory Usage (446956K) : Executing rule Slt.i_M2
2026-03-26 17:23:23 +0100: Memory Usage (447340K) : Executing rule Slt.i_M3
2026-03-26 17:23:23 +0100: Memory Usage (447596K) : Executing rule Slt.i_M4
2026-03-26 17:23:23 +0100: Memory Usage (447852K) : Executing rule Slt.i_M5
2026-03-26 17:23:23 +0100: Memory Usage (447852K) : Executing rule Slt.i_TM1
2026-03-26 17:23:23 +0100: Memory Usage (447852K) : Executing rule Slt.i_TM2
2026-03-26 17:23:23 +0100: Memory Usage (447852K) : ##################################################
2026-03-26 17:23:23 +0100: Memory Usage (447852K) :                  Density Report                 #
2026-03-26 17:23:23 +0100: Memory Usage (447852K) : ##################################################
2026-03-26 17:23:23 +0100: Memory Usage (447852K) : 
2026-03-26 17:23:23 +0100: Memory Usage (447852K) : Layer areas and percentages (units: um^2)
2026-03-26 17:23:23 +0100: Memory Usage (447852K) : --------------------------------------------------
2026-03-26 17:23:23 +0100: Memory Usage (447852K) : 
2026-03-26 17:23:23 +0100: Memory Usage (447852K) : Total Area     = 2584.62 um^2
2026-03-26 17:23:23 +0100: Memory Usage (447852K) : 
2026-03-26 17:23:23 +0100: Memory Usage (447852K) : Activ      Area      = 138.78 µm²
2026-03-26 17:23:23 +0100: Memory Usage (447852K) : Activ      Density % =  5.37%  [Min = 35.00%,  Max = 55.00%]
2026-03-26 17:23:23 +0100: Memory Usage (447852K) : 
2026-03-26 17:23:23 +0100: Memory Usage (447852K) : GatPoly    Area      = 129.12 µm²
2026-03-26 17:23:23 +0100: Memory Usage (447852K) : GatPoly    Density % =  5.00%  [Min = 15.00%]
2026-03-26 17:23:23 +0100: Memory Usage (447852K) : 
2026-03-26 17:23:23 +0100: Memory Usage (447852K) : Metal1     Area      = 182.49 µm²
2026-03-26 17:23:23 +0100: Memory Usage (447852K) : Metal1     Density % =  7.06%  [Min = 35.00%,  Max = 60.00%]
2026-03-26 17:23:23 +0100: Memory Usage (447852K) : 
2026-03-26 17:23:23 +0100: Memory Usage (447852K) : Metal2     Area      = 44.12 µm²
2026-03-26 17:23:23 +0100: Memory Usage (447852K) : Metal2     Density % =  1.71%  [Min = 35.00%,  Max = 60.00%]
2026-03-26 17:23:23 +0100: Memory Usage (447852K) : 
2026-03-26 17:23:23 +0100: Memory Usage (447852K) : Metal3     Area      = 45.92 µm²
2026-03-26 17:23:23 +0100: Memory Usage (447852K) : Metal3     Density % =  1.78%  [Min = 35.00%,  Max = 60.00%]
2026-03-26 17:23:23 +0100: Memory Usage (447852K) : 
2026-03-26 17:23:23 +0100: Memory Usage (447852K) : Metal4     Area      =  0.00 µm²
2026-03-26 17:23:23 +0100: Memory Usage (447852K) : Metal4     Density % =  0.00%  [Min = 35.00%,  Max = 60.00%]
2026-03-26 17:23:23 +0100: Memory Usage (447852K) : 
2026-03-26 17:23:23 +0100: Memory Usage (447852K) : Metal5     Area      =  0.00 µm²
2026-03-26 17:23:23 +0100: Memory Usage (447852K) : Metal5     Density % =  0.00%  [Min = 35.00%,  Max = 60.00%]
2026-03-26 17:23:23 +0100: Memory Usage (447852K) : 
2026-03-26 17:23:23 +0100: Memory Usage (447852K) : TopMetal1  Area      =  0.00 µm²
2026-03-26 17:23:23 +0100: Memory Usage (447852K) : TopMetal1  Density % =  0.00%  [Min = 25.00%,  Max = 70.00%]
2026-03-26 17:23:23 +0100: Memory Usage (447852K) : 
2026-03-26 17:23:23 +0100: Memory Usage (447852K) : TopMetal2  Area      =  0.00 µm²
2026-03-26 17:23:23 +0100: Memory Usage (447852K) : TopMetal2  Density % =  0.00%  [Min = 25.00%,  Max = 70.00%]
2026-03-26 17:23:23 +0100: Memory Usage (447852K) : 
2026-03-26 17:23:23 +0100: Memory Usage (447852K) : LBE        Area      =  0.00 µm²
2026-03-26 17:23:23 +0100: Memory Usage (447852K) : LBE        Density % =  0.00%  [Max = 70.00%]
2026-03-26 17:23:23 +0100: Memory Usage (447852K) : 
2026-03-26 17:23:23 +0100: Memory Usage (447852K) : KLayout DRC run for density table completed in 0.35 seconds
