[2026-03-26 17:16:47,339] [INFO]    GDS input file passed, running in LVS mode
[2026-03-26 17:16:47,451] [INFO]    No explicit top cell specified, using top cell 'BGR'
[2026-03-26 17:16:47,496] [INFO]    LVS input schematic not specified (argument --schematic), using dummy schematic
[2026-03-26 17:16:47,532] [INFO]    Calling MAGIC
[2026-03-26 17:16:47,533] [SUBPROCESS]    magic -dnull -noconsole -rcfile /foss/pdks/ihp-sg13g2/libs.tech/magic/ihp-sg13g2.magicrc output/BGR__BGR/magic_RC/BGR_MAGIC_RC_Script.tcl, output file: output/BGR__BGR/magic_RC/BGR_MAGIC_RC_Output.txt
[2026-03-26 17:16:47,920] [SUBPROCESS]    
[2026-03-26 17:16:47,923] [SUBPROCESS]    Magic 8.3 revision 603 - Compiled on Sat Feb 14 01:20:09 AM CET 2026.
[2026-03-26 17:16:47,925] [SUBPROCESS]    Starting magic under Tcl interpreter
[2026-03-26 17:16:47,926] [SUBPROCESS]    Using the terminal as the console.
[2026-03-26 17:16:47,927] [SUBPROCESS]    WARNING: RLIMIT_NOFILE is above 1024 and Tcl_Version<9 this may cause runtime issues [rlim_cur=1048576]
[2026-03-26 17:16:47,928] [SUBPROCESS]    Using NULL graphics device.
[2026-03-26 17:16:48,133] [SUBPROCESS]    Processing system .magicrc file
[2026-03-26 17:16:48,182] [SUBPROCESS]    Switching to WIRING tool.
[2026-03-26 17:16:48,185] [SUBPROCESS]    Switching to NETLIST tool.
[2026-03-26 17:16:48,185] [SUBPROCESS]    Switching to PICK tool.
[2026-03-26 17:16:48,194] [SUBPROCESS]    Switching to BOX tool.
[2026-03-26 17:16:48,196] [SUBPROCESS]    Sourcing design .magicrc for technology ihp-sg13g2 ...
[2026-03-26 17:16:48,196] [SUBPROCESS]    2 Magic internal units = 1 Lambda
[2026-03-26 17:16:48,266] [SUBPROCESS]    Input style sg13g2(): scaleFactor=2, multiplier=2
[2026-03-26 17:16:48,465] [SUBPROCESS]    The following types are not handled by extraction and will be treated as non-electrical types:
[2026-03-26 17:16:48,468] [SUBPROCESS]        pblock sealcont difffill nemitter hvnemitter hvisodiffres sealvia1 sealvia2 sealvia3 sealvia4 sealvia5 sealvia6 pillar solder seal glass thruvia inductor 
[2026-03-26 17:16:48,484] [SUBPROCESS]    Scaled tech values by 2 / 1 to match internal grid scaling
[2026-03-26 17:16:48,488] [SUBPROCESS]    Loading ihp-sg13g2 Device Generator Menu ...
[2026-03-26 17:16:48,536] [SUBPROCESS]    Loading "output/BGR__BGR/magic_RC/BGR_MAGIC_RC_Script.tcl" from command line.
[2026-03-26 17:16:48,539] [SUBPROCESS]    Warning: Calma reading is not undoable!  I hope that's OK.
[2026-03-26 17:16:48,540] [SUBPROCESS]    Library written using GDS-II Release 6.0
[2026-03-26 17:16:48,541] [SUBPROCESS]    Library name: LIB
[2026-03-26 17:16:48,541] [SUBPROCESS]    Reading "$$$CONTEXT_INFO$$$".
[2026-03-26 17:16:48,553] [SUBPROCESS]    Reading "guard_ring$2".
[2026-03-26 17:16:48,563] [SUBPROCESS]    Reading "via_stack$7".
[2026-03-26 17:16:48,564] [SUBPROCESS]    Reading "via_stack$3".
[2026-03-26 17:16:48,565] [SUBPROCESS]    Reading "via_stack$6".
[2026-03-26 17:16:48,567] [SUBPROCESS]    Reading "via_stack$5".
[2026-03-26 17:16:48,568] [SUBPROCESS]    Reading "guard_ring$9".
[2026-03-26 17:16:48,570] [SUBPROCESS]    Reading "via_stack".
[2026-03-26 17:16:48,572] [SUBPROCESS]    Reading "via_stack$1".
[2026-03-26 17:16:48,573] [SUBPROCESS]    Reading "guard_ring".
[2026-03-26 17:16:48,574] [SUBPROCESS]    Reading "rppd$1".
[2026-03-26 17:16:48,576] [SUBPROCESS]    Reading "rppd".
[2026-03-26 17:16:48,577] [SUBPROCESS]    Reading "nmosHV$1".
[2026-03-26 17:16:48,604] [SUBPROCESS]    Reading "nmosHV".
[2026-03-26 17:16:48,605] [SUBPROCESS]    Reading "pmosHV".
[2026-03-26 17:16:48,606] [SUBPROCESS]    Reading "guard_ring$1".
[2026-03-26 17:16:48,606] [SUBPROCESS]    Reading "pmosHV$2".
[2026-03-26 17:16:48,607] [SUBPROCESS]    Reading "guard_ring$3".
[2026-03-26 17:16:48,607] [SUBPROCESS]    Reading "via_stack$2".
[2026-03-26 17:16:48,610] [SUBPROCESS]    Reading "via_stack$4".
[2026-03-26 17:16:48,611] [SUBPROCESS]    Reading "via_stack$9".
[2026-03-26 17:16:48,612] [SUBPROCESS]    Reading "via_stack$10".
[2026-03-26 17:16:48,612] [SUBPROCESS]    Reading "via_stack$8".
[2026-03-26 17:16:48,622] [SUBPROCESS]    Reading "via_stack$12".
[2026-03-26 17:16:48,623] [SUBPROCESS]    Reading "BGR".
[2026-03-26 17:16:48,624] [SUBPROCESS]    Making label "DA" on type metal3 in cell BGR sticky.
[2026-03-26 17:16:48,625] [SUBPROCESS]    Making label "DC" on type metal3 in cell BGR sticky.
[2026-03-26 17:16:48,627] [SUBPROCESS]    Making label "DB" on type metal3 in cell BGR sticky.
[2026-03-26 17:16:48,646] [SUBPROCESS]    Extracting BGR into /foss/designs/simulations/BGR/output/BGR__BGR/magic_RC/BGR.ext:
[2026-03-26 17:16:48,717] [SUBPROCESS]    BGR: 8 warnings
[2026-03-26 17:16:48,718] [SUBPROCESS]    Total of 8 warnings.
[2026-03-26 17:16:48,733] [SUBPROCESS]    exttosim finished.
[2026-03-26 17:16:48,756] [SUBPROCESS]    Adding  a_16783_4377#; Tnew = 0.00ns, Told = -484.17ns
[2026-03-26 17:16:48,758] [SUBPROCESS]    Adding  a_17030_5142#
[2026-03-26 17:16:48,760] [SUBPROCESS]    Adding  a_16747_4177#
[2026-03-26 17:16:48,761] [SUBPROCESS]    Adding  a_16929_2002#
[2026-03-26 17:16:48,761] [SUBPROCESS]    Adding  a_16615_839#
[2026-03-26 17:16:48,762] [SUBPROCESS]    Adding  a_16965_2312#
[2026-03-26 17:16:48,763] [SUBPROCESS]    Adding  a_16929_2380#
[2026-03-26 17:16:48,764] [SUBPROCESS]    Adding  a_19533_2506#; Tnew = 0.00ns, Told = -165.08ns
[2026-03-26 17:16:48,764] [SUBPROCESS]    Adding  a_21295_5586#; Tnew = 0.00ns, Told = -90.76ns
[2026-03-26 17:16:48,765] [SUBPROCESS]    Adding  a_21733_2506#; Tnew = 0.00ns, Told = -96.02ns
[2026-03-26 17:16:48,765] [SUBPROCESS]    Adding  a_22173_5586#; Tnew = 0.00ns, Told = -90.95ns
[2026-03-26 17:16:48,765] [SUBPROCESS]    Adding  a_22613_2506#; Tnew = 0.00ns, Told = -135.96ns
[2026-03-26 17:16:48,766] [SUBPROCESS]    Adding  a_23053_5586#; Tnew = 0.00ns, Told = -90.95ns
[2026-03-26 17:16:48,766] [SUBPROCESS]    Adding  a_23493_2506#; Tnew = 0.00ns, Told = -150.85ns
[2026-03-26 17:16:48,767] [SUBPROCESS]    Adding  a_23933_5586#; Tnew = 0.00ns, Told = -90.95ns
[2026-03-26 17:16:48,767] [SUBPROCESS]    Adding  a_24373_2506#; Tnew = 0.00ns, Told = -150.84ns
[2026-03-26 17:16:48,768] [SUBPROCESS]    Adding  a_24813_5586#; Tnew = 0.00ns, Told = -90.95ns
[2026-03-26 17:16:48,769] [SUBPROCESS]    Adding  a_25253_2506#; Tnew = 0.00ns, Told = -152.24ns
[2026-03-26 17:16:48,770] [SUBPROCESS]    Adding  a_25693_5586#; Tnew = 0.00ns, Told = -90.95ns
[2026-03-26 17:16:48,770] [SUBPROCESS]    Adding  a_26133_2506#; Tnew = 0.00ns, Told = -150.84ns
[2026-03-26 17:16:48,770] [SUBPROCESS]    Adding  a_26573_5586#; Tnew = 0.00ns, Told = -90.95ns
[2026-03-26 17:16:48,771] [SUBPROCESS]    Adding  a_27013_2506#; Tnew = 0.00ns, Told = -150.84ns
[2026-03-26 17:16:48,771] [SUBPROCESS]    Adding  a_27453_5586#; Tnew = 0.00ns, Told = -90.95ns
[2026-03-26 17:16:48,771] [SUBPROCESS]    Adding  a_27893_2506#; Tnew = 0.00ns, Told = -150.84ns
[2026-03-26 17:16:48,772] [SUBPROCESS]    Adding  a_28333_5586#; Tnew = 0.00ns, Told = -69.15ns
[2026-03-26 17:16:48,772] [SUBPROCESS]    Adding  a_22924_1909#; Tnew = 0.00ns, Told = -734.92ns
[2026-03-26 17:16:48,773] [SUBPROCESS]    Adding  a_16615_n2241#
[2026-03-26 17:16:48,773] [SUBPROCESS]    Adding  a_22383_1593#; Tnew = 0.00ns, Told = -76.65ns
[2026-03-26 17:16:48,773] [SUBPROCESS]    Adding  a_26004_1909#; Tnew = 0.00ns, Told = -77.97ns
[2026-03-26 17:16:48,774] [SUBPROCESS]    Adding  a_29110_1469#; Tnew = 0.00ns, Told = -54.67ns
[2026-03-26 17:16:48,774] [SUBPROCESS]    Adding  a_26004_1469#; Tnew = 0.00ns, Told = -74.69ns
[2026-03-26 17:16:48,774] [SUBPROCESS]    Adding  a_29154_399#; Tnew = 0.00ns, Told = -70.87ns
[2026-03-26 17:16:48,775] [SUBPROCESS]    Adding  a_16615_n41#; Tnew = 0.00ns, Told = -93.39ns
[2026-03-26 17:16:48,775] [SUBPROCESS]    Adding  a_29154_n481#; Tnew = 0.00ns, Told = -90.99ns
[2026-03-26 17:16:48,776] [SUBPROCESS]    Adding  a_16615_n921#; Tnew = 0.00ns, Told = -91.18ns
[2026-03-26 17:16:48,776] [SUBPROCESS]    Adding  a_29154_n1361#; Tnew = 0.00ns, Told = -90.95ns
[2026-03-26 17:16:48,776] [SUBPROCESS]    Adding  a_16615_n1801#; Tnew = 0.00ns, Told = -92.25ns
[2026-03-26 17:16:48,777] [SUBPROCESS]    Adding  a_29154_n2241#; Tnew = 0.00ns, Told = -69.15ns
[2026-03-26 17:16:48,797] [SUBPROCESS]    Adding  GND
[2026-03-26 17:16:48,818] [SUBPROCESS]    Adding  VDD; Tnew = 0.03ns, Told = 0.00ns
[2026-03-26 17:16:48,821] [SUBPROCESS]    Adding  VREF; Tnew = 0.00ns, Told = 0.00ns
[2026-03-26 17:16:48,822] [SUBPROCESS]    Total Nets: 78
[2026-03-26 17:16:48,822] [SUBPROCESS]    Nets extracted: 41 (0.525641)
[2026-03-26 17:16:48,823] [SUBPROCESS]    Nets output: 41 (0.525641)
[2026-03-26 17:16:48,831] [SUBPROCESS]    exttospice finished.
[2026-03-26 17:16:48,836] [INFO]    MAGIC succeeded after 1.302s
[2026-03-26 17:16:49,566] [SUBPROCESS]    Report DB saved at: output/BGR__BGR/magic_RC/BGR_MAGIC_report.rdb.gz
[2026-03-26 17:16:49,567] [SUBPROCESS]    SPICE netlist saved at: output/BGR__BGR/magic_RC/BGR.pex.spice
[2026-03-26 17:16:49,730] [INFO]    Copied expanded SPICE netlist to: ./BGR.spice
[2026-03-26 17:16:49,733] [SUBPROCESS]    * NGSPICE file created from BGR.ext - technology: ihp-sg13g2

.subckt BGR VREF VDD GND
X0 a_16615_839.t0 a_16929_2002.t3 a_16929_2002.t4 GND.t4 sg13_hv_nmos ad=0.34p pd=2.68u as=0.34p ps=2.68u w=1u l=1u
X1 a_16929_2380.t4 a_16747_4177.t2 a_16747_4177.t3 GND.t5 sg13_hv_nmos ad=0.34p pd=2.68u as=0.19p ps=1.38u w=1u l=1u
X2 a_16929_2002.t0 a_16747_4177.t4 a_17030_5142.t5 GND.t5 sg13_hv_nmos ad=0.34p pd=2.68u as=0.34p ps=2.68u w=1u l=1u
X3 VREF.t5 a_19533_2506.t4 GND.t10 rppd l=14.97u w=2u
X4 a_24813_5586.t0 a_25253_2506.t0 GND.t10 rppd l=14.97u w=2u
X5 GND.t25 GND.t22 GND.t24 GND.t23 sg13_hv_nmos ad=0.34p pd=2.68u as=0 ps=0 w=1u l=1u
X6 a_23933_5586.t0 a_23493_2506.t1 GND.t10 rppd l=14.97u w=2u
X7 a_16965_2312.t1 a_16965_2312.t0 GND.t2 GND.t1 sg13_hv_nmos ad=0.68p pd=4.68u as=0.68p ps=4.68u w=2u l=1u
X8 VREF.t2 a_19533_2506.t0 GND.t10 rppd l=14.97u w=2u
X9 a_28333_5586.t0 a_27893_2506.t0 GND.t10 rppd l=14.97u w=2u
X10 a_16615_n921.t1 a_29154_n1361.t1 GND.t49 rppd l=62.265u w=2u
X11 a_16615_n2241.t0 a_29154_n2241.t1 GND.t45 rppd l=62.265u w=2u
X12 VDD.t7 a_16783_4377.t0 a_16783_4377.t1 VDD.t0 sg13_hv_pmos ad=0.68p pd=4.68u as=0.68p ps=4.68u w=2u l=1u
X13 GND.t14 GND.t11 GND.t13 GND.t12 sg13_hv_nmos ad=0.34p pd=2.68u as=0 ps=0 w=1u l=1u
X14 VREF.t4 a_19533_2506.t2 GND.t10 rppd l=14.97u w=2u
X15 a_27453_5586.t1 a_27893_2506.t1 GND.t10 rppd l=14.97u w=2u
X16 VDD.t5 a_17030_5142.t1 a_16747_4177.t1 VDD.t0 sg13_hv_pmos ad=0.19p pd=1.38u as=0.34p ps=2.68u w=1u l=1u
X17 a_26004_1469.t0 a_29110_1469.t0 GND.t44 rppd l=14.97u w=2u
X18 GND.t18 GND.t15 GND.t17 GND.t16 sg13_hv_nmos ad=0.34p pd=2.68u as=0 ps=0 w=1u l=1u
X19 VDD.t3 a_17030_5142.t1 a_17030_5142.t3 VDD.t0 sg13_hv_pmos ad=0.19p pd=1.38u as=0.34p ps=2.68u w=1u l=1u
X20 a_23933_5586.t1 a_24373_2506.t1 GND.t10 rppd l=14.97u w=2u
X21 a_16615_n1801.t1 a_29154_n1361.t0 GND.t37 rppd l=62.265u w=2u
X22 VDD.t1 a_17030_5142.t1 VREF.t1 VDD.t0 sg13_hv_pmos ad=0.19p pd=1.38u as=0.34p ps=2.68u w=1u l=1u
X23 GND.t31 a_16615_n2241.t6 a_16615_n2241.t5 GND.t1 sg13_hv_nmos ad=0.68p pd=4.68u as=0.38p ps=2.38u w=2u l=1u
X24 GND.t41 a_16615_n2241.t9 a_16615_n2241.t8 GND.t1 sg13_hv_nmos ad=0.38p pd=2.38u as=0.38p ps=2.38u w=2u l=1u
X25 GND.t30 GND.t29 GND.t30 GND.t1 sg13_hv_nmos ad=0.38p pd=2.38u as=0 ps=0 w=2u l=1u
X26 a_22383_1593.t2 a_26004_1469.t0 GND.t44 rppd l=14.97u w=2u
X27 a_27453_5586.t0 a_27013_2506.t0 GND.t10 rppd l=14.97u w=2u
X28 GND.t21 GND.t19 GND.t20 GND.t5 sg13_hv_nmos ad=0.34p pd=2.68u as=0 ps=0 w=1u l=1u
X29 a_16615_n2241.t5 a_16615_n2241.t4 GND.t32 GND.t1 sg13_hv_nmos ad=0.38p pd=2.38u as=0.38p ps=2.38u w=2u l=1u
X30 GND.t30 a_16615_n2241.t12 a_16615_n2241.t11 GND.t1 sg13_hv_nmos ad=0.38p pd=2.38u as=0.38p ps=2.38u w=2u l=1u
X31 a_22173_5586.t1 a_22613_2506.t0 GND.t10 rppd l=14.97u w=2u
X32 a_23053_5586.t0 a_23493_2506.t0 GND.t10 rppd l=14.97u w=2u
X33 a_26573_5586.t0 a_27013_2506.t1 GND.t10 rppd l=14.97u w=2u
X34 a_16615_n2241.t11 a_16615_n2241.t10 GND.t41 GND.t1 sg13_hv_nmos ad=0.38p pd=2.38u as=0.38p ps=2.38u w=2u l=1u
X35 a_16615_n41.t0 a_29154_399.t0 GND.t38 rppd l=62.265u w=2u
X36 VREF.t3 a_19533_2506.t1 GND.t10 rppd l=14.97u w=2u
X37 a_16615_n2241.t2 a_16615_n2241.t1 GND.t27 GND.t1 sg13_hv_nmos ad=0.38p pd=2.38u as=0.38p ps=2.38u w=2u l=1u
X38 a_26004_1909.t0 a_29110_1469.t1 GND.t39 rppd l=14.97u w=2u
X39 a_16615_n1801.t0 a_29154_n2241.t0 GND.t36 rppd l=62.265u w=2u
X40 a_16783_4377.t2 a_16747_4177.t5 GND.t7 GND.t6 sg13_hv_nmos ad=0.68p pd=4.68u as=0.68p ps=4.68u w=2u l=1u
X41 a_17030_5142.t2 a_17030_5142.t1 VDD.t3 VDD.t0 sg13_hv_pmos ad=0.34p pd=2.68u as=0.19p ps=1.38u w=1u l=1u
X42 VREF.t0 a_17030_5142.t1 VDD.t5 VDD.t0 sg13_hv_pmos ad=0.34p pd=2.68u as=0.19p ps=1.38u w=1u l=1u
X43 a_22924_1909.t0 a_26004_1909.t0 GND.t39 rppd l=14.97u w=2u
X44 a_16747_4177.t0 a_17030_5142.t1 VDD.t1 VDD.t0 sg13_hv_pmos ad=0.34p pd=2.68u as=0.19p ps=1.38u w=1u l=1u
X45 a_26573_5586.t1 a_26133_2506.t1 GND.t10 rppd l=14.97u w=2u
X46 a_16615_n2241.t8 a_16615_n2241.t7 GND.t3 GND.t1 sg13_hv_nmos ad=0.38p pd=2.38u as=0.68p ps=4.68u w=2u l=1u
X47 a_21295_5586.t1 a_19533_2506.t3 GND.t10 rppd l=14.97u w=2u
X48 a_23053_5586.t1 a_22613_2506.t1 GND.t10 rppd l=14.97u w=2u
X49 GND.t28 GND.t26 GND.t27 GND.t1 sg13_hv_nmos ad=0.68p pd=4.68u as=0 ps=0 w=2u l=1u
X50 a_22383_1593.t1 a_22383_1593.t0 GND.t34 GND.t33 sg13_hv_nmos ad=0.68p pd=4.68u as=0.68p ps=4.68u w=2u l=1u
X51 VDD.t10 VDD.t8 VDD.t9 VDD.t0 sg13_hv_pmos ad=0.34p pd=2.68u as=0 ps=0 w=1u l=1u
X52 a_16747_4177.t3 a_16747_4177.t4 a_16929_2380.t0 GND.t5 sg13_hv_nmos ad=0.19p pd=1.38u as=0.34p ps=2.68u w=1u l=1u
X53 a_16929_2002.t2 a_16929_2002.t1 a_16615_839.t2 GND.t0 sg13_hv_nmos ad=0.34p pd=2.68u as=0.34p ps=2.68u w=1u l=1u
X54 a_17030_5142.t4 a_16747_4177.t2 a_16929_2002.t5 GND.t5 sg13_hv_nmos ad=0.34p pd=2.68u as=0.34p ps=2.68u w=1u l=1u
X55 a_21295_5586.t0 a_21733_2506.t0 GND.t10 rppd l=14.97u w=2u
X56 a_25693_5586.t0 a_26133_2506.t0 GND.t10 rppd l=14.97u w=2u
X57 GND.t32 a_16615_n2241.t3 a_16615_n2241.t2 GND.t1 sg13_hv_nmos ad=0.38p pd=2.38u as=0.38p ps=2.38u w=2u l=1u
X58 a_17030_5142.t0 a_16783_4377.t3 GND.t9 GND.t8 sg13_hv_nmos ad=0.68p pd=4.68u as=0.68p ps=4.68u w=2u l=1u
X59 VDD.t13 VDD.t11 VDD.t12 VDD.t0 sg13_hv_pmos ad=0.34p pd=2.68u as=0 ps=0 w=1u l=1u
X60 a_24813_5586.t1 a_24373_2506.t0 GND.t10 rppd l=14.97u w=2u
X61 a_25693_5586.t1 a_25253_2506.t1 GND.t10 rppd l=14.97u w=2u
X62 a_16615_839.t1 a_29154_399.t1 GND.t46 rppd l=62.265u w=2u
X63 a_16615_n41.t1 a_29154_n481.t0 GND.t40 rppd l=62.265u w=2u
X64 a_16615_n921.t0 a_29154_n481.t1 GND.t47 rppd l=62.265u w=2u
X65 a_22173_5586.t0 a_21733_2506.t1 GND.t10 rppd l=14.97u w=2u
X66 a_28333_5586.t1 a_22924_1909.t1 GND.t10 rppd l=14.97u w=2u
X67 a_16929_2380.t2 a_16929_2380.t1 a_16965_2312.t3 GND.t0 sg13_hv_nmos ad=0.19p pd=1.38u as=0.34p ps=2.68u w=1u l=1u
X68 a_16965_2312.t2 a_16929_2380.t3 a_16929_2380.t2 GND.t0 sg13_hv_nmos ad=0.34p pd=2.68u as=0.19p ps=1.38u w=1u l=1u
C0 a_20413_2592# VREF 0.11789f
C1 a_16701_n921# a_16701_n481# 4.05484f
C2 a_25253_2592# a_24813_2592# 0.97488f
C3 a_26116_1469# a_16701_839# 0.15529f
C4 a_19974_2592# VDD 0.05252f
C5 a_21733_2592# a_22173_2592# 0.97488f
C6 a_16701_399# a_16701_839# 4.05484f
C7 a_26573_2592# a_26133_2592# 0.97488f
C8 a_16701_n2241# a_16701_n1801# 4.05484f
C9 a_16701_399# a_16701_n41# 4.05484f
C10 a_23493_2592# a_23053_2592# 0.97488f
C11 a_19533_2592# VREF 0.30634f
C12 a_27893_2592# a_27453_2592# 0.97488f
C13 a_26573_2592# a_27013_2592# 0.97488f
C14 a_27893_2592# a_28333_2592# 0.97488f
C15 a_21733_2592# a_21295_2592# 1.03223f
C16 a_26116_1469# a_26116_1909# 0.97488f
C17 a_16701_n41# a_16701_n481# 4.05484f
C18 a_25693_2592# a_25253_2592# 0.97488f
C19 a_19974_2592# VREF 0.14548f
C20 a_28773_2592# a_28333_2592# 0.97488f
C21 a_20853_2592# VREF 0.09997f
C22 VDD VREF 0.6306f
C23 a_19974_2592# a_20413_2592# 1.00273f
C24 a_20853_2592# a_20413_2592# 0.97488f
C25 a_27453_2592# a_27013_2592# 0.97488f
C26 a_20413_2592# VDD 0.0213f
C27 a_23053_2592# a_22613_2592# 0.97488f
C28 a_21295_2592# a_20853_2592# 0.92357f
C29 a_23010_1469# a_16701_839# 0.15529f
C30 a_24373_2592# a_23933_2592# 0.97488f
C31 a_24813_2592# a_24373_2592# 0.97488f
C32 a_16701_n1361# a_16701_n1801# 4.05484f
C33 a_16701_n1361# a_16701_n921# 4.05484f
C34 a_19974_2592# a_19533_2592# 0.94853f
C35 a_23010_1469# a_23010_1909# 0.97488f
C36 a_25693_2592# a_26133_2592# 0.97488f
C37 a_23493_2592# a_23933_2592# 0.97488f
C38 a_19533_2592# VDD 0.62151f
C39 a_22173_2592# a_22613_2592# 0.97488f
R0 VREF.n0 VREF.t0 8.53317
R1 VREF.n4 VREF.n0 7.5795
R2 VREF.n0 VREF.t1 5.73536
R3 VREF.n4 VREF.n3 3.6005
R4 VREF.n1 VREF.t5 3.30717
R5 VREF.n1 VREF.t4 2.5005
R6 VREF.n2 VREF.t2 2.5005
R7 VREF.n3 VREF.t3 2.5005
R8 VREF.n3 VREF.n2 0.809
R9 VREF.n2 VREF.n1 0.805333
R10 VREF VREF.n4 0.0210714
R11 VDD.n0 VDD.t5 8.08752
R12 VDD.n6 VDD.t12 6.49893
R13 VDD.n10 VDD.t10 6.49859
R14 VDD.n0 VDD.t3 5.98376
R15 VDD.n1 VDD.t1 5.67679
R16 VDD.n7 VDD.t13 5.66717
R17 VDD.n11 VDD.t9 5.66717
R18 VDD.n6 VDD.t11 4.89895
R19 VDD.n10 VDD.t8 4.89895
R20 VDD.n17 VDD.t7 4.82343
R21 VDD.n14 VDD.n13 3.3033
R22 VDD.n2 VDD.n1 3.04734
R23 VDD.n16 VDD.n15 3.03987
R24 VDD.n1 VDD.n0 2.41123
R25 VDD.n5 VDD.n4 1.3248
R26 VDD.n8 VDD.n5 1.30033
R27 VDD.n9 VDD.n8 1.26423
R28 VDD.n12 VDD.n9 1.18739
R29 VDD.n2 VDD 1.08368
R30 VDD.n15 VDD.t0 1.03935
R31 VDD.n11 VDD.n10 0.596204
R32 VDD.n7 VDD.n6 0.595857
R33 VDD.n13 VDD.n4 0.37197
R34 VDD.n16 VDD.n3 0.354071
R35 VDD.n13 VDD.n12 0.304147
R36 VDD VDD.n17 0.284929
R37 VDD.n17 VDD.n16 0.262929
R38 VDD.n8 VDD.n7 0.15285
R39 VDD.t0 VDD.n14 0.147052
R40 VDD.n12 VDD.n11 0.1413
R41 VDD.n15 VDD.n4 0.0963504
R42 VDD.n3 VDD 0.0864012
R43 VDD.n14 VDD.n5 0.034776
R44 VDD.n14 VDD.n9 0.0245804
R45 VDD.n3 VDD.n2 0.00882027
R46 VDD.n17 VDD 0.00094
R47 GND.t10 GND.n204 44146.5
R48 GND.n142 GND.n81 746.506
R49 GND.n205 GND.t10 571.078
R50 GND.t46 GND.n17 376.289
R51 GND.n81 GND.t8 183.643
R52 GND.t8 GND.n73 183.643
R53 GND.n243 GND.t46 122.856
R54 GND.t40 GND.t47 103.921
R55 GND.t46 GND.t38 103.921
R56 GND.t38 GND.t40 103.921
R57 GND.t47 GND.t49 103.921
R58 GND.t49 GND.t37 103.921
R59 GND.t37 GND.t36 103.921
R60 GND.t36 GND.t45 103.921
R61 GND.n194 GND.n96 85.3562
R62 GND.n129 GND.n120 82.8457
R63 GND.n154 GND.n109 75.3143
R64 GND.n155 GND.n104 75.3143
R65 GND.n156 GND.n107 75.3143
R66 GND.n183 GND.n96 75.3143
R67 GND.n56 GND.n20 57.7325
R68 GND.n58 GND.n21 57.7325
R69 GND.n52 GND.n23 57.7325
R70 GND.n48 GND.n25 57.7325
R71 GND.n120 GND.n119 56.7015
R72 GND.t4 GND.n22 51.5469
R73 GND.n140 GND.n139 47.6992
R74 GND.n141 GND.n113 47.6992
R75 GND.n116 GND.n114 47.6992
R76 GND.n191 GND.n190 47.6992
R77 GND.n143 GND.n111 47.6992
R78 GND.t1 GND.n26 46.3923
R79 GND.t12 GND.n100 42.6783
R80 GND.n43 GND.n42 42.2685
R81 GND.n41 GND.n30 42.2685
R82 GND.n267 GND.n35 42.2685
R83 GND.n266 GND.n17 42.2685
R84 GND.n111 GND.t0 41.4231
R85 GND.n50 GND.t23 41.2376
R86 GND.n139 GND.n129 37.6574
R87 GND.n140 GND.n113 37.6574
R88 GND.n141 GND.n114 37.6574
R89 GND.n191 GND.n116 37.6574
R90 GND.n190 GND.n100 37.6574
R91 GND.t6 GND.n142 32.6365
R92 GND.n118 GND.n3 30.4008
R93 GND.n47 GND.n46 29.8974
R94 GND.n45 GND.n44 29.8974
R95 GND.n142 GND.n102 28.8708
R96 GND.n47 GND.n27 27.8356
R97 GND.n43 GND.n29 27.8356
R98 GND.n42 GND.n41 27.8356
R99 GND.n35 GND.n30 27.8356
R100 GND.n267 GND.n266 27.8356
R101 GND.t16 GND.n28 20.6191
R102 GND.n234 GND.n69 19.302
R103 GND.n233 GND.n68 19.302
R104 GND.n246 GND.n219 19.302
R105 GND.n245 GND.n67 19.302
R106 GND.n237 GND.n72 18.6892
R107 GND.n236 GND.n71 18.6892
R108 GND.n239 GND.n207 18.6892
R109 GND.n235 GND.n70 18.6892
R110 GND.n213 GND.t25 17.0005
R111 GND.t34 GND.n227 17.0005
R112 GND.n231 GND.t34 17.0005
R113 GND.t34 GND.n230 17.0005
R114 GND.t34 GND.n229 17.0005
R115 GND.n244 GND.n224 17.0005
R116 GND.n244 GND.n225 17.0005
R117 GND.n244 GND.n226 17.0005
R118 GND.n244 GND.n232 17.0005
R119 GND.n265 GND.n72 17.0005
R120 GND.n265 GND.n206 17.0005
R121 GND.n265 GND.n71 17.0005
R122 GND.n265 GND.n207 17.0005
R123 GND.n265 GND.n70 17.0005
R124 GND.n265 GND.n208 17.0005
R125 GND.n265 GND.n69 17.0005
R126 GND.n265 GND.n209 17.0005
R127 GND.n265 GND.n68 17.0005
R128 GND.n265 GND.n246 17.0005
R129 GND.n265 GND.n253 17.0005
R130 GND.n265 GND.n249 17.0005
R131 GND.n265 GND.n248 17.0005
R132 GND.n265 GND.n247 17.0005
R133 GND.n265 GND.n35 17.0005
R134 GND.n265 GND.n41 17.0005
R135 GND.n265 GND.n43 17.0005
R136 GND.n265 GND.n45 17.0005
R137 GND.n265 GND.n47 17.0005
R138 GND.n265 GND.n49 17.0005
R139 GND.n265 GND.n51 17.0005
R140 GND.n265 GND.n53 17.0005
R141 GND.n265 GND.n55 17.0005
R142 GND.n265 GND.n59 17.0005
R143 GND.n265 GND.n61 17.0005
R144 GND.n265 GND.n39 17.0005
R145 GND.n265 GND.n65 17.0005
R146 GND.n265 GND.n38 17.0005
R147 GND.n211 GND.n3 17.0005
R148 GND.n189 GND.n116 17.0005
R149 GND.n189 GND.n141 17.0005
R150 GND.n189 GND.n140 17.0005
R151 GND.n114 GND.n93 17.0005
R152 GND.n113 GND.n93 17.0005
R153 GND.t9 GND.n90 17.0005
R154 GND.t9 GND.n87 17.0005
R155 GND.t9 GND.n89 17.0005
R156 GND.n91 GND.t9 17.0005
R157 GND.n202 GND.n82 17.0005
R158 GND.n202 GND.n80 17.0005
R159 GND.n202 GND.n79 17.0005
R160 GND.n202 GND.n78 17.0005
R161 GND.n191 GND.n93 17.0005
R162 GND.n96 GND.n93 17.0005
R163 GND.n107 GND.n93 17.0005
R164 GND.n104 GND.n93 17.0005
R165 GND.n109 GND.n93 17.0005
R166 GND.n102 GND.n93 17.0005
R167 GND.n111 GND.n93 17.0005
R168 GND.n100 GND.n93 17.0005
R169 GND.n192 GND.n96 17.0005
R170 GND.n192 GND.n107 17.0005
R171 GND.n192 GND.n114 17.0005
R172 GND.n192 GND.n113 17.0005
R173 GND.t7 GND.n149 17.0005
R174 GND.t7 GND.n148 17.0005
R175 GND.n150 GND.t7 17.0005
R176 GND.t7 GND.n145 17.0005
R177 GND.t7 GND.n147 17.0005
R178 GND.t7 GND.n146 17.0005
R179 GND.n192 GND.n104 17.0005
R180 GND.n192 GND.n108 17.0005
R181 GND.n192 GND.n109 17.0005
R182 GND.n192 GND.n103 17.0005
R183 GND.n192 GND.n102 17.0005
R184 GND.n192 GND.n110 17.0005
R185 GND.n192 GND.n111 17.0005
R186 GND.n192 GND.n101 17.0005
R187 GND.n192 GND.n100 17.0005
R188 GND.n192 GND.n191 17.0005
R189 GND.n189 GND.n156 17.0005
R190 GND.n189 GND.n155 17.0005
R191 GND.n189 GND.n154 17.0005
R192 GND.n189 GND.n144 17.0005
R193 GND.n189 GND.n143 17.0005
R194 GND.n190 GND.n189 17.0005
R195 GND.n268 GND.n30 17.0005
R196 GND.n268 GND.n29 17.0005
R197 GND.n268 GND.n28 17.0005
R198 GND.n268 GND.n27 17.0005
R199 GND.n268 GND.n26 17.0005
R200 GND.n268 GND.n25 17.0005
R201 GND.n268 GND.n24 17.0005
R202 GND.n268 GND.n23 17.0005
R203 GND.n268 GND.n22 17.0005
R204 GND.n268 GND.n21 17.0005
R205 GND.n268 GND.n20 17.0005
R206 GND.t18 GND.n31 17.0005
R207 GND.n268 GND.n18 17.0005
R208 GND.n20 GND.n14 17.0005
R209 GND.n21 GND.n14 17.0005
R210 GND.n22 GND.n14 17.0005
R211 GND.n23 GND.n14 17.0005
R212 GND.n24 GND.n14 17.0005
R213 GND.n25 GND.n14 17.0005
R214 GND.n26 GND.n14 17.0005
R215 GND.n27 GND.n14 17.0005
R216 GND.n28 GND.n14 17.0005
R217 GND.n29 GND.n14 17.0005
R218 GND.n30 GND.n14 17.0005
R219 GND.t23 GND.n24 16.4953
R220 GND.t26 GND.n63 15.0005
R221 GND.n64 GND.t26 15.0005
R222 GND.t26 GND.n62 15.0005
R223 GND.n252 GND.t29 15.0005
R224 GND.t29 GND.n250 15.0005
R225 GND.t29 GND.n251 15.0005
R226 GND.n120 GND.n118 14.4551
R227 GND.n143 GND.t6 13.808
R228 GND.t33 GND.n208 13.4809
R229 GND.n241 GND.t1 13.1745
R230 GND.n242 GND.t44 13.1745
R231 GND.n238 GND.t39 12.5618
R232 GND.n119 GND.n20 12.3716
R233 GND.n240 GND.n27 12.3716
R234 GND.n46 GND.n28 12.3716
R235 GND.n44 GND.n29 12.3716
R236 GND.t1 GND.n240 11.3407
R237 GND.n154 GND.n102 10.0423
R238 GND.n155 GND.n109 10.0423
R239 GND.n156 GND.n104 10.0423
R240 GND.n183 GND.n107 10.0423
R241 GND.n139 GND.n130 8.501
R242 GND.n139 GND.n131 8.501
R243 GND.n139 GND.n112 8.501
R244 GND.n204 GND.n74 8.501
R245 GND.n204 GND.n75 8.501
R246 GND.n194 GND.n193 8.501
R247 GND.n194 GND.n98 8.501
R248 GND.n194 GND.n95 8.501
R249 GND.n42 GND.n34 8.501
R250 GND.n183 GND.n182 8.501
R251 GND.n183 GND.n164 8.501
R252 GND.n183 GND.n163 8.501
R253 GND.n183 GND.n162 8.501
R254 GND.n183 GND.n161 8.501
R255 GND.n183 GND.n160 8.501
R256 GND.n183 GND.n159 8.501
R257 GND.n183 GND.n158 8.501
R258 GND.n129 GND.n121 8.501
R259 GND.n129 GND.n122 8.501
R260 GND.n129 GND.n123 8.501
R261 GND.n129 GND.n124 8.501
R262 GND.n129 GND.n125 8.501
R263 GND.n129 GND.n126 8.501
R264 GND.n129 GND.n127 8.501
R265 GND.n244 GND.n238 8.5005
R266 GND.n244 GND.n236 8.5005
R267 GND.n244 GND.n239 8.5005
R268 GND.n244 GND.n235 8.5005
R269 GND.n244 GND.n241 8.5005
R270 GND.n244 GND.n234 8.5005
R271 GND.n244 GND.n242 8.5005
R272 GND.n244 GND.n233 8.5005
R273 GND.n244 GND.n219 8.5005
R274 GND.n245 GND.n244 8.5005
R275 GND.n46 GND.n3 8.5005
R276 GND.n240 GND.n3 8.5005
R277 GND.n48 GND.n3 8.5005
R278 GND.n50 GND.n3 8.5005
R279 GND.n52 GND.n3 8.5005
R280 GND.n54 GND.n3 8.5005
R281 GND.n58 GND.n3 8.5005
R282 GND.n56 GND.n3 8.5005
R283 GND.n119 GND.n3 8.5005
R284 GND.n268 GND.n267 8.5005
R285 GND.n32 GND.t18 8.49257
R286 GND.t34 GND.n228 8.49227
R287 GND.t9 GND.n88 8.49227
R288 GND.t25 GND.n212 8.49226
R289 GND.n6 GND.n5 8.48271
R290 GND.n278 GND.n6 8.47405
R291 GND.n137 GND.n136 8.46995
R292 GND.n135 GND.n132 8.46995
R293 GND.n134 GND.n133 8.46995
R294 GND.n84 GND.n76 8.46995
R295 GND.n105 GND.n99 8.46995
R296 GND.n97 GND.n94 8.46995
R297 GND.n197 GND.n196 8.46995
R298 GND.n181 GND.n180 8.46995
R299 GND.n179 GND.n165 8.46995
R300 GND.n178 GND.n166 8.46995
R301 GND.n177 GND.n167 8.46995
R302 GND.n176 GND.n168 8.46995
R303 GND.n175 GND.n169 8.46995
R304 GND.n174 GND.n170 8.46995
R305 GND.n173 GND.n171 8.46995
R306 GND.n172 GND.n157 8.46995
R307 GND.n277 GND.n7 8.46995
R308 GND.n276 GND.n8 8.46995
R309 GND.n275 GND.n9 8.46995
R310 GND.n274 GND.n10 8.46995
R311 GND.n273 GND.n11 8.46995
R312 GND.n272 GND.n12 8.46995
R313 GND.n271 GND.n13 8.46995
R314 GND.n85 GND.n83 8.43912
R315 GND.n204 GND.n73 8.22652
R316 GND.n57 GND.n56 7.21699
R317 GND.n59 GND.n58 7.21699
R318 GND.n55 GND.n54 7.21699
R319 GND.n53 GND.n52 7.21699
R320 GND.n51 GND.n50 7.21699
R321 GND.n49 GND.n48 7.21699
R322 GND.n45 GND.t16 7.21699
R323 GND.n210 GND.t24 6.49893
R324 GND.n15 GND.t17 6.49893
R325 GND.n185 GND.t14 6.49859
R326 GND.n1 GND.t21 6.49859
R327 GND.n118 GND.t5 6.27586
R328 GND.n54 GND.t4 6.18607
R329 GND.t39 GND.n206 6.12795
R330 GND.t44 GND.n209 6.12795
R331 GND.n204 GND.n203 5.66778
R332 GND.n183 GND.n19 5.66778
R333 GND.n129 GND.n128 5.66778
R334 GND.n139 GND.n138 5.66767
R335 GND.n195 GND.n194 5.66767
R336 GND.n184 GND.n183 5.66767
R337 GND.n2 GND.t20 5.66258
R338 GND.n186 GND.t13 5.66232
R339 GND.n265 GND.n66 5.62486
R340 GND.n244 GND.n223 5.61714
R341 GND.n57 GND.n21 5.15514
R342 GND.n59 GND.n22 5.15514
R343 GND.n55 GND.n23 5.15514
R344 GND.n53 GND.n24 5.15514
R345 GND.n51 GND.n25 5.15514
R346 GND.n49 GND.n26 5.15514
R347 GND.n210 GND.t22 4.89895
R348 GND.n185 GND.t11 4.89895
R349 GND.n15 GND.t15 4.89895
R350 GND.n1 GND.t19 4.89895
R351 GND.n202 GND.n77 4.18804
R352 GND.n192 GND.n106 4.17796
R353 GND.n192 GND.n115 4.1779
R354 GND.n37 GND.t27 3.4061
R355 GND.n255 GND.t30 3.4061
R356 GND.n257 GND.t41 3.4061
R357 GND.n263 GND.t32 3.4061
R358 GND.n60 GND.t28 3.40501
R359 GND.n259 GND.t3 3.40501
R360 GND.t30 GND.n254 3.40362
R361 GND.n129 GND.n117 3.40126
R362 GND.n93 GND.n92 3.3291
R363 GND.n269 GND.n268 3.31213
R364 GND.n189 GND.n153 3.31201
R365 GND.n261 GND.t31 2.83564
R366 GND.n261 GND.t2 2.83544
R367 GND.n189 GND.n188 2.72379
R368 GND.n215 GND.n3 2.30515
R369 GND.n237 GND.n205 2.14511
R370 GND.n238 GND.n72 2.14511
R371 GND.n236 GND.n206 2.14511
R372 GND.n239 GND.n71 2.14511
R373 GND.n235 GND.n207 2.14511
R374 GND.n241 GND.n70 2.14511
R375 GND.n265 GND.n264 2.07312
R376 GND.n265 GND.n258 2.07312
R377 GND.n265 GND.n36 1.97148
R378 GND.n265 GND.n256 1.97054
R379 GND.n265 GND.n260 1.9655
R380 GND.n244 GND.n237 1.89014
R381 GND.n244 GND.n243 1.88939
R382 GND.t1 GND.t33 1.83874
R383 GND.n265 GND.n40 1.72271
R384 GND.n198 GND.n93 1.71373
R385 GND.n44 GND.n3 1.7005
R386 GND.n268 GND.n17 1.7005
R387 GND.n234 GND.n208 1.53236
R388 GND.n242 GND.n69 1.53236
R389 GND.n233 GND.n209 1.53236
R390 GND.n219 GND.n68 1.53236
R391 GND.n246 GND.n245 1.53236
R392 GND.n243 GND.n67 1.53236
R393 GND.n221 GND.n218 1.47277
R394 GND.n281 GND.n3 1.35173
R395 GND.n202 GND.n201 1.32917
R396 GND.n222 GND.n220 1.29245
R397 GND.n218 GND.n217 1.26483
R398 GND.t0 GND.t12 1.25573
R399 GND.n283 GND.n0 1.2539
R400 GND.n212 GND.n4 1.20951
R401 GND.n227 GND.n220 1.20585
R402 GND.n216 GND.n0 1.19118
R403 GND.n180 GND.n33 1.13645
R404 GND.n280 GND.n4 1.11325
R405 GND.n265 GND.n57 1.063
R406 GND.n266 GND.n265 1.063
R407 GND.n270 GND.n269 1.05054
R408 GND.n86 GND.n85 1.00068
R409 GND.n270 GND.n14 0.96926
R410 GND.n271 GND.n270 0.916266
R411 GND.n33 GND.n32 0.912268
R412 GND.n202 GND.n86 0.876485
R413 GND.n200 GND.n86 0.806398
R414 GND.n282 GND.n281 0.687483
R415 GND.n201 GND.n200 0.683116
R416 GND.n281 GND.n280 0.657535
R417 GND.n186 GND.n185 0.649337
R418 GND.n2 GND.n1 0.646834
R419 GND.n198 GND.n197 0.628599
R420 GND.n217 GND.n40 0.628453
R421 GND.n199 GND.n198 0.625647
R422 GND.n214 GND.n210 0.595857
R423 GND.n16 GND.n15 0.595857
R424 GND.n201 GND.n91 0.576448
R425 GND.n200 GND.n199 0.567167
R426 GND.n268 GND.n33 0.551981
R427 GND.n60 GND.n40 0.499503
R428 GND.n257 GND.n256 0.493914
R429 GND.n263 GND.n36 0.492387
R430 GND.n37 GND.n36 0.451169
R431 GND.n256 GND.n255 0.449497
R432 GND.n265 GND.n205 0.448618
R433 GND.n265 GND.n67 0.447868
R434 GND.n216 GND.n215 0.440364
R435 GND.n262 GND.n260 0.433972
R436 GND.n260 GND.n259 0.433554
R437 GND.n188 GND.n5 0.424019
R438 GND.n188 GND.n187 0.415481
R439 GND.n215 GND.n214 0.402162
R440 GND.n172 GND.n153 0.391587
R441 GND.n136 GND.n135 0.375045
R442 GND.n197 GND.n94 0.375045
R443 GND.n136 GND.n92 0.369985
R444 GND.n153 GND.n152 0.330244
R445 GND.n84 GND.n77 0.329009
R446 GND.n272 GND.n271 0.323711
R447 GND.n180 GND.n179 0.323711
R448 GND.n106 GND.n105 0.314577
R449 GND.n134 GND.n115 0.314059
R450 GND.n85 GND.n84 0.312031
R451 GND.n269 GND.n16 0.297881
R452 GND GND.n283 0.275525
R453 GND.n277 GND.n276 0.250378
R454 GND.n276 GND.n275 0.250378
R455 GND.n275 GND.n274 0.250378
R456 GND.n274 GND.n273 0.250378
R457 GND.n273 GND.n272 0.250378
R458 GND.n135 GND.n134 0.250378
R459 GND.n105 GND.n94 0.250378
R460 GND.n173 GND.n172 0.250378
R461 GND.n174 GND.n173 0.250378
R462 GND.n175 GND.n174 0.250378
R463 GND.n176 GND.n175 0.250378
R464 GND.n177 GND.n176 0.250378
R465 GND.n178 GND.n177 0.250378
R466 GND.n179 GND.n178 0.250378
R467 GND.n278 GND.n277 0.242184
R468 GND.n217 GND.n216 0.236214
R469 GND.n262 GND.n261 0.223993
R470 GND.n244 GND.n220 0.20167
R471 GND.n146 GND.n115 0.179999
R472 GND.n149 GND.n106 0.179488
R473 GND.n259 GND.n258 0.179071
R474 GND.n264 GND.n262 0.178682
R475 GND.n223 GND.n222 0.175769
R476 GND.n4 GND.n3 0.175549
R477 GND.n152 GND.n151 0.168395
R478 GND.n90 GND.n77 0.166087
R479 GND.n280 GND.n279 0.164976
R480 GND.n254 GND.n66 0.156923
R481 GND.n264 GND.n263 0.155158
R482 GND.n258 GND.n257 0.154769
R483 GND.n199 GND.n92 0.149018
R484 GND.n221 GND.n66 0.147836
R485 GND.n3 GND.n0 0.13437
R486 GND.n187 GND.n144 0.1325
R487 GND.n229 GND.n223 0.119769
R488 GND.n283 GND.n282 0.117833
R489 GND.n222 GND.n221 0.0978771
R490 GND.n279 GND.n278 0.0549118
R491 GND.n212 GND.n211 0.050482
R492 GND.n32 GND.n18 0.0492289
R493 GND.n279 GND.n5 0.0375878
R494 GND.n152 GND.n144 0.0316667
R495 GND.n232 GND.n227 0.027743
R496 GND.n231 GND.n226 0.027743
R497 GND.n230 GND.n225 0.027743
R498 GND.n229 GND.n224 0.027743
R499 GND.n90 GND.n78 0.027743
R500 GND.n87 GND.n79 0.027743
R501 GND.n89 GND.n80 0.027743
R502 GND.n91 GND.n82 0.027743
R503 GND.n146 GND.n101 0.027743
R504 GND.n147 GND.n110 0.027743
R505 GND.n148 GND.n103 0.027743
R506 GND.n149 GND.n108 0.027743
R507 GND.n228 GND.n226 0.026169
R508 GND.n228 GND.n225 0.026169
R509 GND.n88 GND.n79 0.026169
R510 GND.n88 GND.n80 0.026169
R511 GND.n38 GND.n37 0.0256087
R512 GND.n255 GND.n253 0.0256087
R513 GND.n65 GND.n62 0.024413
R514 GND.n64 GND.n39 0.024413
R515 GND.n63 GND.n61 0.024413
R516 GND.n251 GND.n247 0.024413
R517 GND.n250 GND.n248 0.024413
R518 GND.n252 GND.n249 0.024413
R519 GND.n151 GND.n145 0.0210607
R520 GND.n61 GND.n60 0.0184348
R521 GND.n254 GND.n247 0.0184348
R522 GND.n62 GND.n38 0.0172391
R523 GND.n65 GND.n64 0.0172391
R524 GND.n63 GND.n39 0.0172391
R525 GND.n251 GND.n248 0.0172391
R526 GND.n250 GND.n249 0.0172391
R527 GND.n253 GND.n252 0.0172391
R528 GND.n187 GND.n186 0.0170265
R529 GND.n282 GND.n2 0.0162641
R530 GND.n214 GND.n213 0.0155
R531 GND.n31 GND.n16 0.0149737
R532 GND.n151 GND.n150 0.0148925
R533 GND.n265 GND.n218 0.0100847
R534 GND.n232 GND.n231 0.00821028
R535 GND.n230 GND.n224 0.00821028
R536 GND.n87 GND.n78 0.00821028
R537 GND.n89 GND.n82 0.00821028
R538 GND.n147 GND.n101 0.00821028
R539 GND.n145 GND.n110 0.00821028
R540 GND.n150 GND.n103 0.00821028
R541 GND.n148 GND.n108 0.00821028
R542 GND.n213 GND.n211 0.0035
R543 GND.n31 GND.n18 0.00291228
R544 GND.n189 GND.n117 0.0021
R545 GND.n117 GND.n6 0.00189993
R546 GND.n181 GND.n19 0.00166667
R547 GND.n203 GND.n76 0.00166667
R548 GND.n128 GND.n13 0.00166667
R549 GND.n203 GND.n202 0.00133332
R550 GND.n268 GND.n19 0.00133332
R551 GND.n128 GND.n14 0.00133332
R552 GND.n202 GND.n73 0.00100904
R553 GND.n202 GND.n81 0.0010002
R554 GND.n184 GND.n157 0.001
R555 GND.n158 GND.n157 0.001
R556 GND.n171 GND.n159 0.001
R557 GND.n170 GND.n160 0.001
R558 GND.n169 GND.n161 0.001
R559 GND.n168 GND.n162 0.001
R560 GND.n167 GND.n163 0.001
R561 GND.n166 GND.n164 0.001
R562 GND.n182 GND.n165 0.001
R563 GND.n196 GND.n195 0.001
R564 GND.n196 GND.n95 0.001
R565 GND.n98 GND.n97 0.001
R566 GND.n193 GND.n99 0.001
R567 GND.n138 GND.n137 0.001
R568 GND.n137 GND.n130 0.001
R569 GND.n132 GND.n131 0.001
R570 GND.n133 GND.n112 0.001
R571 GND.n138 GND.n93 0.001
R572 GND.n132 GND.n130 0.001
R573 GND.n133 GND.n131 0.001
R574 GND.n202 GND.n74 0.001
R575 GND.n83 GND.n75 0.001
R576 GND.n83 GND.n74 0.001
R577 GND.n76 GND.n75 0.001
R578 GND.n195 GND.n93 0.001
R579 GND.n99 GND.n98 0.001
R580 GND.n97 GND.n95 0.001
R581 GND.n193 GND.n192 0.001
R582 GND.n192 GND.n112 0.001
R583 GND.n189 GND.n184 0.001
R584 GND.n182 GND.n181 0.001
R585 GND.n165 GND.n164 0.001
R586 GND.n166 GND.n163 0.001
R587 GND.n167 GND.n162 0.001
R588 GND.n168 GND.n161 0.001
R589 GND.n169 GND.n160 0.001
R590 GND.n170 GND.n159 0.001
R591 GND.n171 GND.n158 0.001
R592 GND.n121 GND.n6 0.001
R593 GND.n122 GND.n7 0.001
R594 GND.n123 GND.n8 0.001
R595 GND.n124 GND.n9 0.001
R596 GND.n125 GND.n10 0.001
R597 GND.n126 GND.n11 0.001
R598 GND.n127 GND.n12 0.001
R599 GND.n268 GND.n34 0.001
R600 GND.n121 GND.n7 0.001
R601 GND.n122 GND.n8 0.001
R602 GND.n123 GND.n9 0.001
R603 GND.n124 GND.n10 0.001
R604 GND.n125 GND.n11 0.001
R605 GND.n126 GND.n12 0.001
R606 GND.n127 GND.n13 0.001
R607 GND.n34 GND.n14 0.001
R608 a_29154_n2241.t0 a_29154_n2241.t1 5.80717
R609 a_16615_n1801.t0 a_16615_n1801.t1 5.80717
R610 a_29154_n1361.t0 a_29154_n1361.t1 5.80717
R611 a_16615_n921.t0 a_16615_n921.t1 5.80717
R612 a_29154_n481.t0 a_29154_n481.t1 5.80717
R613 a_16615_n41.t0 a_16615_n41.t1 5.80717
R614 a_29154_399.t0 a_29154_399.t1 5.80717
R615 a_29110_1469.t0 a_29110_1469.t1 5.80717
R616 a_22383_1593.t1 a_22383_1593.n0 17.0005
R617 a_22383_1593.t1 a_22383_1593.n1 3.65822
R618 a_22383_1593.n1 a_22383_1593.n0 0.141929
R619 a_22383_1593.n0 a_22383_1593.t0 5.51323
R620 a_22383_1593.n1 a_22383_1593.t2 6.64689
R621 a_16615_n2241.t2 a_16615_n2241.n1 5.83664
R622 a_16615_n2241.t2 a_16615_n2241.n0 5.58952
R623 a_16615_n2241.n0 a_16615_n2241.n11 0.392677
R624 a_16615_n2241.n1 a_16615_n2241.n0 0.284953
R625 a_16615_n2241.n2 a_16615_n2241.t3 4.89895
R626 a_16615_n2241.n3 a_16615_n2241.t4 4.89895
R627 a_16615_n2241.n4 a_16615_n2241.t6 4.89895
R628 a_16615_n2241.n5 a_16615_n2241.t7 4.89895
R629 a_16615_n2241.n6 a_16615_n2241.t9 4.89895
R630 a_16615_n2241.n7 a_16615_n2241.t10 4.89895
R631 a_16615_n2241.n10 a_16615_n2241.t12 5.37056
R632 a_16615_n2241.n11 a_16615_n2241.n2 0.39992
R633 a_16615_n2241.n2 a_16615_n2241.n3 0.944061
R634 a_16615_n2241.n3 a_16615_n2241.n8 0.472454
R635 a_16615_n2241.n8 a_16615_n2241.n4 0.472107
R636 a_16615_n2241.n4 a_16615_n2241.n5 2.70406
R637 a_16615_n2241.n5 a_16615_n2241.n9 0.472454
R638 a_16615_n2241.n9 a_16615_n2241.n6 0.472107
R639 a_16615_n2241.n6 a_16615_n2241.n7 0.944061
R640 a_16615_n2241.n7 a_16615_n2241.n10 0.472454
R641 a_16615_n2241.n11 a_16615_n2241.t1 5.29872
R642 a_16615_n2241.n10 a_16615_n2241.t11 3.40658
R643 a_16615_n2241.n9 a_16615_n2241.t8 3.40658
R644 a_16615_n2241.n8 a_16615_n2241.t5 3.40658
R645 a_16615_n2241.n1 a_16615_n2241.t0 15.3421
R646 a_22924_1909.t0 a_22924_1909.t1 18.4539
R647 a_28333_5586.t0 a_28333_5586.t1 5.80717
R648 a_27893_2506.t0 a_27893_2506.t1 5.80717
R649 a_27453_5586.t0 a_27453_5586.t1 5.80717
R650 a_27013_2506.t0 a_27013_2506.t1 5.80717
R651 a_26573_5586.t0 a_26573_5586.t1 5.80717
R652 a_26133_2506.t0 a_26133_2506.t1 5.80717
R653 a_25693_5586.t0 a_25693_5586.t1 5.80717
R654 a_25253_2506.t0 a_25253_2506.t1 5.80717
R655 a_24813_5586.t0 a_24813_5586.t1 5.80717
R656 a_24373_2506.t0 a_24373_2506.t1 5.80717
R657 a_23933_5586.t0 a_23933_5586.t1 5.80717
R658 a_23493_2506.t0 a_23493_2506.t1 5.80717
R659 a_23053_5586.t0 a_23053_5586.t1 5.80717
R660 a_22613_2506.t0 a_22613_2506.t1 5.80717
R661 a_22173_5586.t0 a_22173_5586.t1 5.80717
R662 a_21733_2506.t0 a_21733_2506.t1 5.80717
R663 a_21295_5586.t0 a_21295_5586.t1 5.8035
R664 a_19533_2506.t0 a_19533_2506.n2 2.5005
R665 a_19533_2506.n0 a_19533_2506.t2 2.5005
R666 a_19533_2506.n1 a_19533_2506.t4 2.5005
R667 a_19533_2506.n2 a_19533_2506.t1 3.309
R668 a_19533_2506.n2 a_19533_2506.n0 0.805333
R669 a_19533_2506.n0 a_19533_2506.n1 0.807167
R670 a_19533_2506.n1 a_19533_2506.t3 3.31083
R671 a_16929_2380.n0 a_16929_2380.t4 7.62286
R672 a_16929_2380.t0 a_16929_2380.n0 5.73536
R673 a_16929_2380.n0 a_16929_2380.n1 13.6163
R674 a_16929_2380.n1 a_16929_2380.t2 5.73536
R675 a_16929_2380.n1 a_16929_2380.n2 0.257802
R676 a_16929_2380.n2 a_16929_2380.t1 5.22847
R677 a_16929_2380.n2 a_16929_2380.t3 5.22669
R678 a_16965_2312.t3 a_16965_2312.n0 7.62263
R679 a_16965_2312.n0 a_16965_2312.t2 5.73536
R680 a_16965_2312.n0 a_16965_2312.n1 40.1914
R681 a_16965_2312.n1 a_16965_2312.t0 5.01642
R682 a_16965_2312.n1 a_16965_2312.t1 3.65549
R683 a_16615_839.n0 a_16615_839.t2 8.61576
R684 a_16615_839.t0 a_16615_839.n0 5.73536
R685 a_16615_839.n0 a_16615_839.t1 22.3282
R686 a_16929_2002.t4 a_16929_2002.n3 5.99586
R687 a_16929_2002.n3 a_16929_2002.t3 5.22669
R688 a_16929_2002.n2 a_16929_2002.n0 0.257802
R689 a_16929_2002.n3 a_16929_2002.n2 3.90629
R690 a_16929_2002.n2 a_16929_2002.t1 5.22669
R691 a_16929_2002.n0 a_16929_2002.t2 5.73536
R692 a_16929_2002.n0 a_16929_2002.n1 13.6163
R693 a_16929_2002.n1 a_16929_2002.t0 8.61619
R694 a_16929_2002.n1 a_16929_2002.t5 5.73536
R695 a_16747_4177.n0 a_16747_4177.t0 11.838
R696 a_16747_4177.t1 a_16747_4177.n0 5.73536
R697 a_16747_4177.n0 a_16747_4177.n3 8.44583
R698 a_16747_4177.n3 a_16747_4177.t5 19.7325
R699 a_16747_4177.n1 a_16747_4177.t3 5.73536
R700 a_16747_4177.n3 a_16747_4177.n1 6.01745
R701 a_16747_4177.n1 a_16747_4177.n2 0.252563
R702 a_16747_4177.n2 a_16747_4177.t4 5.25116
R703 a_16747_4177.n2 a_16747_4177.t2 5.25038
R704 a_17030_5142.n0 a_17030_5142.n3 0.900759
R705 a_17030_5142.t3 a_17030_5142.n0 5.73536
R706 a_17030_5142.n3 a_17030_5142.t1 1.95322
R707 a_17030_5142.n3 a_17030_5142.t2 6.63978
R708 a_17030_5142.n0 a_17030_5142.n2 7.30392
R709 a_17030_5142.n2 a_17030_5142.t0 10.754
R710 a_17030_5142.n1 a_17030_5142.t4 5.73536
R711 a_17030_5142.n2 a_17030_5142.n1 7.15935
R712 a_17030_5142.n1 a_17030_5142.t5 10.1599
R713 a_16783_4377.t1 a_16783_4377.n1 5.86022
R714 a_16783_4377.t1 a_16783_4377.n0 5.58952
R715 a_16783_4377.n0 a_16783_4377.t0 5.75439
R716 a_16783_4377.n0 a_16783_4377.n1 0.261382
R717 a_16783_4377.n1 a_16783_4377.n2 5.16355
R718 a_16783_4377.n2 a_16783_4377.t2 7.62519
R719 a_16783_4377.n2 a_16783_4377.t3 14.0418
C40 VREF GND 1.76313f
C41 VDD GND 1.06694f
C42 a_16701_n2241# GND 14.2551f
C43 a_16701_n1801# GND 12.0759f
C44 a_16701_n1361# GND 12.0759f
C45 a_16701_n921# GND 12.0759f
C46 a_16701_n481# GND 12.0807f
C47 a_16701_n41# GND 12.105f
C48 a_16701_399# GND 12.1473f
C49 a_16701_839# GND 14.185f
C50 a_26116_1469# GND 3.23138f
C51 a_23010_1469# GND 3.23201f
C52 a_26116_1909# GND 3.22314f
C53 a_23010_1909# GND 3.22518f
C54 a_28773_2592# GND 3.42726f
C55 a_28333_2592# GND 2.90333f
C56 a_27893_2592# GND 2.90333f
C57 a_27453_2592# GND 2.90333f
C58 a_27013_2592# GND 2.90333f
C59 a_26573_2592# GND 2.90333f
C60 a_26133_2592# GND 2.90333f
C61 a_25693_2592# GND 2.90333f
C62 a_25253_2592# GND 2.90333f
C63 a_24813_2592# GND 2.90333f
C64 a_24373_2592# GND 2.90333f
C65 a_23933_2592# GND 2.90333f
C66 a_23493_2592# GND 2.90333f
C67 a_23053_2592# GND 2.90333f
C68 a_22613_2592# GND 2.90351f
C69 a_22173_2592# GND 2.90351f
C70 a_21733_2592# GND 2.89686f
C71 a_21295_2592# GND 2.90344f
C72 a_20853_2592# GND 2.90991f
C73 a_20413_2592# GND 2.90002f
C74 a_19974_2592# GND 2.90332f
C75 a_19533_2592# GND 3.04311f
C76 a_16783_4377.t1 GND 0.07869f $ **FLOATING
C77 a_16783_4377.n0 GND 0.03871f $ **FLOATING
C78 a_16783_4377.n1 GND 0.07806f $ **FLOATING
C79 a_16783_4377.n2 GND 0.78486f $ **FLOATING
C80 a_16783_4377.t3 GND 0.27684f $ **FLOATING
C81 a_16783_4377.t2 GND 0.1257f $ **FLOATING
C82 a_16783_4377.t0 GND 0.25855f $ **FLOATING
C83 a_17030_5142.t3 GND 0.07601f $ **FLOATING
C84 a_17030_5142.n0 GND 0.13762f $ **FLOATING
C85 a_17030_5142.n1 GND 0.39794f $ **FLOATING
C86 a_17030_5142.t4 GND 0.07601f $ **FLOATING
C87 a_17030_5142.t5 GND 0.17277f $ **FLOATING
C88 a_17030_5142.t0 GND 1.19628f $ **FLOATING
C89 a_17030_5142.n2 GND 2.83775f $ **FLOATING
C90 a_17030_5142.t1 GND 1.82497f $ **FLOATING
C91 a_17030_5142.n3 GND 0.15015f $ **FLOATING
C92 a_17030_5142.t2 GND 0.08747f $ **FLOATING
C93 a_16747_4177.t1 GND 0.09128f $ **FLOATING
C94 a_16747_4177.n0 GND 0.66017f $ **FLOATING
C95 a_16747_4177.n1 GND 0.08643f $ **FLOATING
C96 a_16747_4177.t3 GND 0.10191f $ **FLOATING
C97 a_16747_4177.t4 GND 0.71597f $ **FLOATING
C98 a_16747_4177.t2 GND 0.71596f $ **FLOATING
C99 a_16747_4177.n2 GND 0.29915f $ **FLOATING
C100 a_16747_4177.n3 GND 0.98855f $ **FLOATING
C101 a_16747_4177.t5 GND 1.29597f $ **FLOATING
C102 a_16747_4177.t0 GND 0.28392f $ **FLOATING
C103 a_16929_2002.t4 GND 0.0924f $ **FLOATING
C104 a_16929_2002.n0 GND 0.26368f $ **FLOATING
C105 a_16929_2002.t2 GND 0.09019f $ **FLOATING
C106 a_16929_2002.n1 GND 0.52977f $ **FLOATING
C107 a_16929_2002.t5 GND 0.09019f $ **FLOATING
C108 a_16929_2002.t0 GND 0.15365f $ **FLOATING
C109 a_16929_2002.t1 GND 0.32384f $ **FLOATING
C110 a_16929_2002.n2 GND 0.26926f $ **FLOATING
C111 a_16929_2002.t3 GND 0.32384f $ **FLOATING
C112 a_16929_2002.n3 GND 0.31752f $ **FLOATING
C113 a_16615_839.t0 GND 0.08112f $ **FLOATING
C114 a_16615_839.n0 GND 0.57342f $ **FLOATING
C115 a_16615_839.t1 GND 0.73703f $ **FLOATING
C116 a_16615_839.t2 GND 0.1382f $ **FLOATING
C117 a_16965_2312.t3 GND 0.1009f $ **FLOATING
C118 a_16965_2312.n0 GND 0.78878f $ **FLOATING
C119 a_16965_2312.t2 GND 0.07243f $ **FLOATING
C120 a_16965_2312.n1 GND 0.84303f $ **FLOATING
C121 a_16965_2312.t0 GND 0.46943f $ **FLOATING
C122 a_16965_2312.t1 GND 0.16007f $ **FLOATING
C123 a_16929_2380.t0 GND 0.13393f $ **FLOATING
C124 a_16929_2380.n0 GND 0.69066f $ **FLOATING
C125 a_16929_2380.n1 GND 0.39154f $ **FLOATING
C126 a_16929_2380.t2 GND 0.14951f $ **FLOATING
C127 a_16929_2380.t1 GND 0.48087f $ **FLOATING
C128 a_16929_2380.t3 GND 0.48086f $ **FLOATING
C129 a_16929_2380.n2 GND 0.2034f $ **FLOATING
C130 a_16929_2380.t4 GND 0.18656f $ **FLOATING
C131 a_19533_2506.t0 GND 0.06391f $ **FLOATING
C132 a_19533_2506.t1 GND 0.07526f $ **FLOATING
C133 a_19533_2506.t2 GND 0.06391f $ **FLOATING
C134 a_19533_2506.n0 GND 0.04899f $ **FLOATING
C135 a_19533_2506.t4 GND 0.06391f $ **FLOATING
C136 a_19533_2506.n1 GND 0.08426f $ **FLOATING
C137 a_19533_2506.t3 GND 0.07529f $ **FLOATING
C138 a_19533_2506.n2 GND 0.08413f $ **FLOATING
C139 a_21295_5586.t0 GND 0.15383f $ **FLOATING
C140 a_21295_5586.t1 GND 0.15387f $ **FLOATING
C141 a_21733_2506.t0 GND 0.16277f $ **FLOATING
C142 a_21733_2506.t1 GND 0.16277f $ **FLOATING
C143 a_22173_5586.t0 GND 0.15417f $ **FLOATING
C144 a_22173_5586.t1 GND 0.15417f $ **FLOATING
C145 a_22613_2506.t0 GND 0.23046f $ **FLOATING
C146 a_22613_2506.t1 GND 0.23046f $ **FLOATING
C147 a_23053_5586.t0 GND 0.15417f $ **FLOATING
C148 a_23053_5586.t1 GND 0.15417f $ **FLOATING
C149 a_23493_2506.t0 GND 0.25571f $ **FLOATING
C150 a_23493_2506.t1 GND 0.25571f $ **FLOATING
C151 a_23933_5586.t0 GND 0.15417f $ **FLOATING
C152 a_23933_5586.t1 GND 0.15417f $ **FLOATING
C153 a_24373_2506.t0 GND 0.25569f $ **FLOATING
C154 a_24373_2506.t1 GND 0.25569f $ **FLOATING
C155 a_24813_5586.t0 GND 0.15417f $ **FLOATING
C156 a_24813_5586.t1 GND 0.15417f $ **FLOATING
C157 a_25253_2506.t0 GND 0.25806f $ **FLOATING
C158 a_25253_2506.t1 GND 0.25806f $ **FLOATING
C159 a_25693_5586.t0 GND 0.15417f $ **FLOATING
C160 a_25693_5586.t1 GND 0.15417f $ **FLOATING
C161 a_26133_2506.t0 GND 0.25569f $ **FLOATING
C162 a_26133_2506.t1 GND 0.25569f $ **FLOATING
C163 a_26573_5586.t0 GND 0.15417f $ **FLOATING
C164 a_26573_5586.t1 GND 0.15417f $ **FLOATING
C165 a_27013_2506.t0 GND 0.25569f $ **FLOATING
C166 a_27013_2506.t1 GND 0.25569f $ **FLOATING
C167 a_27453_5586.t0 GND 0.15417f $ **FLOATING
C168 a_27453_5586.t1 GND 0.15417f $ **FLOATING
C169 a_27893_2506.t0 GND 0.25569f $ **FLOATING
C170 a_27893_2506.t1 GND 0.25569f $ **FLOATING
C171 a_28333_5586.t0 GND 0.11722f $ **FLOATING
C172 a_28333_5586.t1 GND 0.11722f $ **FLOATING
C173 a_22924_1909.t0 GND 1.21987f $ **FLOATING
C174 a_22924_1909.t1 GND 1.27165f $ **FLOATING
C175 a_16615_n2241.t2 GND 0.05475f $ **FLOATING
C176 a_16615_n2241.n1 GND 0.54466f $ **FLOATING
C177 a_16615_n2241.t0 GND 1.62371f $ **FLOATING
C178 a_16615_n2241.t3 GND 0.15912f $ **FLOATING
C179 a_16615_n2241.n2 GND 0.0105f $ **FLOATING
C180 a_16615_n2241.t4 GND 0.15912f $ **FLOATING
C181 a_16615_n2241.n3 GND 0.01122f $ **FLOATING
C182 a_16615_n2241.t6 GND 0.15912f $ **FLOATING
C183 a_16615_n2241.n4 GND 0.02586f $ **FLOATING
C184 a_16615_n2241.t7 GND 0.15912f $ **FLOATING
C185 a_16615_n2241.n5 GND 0.02587f $ **FLOATING
C186 a_16615_n2241.t9 GND 0.15912f $ **FLOATING
C187 a_16615_n2241.n6 GND 0.01122f $ **FLOATING
C188 a_16615_n2241.t10 GND 0.15912f $ **FLOATING
C189 a_16615_n2241.n7 GND 0.01122f $ **FLOATING
C190 a_16615_n2241.t12 GND 0.15989f $ **FLOATING
C191 a_16615_n2241.t5 GND 0.0582f $ **FLOATING
C192 a_16615_n2241.n8 GND 0.03022f $ **FLOATING
C193 a_16615_n2241.t8 GND 0.0582f $ **FLOATING
C194 a_16615_n2241.n9 GND 0.03022f $ **FLOATING
C195 a_16615_n2241.t11 GND 0.0582f $ **FLOATING
C196 a_16615_n2241.n10 GND 0.03816f $ **FLOATING
C197 a_16615_n2241.t1 GND 0.15972f $ **FLOATING
C198 a_16615_n2241.n11 GND 0.02314f $ **FLOATING
C199 a_22383_1593.t1 GND 0.02356f $ **FLOATING
C200 a_22383_1593.n1 GND 0.07806f $ **FLOATING
C201 a_22383_1593.t2 GND 0.07326f $ **FLOATING
C202 a_22383_1593.t0 GND 0.07545f $ **FLOATING
C203 a_26004_1909.t0 GND 0.26434f $ **FLOATING
C204 a_29110_1469.t0 GND 0.09267f $ **FLOATING
C205 a_29110_1469.t1 GND 0.09267f $ **FLOATING
C206 a_26004_1469.t0 GND 0.2532f $ **FLOATING
C207 a_29154_399.t0 GND 0.12014f $ **FLOATING
C208 a_29154_399.t1 GND 0.12014f $ **FLOATING
C209 a_16615_n41.t0 GND 0.15831f $ **FLOATING
C210 a_16615_n41.t1 GND 0.15831f $ **FLOATING
C211 a_29154_n481.t0 GND 0.15424f $ **FLOATING
C212 a_29154_n481.t1 GND 0.15424f $ **FLOATING
C213 a_16615_n921.t0 GND 0.15457f $ **FLOATING
C214 a_16615_n921.t1 GND 0.15457f $ **FLOATING
C215 a_29154_n1361.t0 GND 0.15417f $ **FLOATING
C216 a_29154_n1361.t1 GND 0.15417f $ **FLOATING
C217 a_16615_n1801.t0 GND 0.15637f $ **FLOATING
C218 a_16615_n1801.t1 GND 0.15637f $ **FLOATING
C219 a_29154_n2241.t0 GND 0.11722f $ **FLOATING
C220 a_29154_n2241.t1 GND 0.11722f $ **FLOATING
C221 VDD.t5 GND 0.02131f $ **FLOATING
C222 VDD.t3 GND 0.01588f $ **FLOATING
C223 VDD.n0 GND 0.04792f $ **FLOATING
C224 VDD.t1 GND 0.01546f $ **FLOATING
C225 VDD.n1 GND 0.01951f $ **FLOATING
C226 VDD.n2 GND 0.27494f $ **FLOATING
C227 VDD.n3 GND 0.7736f $ **FLOATING
C228 VDD.n4 GND 0.06275f $ **FLOATING
C229 VDD.n5 GND 0.12228f $ **FLOATING
C230 VDD.t11 GND 0.04969f $ **FLOATING
C231 VDD.t12 GND 0.01493f $ **FLOATING
C232 VDD.n6 GND 0.01421f $ **FLOATING
C233 VDD.t13 GND 0.01379f $ **FLOATING
C234 VDD.n7 GND 0.03479f $ **FLOATING
C235 VDD.n8 GND 0.12591f $ **FLOATING
C236 VDD.n9 GND 0.13228f $ **FLOATING
C237 VDD.t8 GND 0.04969f $ **FLOATING
C238 VDD.t10 GND 0.01493f $ **FLOATING
C239 VDD.n10 GND 0.01421f $ **FLOATING
C240 VDD.t9 GND 0.01379f $ **FLOATING
C241 VDD.n11 GND 0.03266f $ **FLOATING
C242 VDD.n12 GND 0.08568f $ **FLOATING
C243 VDD.n14 GND 0.48663f $ **FLOATING
C244 VDD.t0 GND 4.74462f $ **FLOATING
C245 VDD.n15 GND 0.31991f $ **FLOATING
C246 VDD.n16 GND 0.04466f $ **FLOATING
C247 VDD.t7 GND 0.03642f $ **FLOATING
C248 VDD.n17 GND 0.22937f $ **FLOATING
C249 VREF.t0 GND 0.08911f $ **FLOATING
C250 VREF.t1 GND 0.05211f $ **FLOATING
C251 VREF.n0 GND 0.26417f $ **FLOATING
C252 VREF.t5 GND 0.1535f $ **FLOATING
C253 VREF.t4 GND 0.13041f $ **FLOATING
C254 VREF.n1 GND 0.17151f $ **FLOATING
C255 VREF.t2 GND 0.13041f $ **FLOATING
C256 VREF.n2 GND 0.10009f $ **FLOATING
C257 VREF.t3 GND 0.13041f $ **FLOATING
C258 VREF.n3 GND 0.12401f $ **FLOATING
C259 VREF.n4 GND 1.99762f $ **FLOATING
.ends

