# Logfile created on 2026-03-27 03:01:28 +0100 by logger.rb/v1.5.3
2026-03-27 03:01:28 +0100: Memory Usage (436628K) : Starting running IHP-SG13G2 Klayout DRC Density runset on /foss/designs/POR.gds
2026-03-27 03:01:28 +0100: Memory Usage (436628K) : Ruby Version for klayout: 3.2.3
2026-03-27 03:01:28 +0100: Memory Usage (437908K) : Loading database to memory is complete.
2026-03-27 03:01:28 +0100: Memory Usage (437908K) : IHP-SG13G2 Klayout DRC Density runset output at: /foss/designs/drc_run_POR/POR_POR_density.lyrdb
2026-03-27 03:01:28 +0100: Memory Usage (437908K) : Evaluate switches.
2026-03-27 03:01:28 +0100: Memory Usage (437908K) : KLayout will use 1 thread(s) in tiling mode.
2026-03-27 03:01:28 +0100: Memory Usage (437908K) : Deep mode enabled: reading layers and preparing general derivations.
2026-03-27 03:01:28 +0100: Memory Usage (437908K) : PreCheck DRC enabled: false
2026-03-27 03:01:28 +0100: Memory Usage (437908K) : Read in polygons from layers.
2026-03-27 03:01:28 +0100: Memory Usage (439700K) : activ_drw has 159 polygons
2026-03-27 03:01:28 +0100: Memory Usage (439700K) : activ_mask has 0 polygons
2026-03-27 03:01:28 +0100: Memory Usage (439700K) : activ_filler has 0 polygons
2026-03-27 03:01:28 +0100: Memory Usage (439700K) : gatpoly_drw has 140 polygons
2026-03-27 03:01:28 +0100: Memory Usage (439700K) : gatpoly_filler has 0 polygons
2026-03-27 03:01:28 +0100: Memory Usage (439700K) : metal1_drw has 335 polygons
2026-03-27 03:01:28 +0100: Memory Usage (439700K) : metal1_filler has 0 polygons
2026-03-27 03:01:28 +0100: Memory Usage (439700K) : metal1_slit has 0 polygons
2026-03-27 03:01:28 +0100: Memory Usage (439700K) : metal2_drw has 100 polygons
2026-03-27 03:01:28 +0100: Memory Usage (439700K) : metal2_filler has 0 polygons
2026-03-27 03:01:28 +0100: Memory Usage (439700K) : metal2_slit has 0 polygons
2026-03-27 03:01:28 +0100: Memory Usage (439700K) : metal3_drw has 67 polygons
2026-03-27 03:01:28 +0100: Memory Usage (439700K) : metal3_filler has 0 polygons
2026-03-27 03:01:28 +0100: Memory Usage (439828K) : metal3_slit has 0 polygons
2026-03-27 03:01:28 +0100: Memory Usage (439828K) : metal4_drw has 9 polygons
2026-03-27 03:01:28 +0100: Memory Usage (439828K) : metal4_filler has 0 polygons
2026-03-27 03:01:28 +0100: Memory Usage (439956K) : metal4_slit has 0 polygons
2026-03-27 03:01:28 +0100: Memory Usage (439956K) : metal5_drw has 13 polygons
2026-03-27 03:01:28 +0100: Memory Usage (439956K) : metal5_filler has 0 polygons
2026-03-27 03:01:28 +0100: Memory Usage (439956K) : metal5_slit has 0 polygons
2026-03-27 03:01:28 +0100: Memory Usage (440084K) : topmetal1_drw has 6 polygons
2026-03-27 03:01:28 +0100: Memory Usage (440084K) : topmetal1_filler has 0 polygons
2026-03-27 03:01:28 +0100: Memory Usage (440084K) : topmetal1_slit has 0 polygons
2026-03-27 03:01:28 +0100: Memory Usage (440212K) : topmetal2_drw has 3 polygons
2026-03-27 03:01:28 +0100: Memory Usage (440212K) : topmetal2_filler has 0 polygons
2026-03-27 03:01:28 +0100: Memory Usage (440212K) : topmetal2_slit has 0 polygons
2026-03-27 03:01:28 +0100: Memory Usage (440340K) : lbe_drw has 0 polygons
2026-03-27 03:01:28 +0100: Memory Usage (440340K) : Loaded TECH DRC rules values from /foss/pdks/ihp-sg13g2/libs.tech/klayout/python/sg13g2_pycell_lib/sg13g2_tech_mod.json
2026-03-27 03:01:28 +0100: Memory Usage (440340K) : Loaded default DRC rules values from /foss/pdks/ihp-sg13g2/libs.tech/klayout/tech/drc/rule_decks/sg13g2_tech_default.json
2026-03-27 03:01:28 +0100: Memory Usage (440340K) : The following rules values were missing in tech json and default values were used:
2026-03-27 03:01:28 +0100: Memory Usage (440340K) :   - Cnt_c_digibnd
2026-03-27 03:01:28 +0100: Memory Usage (441636K) : Total area of the design is 3580.2159 um^2.
2026-03-27 03:01:28 +0100: Memory Usage (441636K) : Starting density IHP-SG13G2 derivations.
2026-03-27 03:01:28 +0100: Memory Usage (442276K) : Starting IHP-SG13G2 DENSITY DRC rules.
2026-03-27 03:01:28 +0100: Memory Usage (442276K) : Tiling mode enabled: executing rules with chip tiling applied.
2026-03-27 03:01:28 +0100: Memory Usage (442276K) : Computing activ area and density...
2026-03-27 03:01:28 +0100: Memory Usage (442944K) : Executing rule AFil.g
2026-03-27 03:01:28 +0100: Memory Usage (443072K) : Executing rule AFil.g1
2026-03-27 03:01:28 +0100: Memory Usage (443072K) : Executing rule AFil.g2
2026-03-27 03:01:28 +0100: Memory Usage (443072K) : Executing rule AFil.g3
2026-03-27 03:01:28 +0100: Memory Usage (443200K) : Computing poly area and density...
2026-03-27 03:01:28 +0100: Memory Usage (443200K) : Executing rule GFil.g
2026-03-27 03:01:28 +0100: Memory Usage (443328K) : Computing metal1 area and density...
2026-03-27 03:01:28 +0100: Memory Usage (443328K) : Executing rule M1.j
2026-03-27 03:01:28 +0100: Memory Usage (443328K) : Executing rule M1.k
2026-03-27 03:01:28 +0100: Memory Usage (443328K) : Computing metal2 area and density...
2026-03-27 03:01:28 +0100: Memory Usage (443456K) : Computing metal3 area and density...
2026-03-27 03:01:28 +0100: Memory Usage (443456K) : Computing metal4 area and density...
2026-03-27 03:01:28 +0100: Memory Usage (443456K) : Computing metal5 area and density...
2026-03-27 03:01:28 +0100: Memory Usage (443456K) : Executing rule M2.j
2026-03-27 03:01:28 +0100: Memory Usage (443584K) : Executing rule M2.k
2026-03-27 03:01:28 +0100: Memory Usage (443584K) : Executing rule M3.j
2026-03-27 03:01:28 +0100: Memory Usage (443584K) : Executing rule M3.k
2026-03-27 03:01:28 +0100: Memory Usage (443584K) : Executing rule M4.j
2026-03-27 03:01:28 +0100: Memory Usage (443584K) : Executing rule M4.k
2026-03-27 03:01:28 +0100: Memory Usage (443584K) : Executing rule M5.j
2026-03-27 03:01:28 +0100: Memory Usage (443584K) : Executing rule M5.k
2026-03-27 03:01:28 +0100: Memory Usage (443712K) : Executing rule M1Fil.h
2026-03-27 03:01:28 +0100: Memory Usage (443712K) : Executing rule M1Fil.k
2026-03-27 03:01:28 +0100: Memory Usage (443840K) : Executing rule M2Fil.h
2026-03-27 03:01:28 +0100: Memory Usage (443840K) : Executing rule M2Fil.k
2026-03-27 03:01:28 +0100: Memory Usage (443968K) : Executing rule M3Fil.h
2026-03-27 03:01:28 +0100: Memory Usage (444096K) : Executing rule M3Fil.k
2026-03-27 03:01:28 +0100: Memory Usage (444096K) : Executing rule M4Fil.h
2026-03-27 03:01:28 +0100: Memory Usage (444224K) : Executing rule M4Fil.k
2026-03-27 03:01:28 +0100: Memory Usage (444224K) : Executing rule M5Fil.h
2026-03-27 03:01:28 +0100: Memory Usage (444352K) : Executing rule M5Fil.k
2026-03-27 03:01:28 +0100: Memory Usage (444480K) : Computing TopMetal1 area and density...
2026-03-27 03:01:28 +0100: Memory Usage (444480K) : Executing rule TM1.c
2026-03-27 03:01:28 +0100: Memory Usage (444480K) : Executing rule TM1.d
2026-03-27 03:01:28 +0100: Memory Usage (444480K) : Computing TopMetal2 area and density...
2026-03-27 03:01:28 +0100: Memory Usage (444480K) : Executing rule TM2.c
2026-03-27 03:01:28 +0100: Memory Usage (444480K) : Executing rule TM2.d
2026-03-27 03:01:28 +0100: Memory Usage (444480K) : Computing LBE area and density...
2026-03-27 03:01:28 +0100: Memory Usage (444608K) : Executing rule LBE.i
2026-03-27 03:01:28 +0100: Memory Usage (444608K) : Executing rule Slt.i_M1
2026-03-27 03:01:28 +0100: Memory Usage (444780K) : Executing rule Slt.i_M2
2026-03-27 03:01:29 +0100: Memory Usage (444780K) : Executing rule Slt.i_M3
2026-03-27 03:01:29 +0100: Memory Usage (444780K) : Executing rule Slt.i_M4
2026-03-27 03:01:29 +0100: Memory Usage (444780K) : Executing rule Slt.i_M5
2026-03-27 03:01:29 +0100: Memory Usage (444780K) : Executing rule Slt.i_TM1
2026-03-27 03:01:29 +0100: Memory Usage (444780K) : Executing rule Slt.i_TM2
2026-03-27 03:01:29 +0100: Memory Usage (444780K) : ##################################################
2026-03-27 03:01:29 +0100: Memory Usage (444780K) :                  Density Report                 #
2026-03-27 03:01:29 +0100: Memory Usage (444780K) : ##################################################
2026-03-27 03:01:29 +0100: Memory Usage (444780K) : 
2026-03-27 03:01:29 +0100: Memory Usage (444780K) : Layer areas and percentages (units: um^2)
2026-03-27 03:01:29 +0100: Memory Usage (444780K) : --------------------------------------------------
2026-03-27 03:01:29 +0100: Memory Usage (444780K) : 
2026-03-27 03:01:29 +0100: Memory Usage (444780K) : Total Area     = 3580.22 um^2
2026-03-27 03:01:29 +0100: Memory Usage (444780K) : 
2026-03-27 03:01:29 +0100: Memory Usage (444780K) : Activ      Area      = 104.73 µm²
2026-03-27 03:01:29 +0100: Memory Usage (444780K) : Activ      Density % =  2.93%  [Min = 35.00%,  Max = 55.00%]
2026-03-27 03:01:29 +0100: Memory Usage (444780K) : 
2026-03-27 03:01:29 +0100: Memory Usage (444780K) : GatPoly    Area      = 59.83 µm²
2026-03-27 03:01:29 +0100: Memory Usage (444780K) : GatPoly    Density % =  1.67%  [Min = 15.00%]
2026-03-27 03:01:29 +0100: Memory Usage (444780K) : 
2026-03-27 03:01:29 +0100: Memory Usage (444780K) : Metal1     Area      = 93.96 µm²
2026-03-27 03:01:29 +0100: Memory Usage (444780K) : Metal1     Density % =  2.62%  [Min = 35.00%,  Max = 60.00%]
2026-03-27 03:01:29 +0100: Memory Usage (444780K) : 
2026-03-27 03:01:29 +0100: Memory Usage (444780K) : Metal2     Area      = 74.55 µm²
2026-03-27 03:01:29 +0100: Memory Usage (444780K) : Metal2     Density % =  2.08%  [Min = 35.00%,  Max = 60.00%]
2026-03-27 03:01:29 +0100: Memory Usage (444780K) : 
2026-03-27 03:01:29 +0100: Memory Usage (444780K) : Metal3     Area      = 34.51 µm²
2026-03-27 03:01:29 +0100: Memory Usage (444780K) : Metal3     Density % =  0.96%  [Min = 35.00%,  Max = 60.00%]
2026-03-27 03:01:29 +0100: Memory Usage (444780K) : 
2026-03-27 03:01:29 +0100: Memory Usage (444780K) : Metal4     Area      =  1.48 µm²
2026-03-27 03:01:29 +0100: Memory Usage (444780K) : Metal4     Density % =  0.04%  [Min = 35.00%,  Max = 60.00%]
2026-03-27 03:01:29 +0100: Memory Usage (444780K) : 
2026-03-27 03:01:29 +0100: Memory Usage (444780K) : Metal5     Area      = 2626.53 µm²
2026-03-27 03:01:29 +0100: Memory Usage (444780K) : Metal5     Density % = 73.36%  [Min = 35.00%,  Max = 60.00%]
2026-03-27 03:01:29 +0100: Memory Usage (444780K) : 
2026-03-27 03:01:29 +0100: Memory Usage (444780K) : TopMetal1  Area      = 2437.69 µm²
2026-03-27 03:01:29 +0100: Memory Usage (444780K) : TopMetal1  Density % = 68.09%  [Min = 25.00%,  Max = 70.00%]
2026-03-27 03:01:29 +0100: Memory Usage (444780K) : 
2026-03-27 03:01:29 +0100: Memory Usage (444780K) : TopMetal2  Area      = 11.17 µm²
2026-03-27 03:01:29 +0100: Memory Usage (444780K) : TopMetal2  Density % =  0.31%  [Min = 25.00%,  Max = 70.00%]
2026-03-27 03:01:29 +0100: Memory Usage (444780K) : 
2026-03-27 03:01:29 +0100: Memory Usage (444780K) : LBE        Area      =  0.00 µm²
2026-03-27 03:01:29 +0100: Memory Usage (444780K) : LBE        Density % =  0.00%  [Max = 70.00%]
2026-03-27 03:01:29 +0100: Memory Usage (444780K) : 
2026-03-27 03:01:29 +0100: Memory Usage (444780K) : KLayout DRC run for density table completed in 0.82 seconds
